0.000100     4.073070e+02
0.000126     5.099756e+02
0.000158     6.369804e+02
0.000200     7.955386e+02
0.000251     9.934175e+02
0.000316     1.240231e+03
0.000398     1.547818e+03
0.000501     1.930649e+03
0.000631     2.406215e+03
0.000794     2.995302e+03
0.001000     3.722000e+03
0.001259     4.613187e+03
0.001585     5.697129e+03
0.001995     7.000734e+03
0.002512     8.545005e+03
0.003162     1.033840e+04
0.003981     1.236813e+04
0.005012     1.458993e+04
0.006310     1.691741e+04
0.007943     1.921165e+04
0.010000     2.127147e+04
0.012589     2.282395e+04
0.015849     2.352131e+04
0.019953     2.298464e+04
0.025119     2.100436e+04
0.031623     1.792326e+04
0.039811     1.469758e+04
0.050119     1.219480e+04
0.063096     1.045859e+04
0.079433     8.247422e+03
0.100000     5.494951e+03
