0.000100     7.345971e+04     9.578152e+01     7.336393e+04     4.073070e+02
0.000102     7.346186e+04     9.793108e+01     7.336393e+04     4.164479e+02
0.000105     7.346430e+04     1.003756e+02     7.336393e+04     4.268432e+02
0.000107     7.346656e+04     1.026335e+02     7.336393e+04     4.364447e+02
0.000110     7.346887e+04     1.049421e+02     7.336393e+04     4.462621e+02
0.000112     7.347123e+04     1.073026e+02     7.336392e+04     4.562999e+02
0.000115     7.347364e+04     1.097161e+02     7.336392e+04     4.665634e+02
0.000117     7.347610e+04     1.121839e+02     7.336392e+04     4.770574e+02
0.000120     7.347863e+04     1.147071e+02     7.336392e+04     4.877873e+02
0.000123     7.348120e+04     1.172870e+02     7.336392e+04     4.987583e+02
0.000126     7.348384e+04     1.199249e+02     7.336392e+04     5.099756e+02
0.000129     7.348654e+04     1.226220e+02     7.336391e+04     5.214449e+02
0.000132     7.348929e+04     1.253796e+02     7.336391e+04     5.331720e+02
0.000135     7.349211e+04     1.281993e+02     7.336391e+04     5.451623e+02
0.000138     7.349499e+04     1.310822e+02     7.336391e+04     5.574218e+02
0.000141     7.349793e+04     1.340299e+02     7.336390e+04     5.699567e+02
0.000145     7.350095e+04     1.370437e+02     7.336390e+04     5.827730e+02
0.000148     7.350403e+04     1.401252e+02     7.336390e+04     5.958771e+02
0.000151     7.350717e+04     1.432759e+02     7.336390e+04     6.092752e+02
0.000155     7.351039e+04     1.464973e+02     7.336389e+04     6.229743e+02
0.000158     7.351368e+04     1.497910e+02     7.336389e+04     6.369804e+02
0.000162     7.351705e+04     1.531586e+02     7.336389e+04     6.513011e+02
0.000166     7.352049e+04     1.566018e+02     7.336389e+04     6.659430e+02
0.000170     7.352400e+04     1.601222e+02     7.336388e+04     6.809135e+02
0.000174     7.352760e+04     1.637216e+02     7.336388e+04     6.962197e+02
0.000178     7.353128e+04     1.674016e+02     7.336387e+04     7.118692e+02
0.000182     7.353503e+04     1.711642e+02     7.336387e+04     7.278694e+02
0.000186     7.353888e+04     1.750112e+02     7.336387e+04     7.442285e+02
0.000191     7.354281e+04     1.789444e+02     7.336386e+04     7.609543e+02
0.000195     7.354682e+04     1.829657e+02     7.336386e+04     7.780548e+02
0.000200     7.355093e+04     1.870771e+02     7.336385e+04     7.955386e+02
0.000204     7.355513e+04     1.912807e+02     7.336385e+04     8.134141e+02
0.000209     7.355942e+04     1.955784e+02     7.336384e+04     8.316900e+02
0.000214     7.356381e+04     1.999723e+02     7.336384e+04     8.503750e+02
0.000219     7.356830e+04     2.044646e+02     7.336383e+04     8.694786e+02
0.000224     7.357288e+04     2.090575e+02     7.336383e+04     8.890097e+02
0.000229     7.357757e+04     2.137531e+02     7.336382e+04     9.089778e+02
0.000234     7.358237e+04     2.185538e+02     7.336381e+04     9.293927e+02
0.000240     7.358727e+04     2.234619e+02     7.336381e+04     9.502642e+02
0.000245     7.359228e+04     2.284797e+02     7.336380e+04     9.716024e+02
0.000251     7.359740e+04     2.336097e+02     7.336379e+04     9.934175e+02
0.000257     7.360264e+04     2.388544e+02     7.336379e+04     1.015720e+03
0.000263     7.360799e+04     2.442161e+02     7.336378e+04     1.038521e+03
0.000269     7.361347e+04     2.496977e+02     7.336377e+04     1.061831e+03
0.000275     7.361906e+04     2.553016e+02     7.336376e+04     1.085662e+03
0.000282     7.362478e+04     2.610305e+02     7.336375e+04     1.110024e+03
0.000288     7.363063e+04     2.668873e+02     7.336374e+04     1.134930e+03
0.000295     7.363661e+04     2.728746e+02     7.336373e+04     1.160391e+03
0.000302     7.364272e+04     2.789955e+02     7.336372e+04     1.186420e+03
0.000309     7.364896e+04     2.852528e+02     7.336371e+04     1.213029e+03
0.000316     7.365535e+04     2.916493e+02     7.336370e+04     1.240231e+03
0.000324     7.366187e+04     2.981883e+02     7.336369e+04     1.268038e+03
0.000331     7.366855e+04     3.048728e+02     7.336367e+04     1.296464e+03
0.000339     7.367536e+04     3.117060e+02     7.336366e+04     1.325522e+03
0.000347     7.368234e+04     3.186910e+02     7.336364e+04     1.355226e+03
0.000355     7.368946e+04     3.258312e+02     7.336363e+04     1.385589e+03
0.000363     7.369674e+04     3.331300e+02     7.336361e+04     1.416628e+03
0.000372     7.370419e+04     3.405907e+02     7.336360e+04     1.448354e+03
0.000380     7.371180e+04     3.482169e+02     7.336358e+04     1.480785e+03
0.000389     7.371958e+04     3.560120e+02     7.336356e+04     1.513934e+03
0.000398     7.372753e+04     3.639799e+02     7.336355e+04     1.547818e+03
0.000407     7.373565e+04     3.721241e+02     7.336353e+04     1.582451e+03
0.000417     7.374395e+04     3.804484e+02     7.336351e+04     1.617851e+03
0.000427     7.375244e+04     3.889566e+02     7.336348e+04     1.654032e+03
0.000437     7.376112e+04     3.976527e+02     7.336346e+04     1.691013e+03
0.000447     7.376998e+04     4.065408e+02     7.336344e+04     1.728810e+03
0.000457     7.377904e+04     4.156246e+02     7.336341e+04     1.767439e+03
0.000468     7.378830e+04     4.249087e+02     7.336339e+04     1.806920e+03
0.000479     7.379776e+04     4.343970e+02     7.336336e+04     1.847270e+03
0.000490     7.380743e+04     4.440939e+02     7.336333e+04     1.888507e+03
0.000501     7.381731e+04     4.540038e+02     7.336331e+04     1.930649e+03
0.000513     7.382741e+04     4.641311e+02     7.336327e+04     1.973716e+03
0.000525     7.383772e+04     4.744802e+02     7.336324e+04     2.017727e+03
0.000537     7.384826e+04     4.850561e+02     7.336321e+04     2.062701e+03
0.000550     7.385904e+04     4.958630e+02     7.336317e+04     2.108659e+03
0.000562     7.387004e+04     5.069060e+02     7.336314e+04     2.155620e+03
0.000575     7.388129e+04     5.181897e+02     7.336310e+04     2.203606e+03
0.000589     7.389278e+04     5.297193e+02     7.336306e+04     2.252637e+03
0.000603     7.390451e+04     5.414997e+02     7.336302e+04     2.302734e+03
0.000617     7.391651e+04     5.535359e+02     7.336297e+04     2.353919e+03
0.000631     7.392876e+04     5.658330e+02     7.336292e+04     2.406215e+03
0.000646     7.394127e+04     5.783966e+02     7.336288e+04     2.459643e+03
0.000661     7.395406e+04     5.912317e+02     7.336282e+04     2.514226e+03
0.000676     7.396711e+04     6.043437e+02     7.336277e+04     2.569987e+03
0.000692     7.398045e+04     6.177382e+02     7.336272e+04     2.626950e+03
0.000708     7.399408e+04     6.314208e+02     7.336266e+04     2.685138e+03
0.000724     7.400799e+04     6.453969e+02     7.336260e+04     2.744574e+03
0.000741     7.402220e+04     6.596727e+02     7.336253e+04     2.805285e+03
0.000759     7.403672e+04     6.742533e+02     7.336246e+04     2.867292e+03
0.000776     7.405154e+04     6.891451e+02     7.336239e+04     2.930623e+03
0.000794     7.406667e+04     7.043540e+02     7.336232e+04     2.995302e+03
0.000813     7.408213e+04     7.198857e+02     7.336224e+04     3.061355e+03
0.000832     7.409791e+04     7.357465e+02     7.336216e+04     3.128807e+03
0.000851     7.411402e+04     7.519424e+02     7.336208e+04     3.197685e+03
0.000871     7.413047e+04     7.684798e+02     7.336199e+04     3.268015e+03
0.000891     7.414726e+04     7.853647e+02     7.336190e+04     3.339824e+03
0.000912     7.416440e+04     8.026036e+02     7.336180e+04     3.413138e+03
0.000933     7.418190e+04     8.202030e+02     7.336170e+04     3.487986e+03
0.000955     7.419976e+04     8.381690e+02     7.336159e+04     3.564393e+03
0.000977     7.421799e+04     8.565086e+02     7.336148e+04     3.642389e+03
0.001000     7.423659e+04     8.752277e+02     7.336136e+04     3.722000e+03
0.001023     7.425557e+04     8.943331e+02     7.336124e+04     3.803254e+03
0.001047     7.427494e+04     9.138316e+02     7.336111e+04     3.886181e+03
0.001072     7.429471e+04     9.337298e+02     7.336098e+04     3.970807e+03
0.001096     7.431487e+04     9.540342e+02     7.336084e+04     4.057162e+03
0.001122     7.433544e+04     9.747517e+02     7.336069e+04     4.145274e+03
0.001148     7.435643e+04     9.958886e+02     7.336054e+04     4.235171e+03
0.001175     7.437783e+04     1.017452e+03     7.336038e+04     4.326883e+03
0.001202     7.439966e+04     1.039449e+03     7.336021e+04     4.420437e+03
0.001230     7.442192e+04     1.061885e+03     7.336003e+04     4.515863e+03
0.001259     7.444461e+04     1.084768e+03     7.335985e+04     4.613187e+03
0.001288     7.446776e+04     1.108104e+03     7.335965e+04     4.712441e+03
0.001318     7.449135e+04     1.131900e+03     7.335945e+04     4.813652e+03
0.001349     7.451540e+04     1.156162e+03     7.335924e+04     4.916847e+03
0.001380     7.453991e+04     1.180898e+03     7.335902e+04     5.022057e+03
0.001413     7.456490e+04     1.206113e+03     7.335878e+04     5.129307e+03
0.001445     7.459035e+04     1.231815e+03     7.335854e+04     5.238626e+03
0.001479     7.461629e+04     1.258008e+03     7.335828e+04     5.350041e+03
0.001514     7.464272e+04     1.284701e+03     7.335802e+04     5.463579e+03
0.001549     7.466964e+04     1.311899e+03     7.335774e+04     5.579267e+03
0.001585     7.469705e+04     1.339607e+03     7.335744e+04     5.697129e+03
0.001622     7.472497e+04     1.367833e+03     7.335714e+04     5.817194e+03
0.001660     7.475340e+04     1.396582e+03     7.335681e+04     5.939485e+03
0.001698     7.478234e+04     1.425860e+03     7.335648e+04     6.064027e+03
0.001738     7.481180e+04     1.455672e+03     7.335613e+04     6.190842e+03
0.001778     7.484178e+04     1.486023e+03     7.335576e+04     6.319955e+03
0.001820     7.487229e+04     1.516919e+03     7.335537e+04     6.451388e+03
0.001862     7.490333e+04     1.548365e+03     7.335497e+04     6.585163e+03
0.001905     7.493491e+04     1.580366e+03     7.335454e+04     6.721300e+03
0.001950     7.496702e+04     1.612925e+03     7.335410e+04     6.859817e+03
0.001995     7.499968e+04     1.646048e+03     7.335363e+04     7.000734e+03
0.002042     7.503289e+04     1.679738e+03     7.335315e+04     7.144069e+03
0.002089     7.506664e+04     1.713999e+03     7.335264e+04     7.289833e+03
0.002138     7.510094e+04     1.748835e+03     7.335211e+04     7.438048e+03
0.002188     7.513579e+04     1.784248e+03     7.335155e+04     7.588723e+03
0.002239     7.517120e+04     1.820242e+03     7.335096e+04     7.741872e+03
0.002291     7.520717e+04     1.856817e+03     7.335035e+04     7.897502e+03
0.002344     7.524369e+04     1.893978e+03     7.334971e+04     8.055625e+03
0.002399     7.528076e+04     1.931725e+03     7.334904e+04     8.216247e+03
0.002455     7.531839e+04     1.970058e+03     7.334833e+04     8.379373e+03
0.002512     7.535658e+04     2.008980e+03     7.334760e+04     8.545005e+03
0.002570     7.539532e+04     2.048489e+03     7.334683e+04     8.713147e+03
0.002630     7.543461e+04     2.088586e+03     7.334602e+04     8.883797e+03
0.002692     7.547445e+04     2.129270e+03     7.334518e+04     9.056951e+03
0.002754     7.551483e+04     2.170540e+03     7.334429e+04     9.232604e+03
0.002818     7.555576e+04     2.212393e+03     7.334336e+04     9.410751e+03
0.002884     7.559722e+04     2.254828e+03     7.334239e+04     9.591378e+03
0.002951     7.563922e+04     2.297839e+03     7.334138e+04     9.774472e+03
0.003020     7.568174e+04     2.341426e+03     7.334031e+04     9.960023e+03
0.003090     7.572478e+04     2.385581e+03     7.333920e+04     1.014801e+04
0.003162     7.576833e+04     2.430301e+03     7.333803e+04     1.033840e+04
0.003236     7.581239e+04     2.475578e+03     7.333681e+04     1.053119e+04
0.003311     7.585694e+04     2.521408e+03     7.333553e+04     1.072634e+04
0.003388     7.590198e+04     2.567782e+03     7.333419e+04     1.092382e+04
0.003467     7.594748e+04     2.614692e+03     7.333279e+04     1.112359e+04
0.003548     7.599345e+04     2.662129e+03     7.333132e+04     1.132563e+04
0.003631     7.603987e+04     2.710082e+03     7.332979e+04     1.152988e+04
0.003715     7.608672e+04     2.758542e+03     7.332818e+04     1.173631e+04
0.003802     7.613399e+04     2.807497e+03     7.332649e+04     1.194486e+04
0.003890     7.618166e+04     2.856934e+03     7.332473e+04     1.215549e+04
0.003981     7.622972e+04     2.906837e+03     7.332288e+04     1.236813e+04
0.004074     7.627814e+04     2.957196e+03     7.332095e+04     1.258273e+04
0.004169     7.632691e+04     3.007992e+03     7.331892e+04     1.279922e+04
0.004266     7.637601e+04     3.059209e+03     7.331680e+04     1.301752e+04
0.004365     7.642541e+04     3.110830e+03     7.331458e+04     1.323758e+04
0.004467     7.647509e+04     3.162836e+03     7.331225e+04     1.345931e+04
0.004571     7.652502e+04     3.215206e+03     7.330982e+04     1.368263e+04
0.004677     7.657519e+04     3.267921e+03     7.330727e+04     1.390744e+04
0.004786     7.662556e+04     3.320957e+03     7.330460e+04     1.413366e+04
0.004898     7.667610e+04     3.374291e+03     7.330180e+04     1.436120e+04
0.005012     7.672678e+04     3.427899e+03     7.329888e+04     1.458993e+04
0.005129     7.677757e+04     3.481754e+03     7.329581e+04     1.481978e+04
0.005248     7.682844e+04     3.535830e+03     7.329261e+04     1.505061e+04
0.005370     7.687934e+04     3.590098e+03     7.328925e+04     1.528230e+04
0.005495     7.693026e+04     3.644528e+03     7.328573e+04     1.551474e+04
0.005623     7.698114e+04     3.699089e+03     7.328205e+04     1.574780e+04
0.005754     7.703194e+04     3.753749e+03     7.327819e+04     1.598134e+04
0.005888     7.708263e+04     3.808474e+03     7.327415e+04     1.621522e+04
0.006026     7.713316e+04     3.863229e+03     7.326993e+04     1.644930e+04
0.006166     7.718348e+04     3.917976e+03     7.326550e+04     1.668341e+04
0.006310     7.723355e+04     3.972678e+03     7.326087e+04     1.691741e+04
0.006457     7.728331e+04     4.027294e+03     7.325602e+04     1.715113e+04
0.006607     7.733272e+04     4.081785e+03     7.325094e+04     1.738440e+04
0.006761     7.738173e+04     4.136107e+03     7.324562e+04     1.761704e+04
0.006918     7.743027e+04     4.190216e+03     7.324006e+04     1.784886e+04
0.007079     7.747829e+04     4.244067e+03     7.323423e+04     1.807969e+04
0.007244     7.752574e+04     4.297611e+03     7.322813e+04     1.830931e+04
0.007413     7.757254e+04     4.350801e+03     7.322174e+04     1.853753e+04
0.007586     7.761863e+04     4.403584e+03     7.321505e+04     1.876414e+04
0.007762     7.766396e+04     4.455910e+03     7.320805e+04     1.898892e+04
0.007943     7.770844e+04     4.507723e+03     7.320072e+04     1.921165e+04
0.008128     7.775201e+04     4.558968e+03     7.319304e+04     1.943209e+04
0.008318     7.779459e+04     4.609587e+03     7.318501e+04     1.965000e+04
0.008511     7.783612e+04     4.659522e+03     7.317660e+04     1.986515e+04
0.008710     7.787650e+04     4.708713e+03     7.316779e+04     2.007728e+04
0.008913     7.791567e+04     4.757094e+03     7.315857e+04     2.028613e+04
0.009120     7.795352e+04     4.804601e+03     7.314892e+04     2.049142e+04
0.009333     7.798999e+04     4.851169e+03     7.313882e+04     2.069289e+04
0.009550     7.802498e+04     4.896731e+03     7.312825e+04     2.089026e+04
0.009772     7.805839e+04     4.941212e+03     7.311718e+04     2.108321e+04
0.010000     7.809013e+04     4.984544e+03     7.310559e+04     2.127147e+04
0.010233     7.812011e+04     5.026651e+03     7.309346e+04     2.145473e+04
0.010471     7.814822e+04     5.067456e+03     7.308076e+04     2.163265e+04
0.010715     7.817436e+04     5.106885e+03     7.306747e+04     2.180493e+04
0.010965     7.819841e+04     5.144854e+03     7.305356e+04     2.197123e+04
0.011220     7.822028e+04     5.181284e+03     7.303900e+04     2.213122e+04
0.011482     7.823985e+04     5.216088e+03     7.302376e+04     2.228453e+04
0.011749     7.825699e+04     5.249186e+03     7.300781e+04     2.243083e+04
0.012023     7.827160e+04     5.280486e+03     7.299111e+04     2.256974e+04
0.012303     7.828354e+04     5.309904e+03     7.297364e+04     2.270092e+04
0.012589     7.829270e+04     5.337345e+03     7.295535e+04     2.282395e+04
0.012882     7.829893e+04     5.362722e+03     7.293621e+04     2.293849e+04
0.013183     7.830212e+04     5.385939e+03     7.291618e+04     2.304412e+04
0.013490     7.830212e+04     5.406901e+03     7.289522e+04     2.314047e+04
0.013804     7.829880e+04     5.425517e+03     7.287328e+04     2.322713e+04
0.014125     7.829201e+04     5.441687e+03     7.285033e+04     2.330370e+04
0.014454     7.828163e+04     5.455321e+03     7.282631e+04     2.336979e+04
0.014791     7.826749e+04     5.466319e+03     7.280117e+04     2.342499e+04
0.015136     7.824946e+04     5.474588e+03     7.277487e+04     2.346890e+04
0.015488     7.822739e+04     5.480037e+03     7.274735e+04     2.350114e+04
0.015849     7.820113e+04     5.482568e+03     7.271856e+04     2.352131e+04
0.016218     7.817053e+04     5.482094e+03     7.268843e+04     2.352902e+04
0.016596     7.813545e+04     5.478531e+03     7.265692e+04     2.352393e+04
0.016982     7.809574e+04     5.471794e+03     7.262395e+04     2.350567e+04
0.017378     7.805126e+04     5.461805e+03     7.258946e+04     2.347390e+04
0.017783     7.800187e+04     5.448490e+03     7.255338e+04     2.342833e+04
0.018197     7.794743e+04     5.431788e+03     7.251564e+04     2.336866e+04
0.018621     7.788780e+04     5.411635e+03     7.247616e+04     2.329464e+04
0.019055     7.782287e+04     5.387989e+03     7.243488e+04     2.320607e+04
0.019498     7.775251e+04     5.360810e+03     7.239170e+04     2.310279e+04
0.019953     7.767661e+04     5.330069e+03     7.234654e+04     2.298464e+04
0.020417     7.759507e+04     5.295754e+03     7.229932e+04     2.285158e+04
0.020893     7.750781e+04     5.257864e+03     7.224994e+04     2.270359e+04
0.021380     7.741473e+04     5.216417e+03     7.219831e+04     2.254073e+04
0.021878     7.731577e+04     5.171443e+03     7.214433e+04     2.236311e+04
0.022387     7.721089e+04     5.122994e+03     7.208790e+04     2.217095e+04
0.022909     7.710004e+04     5.071138e+03     7.202890e+04     2.196450e+04
0.023442     7.698320e+04     5.015961e+03     7.196723e+04     2.174413e+04
0.023988     7.686036e+04     4.957575e+03     7.190278e+04     2.151030e+04
0.024547     7.673152e+04     4.896102e+03     7.183542e+04     2.126349e+04
0.025119     7.659671e+04     4.831695e+03     7.176502e+04     2.100436e+04
0.025704     7.645598e+04     4.764518e+03     7.169146e+04     2.073358e+04
0.026303     7.630936e+04     4.694757e+03     7.161460e+04     2.045193e+04
0.026915     7.615692e+04     4.622619e+03     7.153430e+04     2.016027e+04
0.027542     7.599875e+04     4.548322e+03     7.145043e+04     1.985954e+04
0.028184     7.583492e+04     4.472102e+03     7.136281e+04     1.955071e+04
0.028840     7.566552e+04     4.394208e+03     7.127131e+04     1.923484e+04
0.029512     7.549066e+04     4.314896e+03     7.117576e+04     1.891302e+04
0.030200     7.531043e+04     4.234431e+03     7.107600e+04     1.858638e+04
0.030903     7.512493e+04     4.153084e+03     7.097184e+04     1.825607e+04
0.031623     7.493424e+04     4.071127e+03     7.086312e+04     1.792326e+04
0.032359     7.473847e+04     3.988828e+03     7.074964e+04     1.758911e+04
0.033113     7.453768e+04     3.906455e+03     7.063123e+04     1.725475e+04
0.033884     7.433194e+04     3.824266e+03     7.050768e+04     1.692133e+04
0.034674     7.412129e+04     3.742511e+03     7.037878e+04     1.658991e+04
0.035481     7.390577e+04     3.661427e+03     7.024434e+04     1.626154e+04
0.036308     7.368538e+04     3.581240e+03     7.010414e+04     1.593722e+04
0.037154     7.346011e+04     3.502156e+03     6.995796e+04     1.561784e+04
0.038019     7.322993e+04     3.424365e+03     6.980556e+04     1.530427e+04
0.038905     7.299477e+04     3.348041e+03     6.964673e+04     1.499729e+04
0.039811     7.275456e+04     3.273337e+03     6.948122e+04     1.469758e+04
0.040738     7.250918e+04     3.200388e+03     6.930879e+04     1.440579e+04
0.041687     7.225850e+04     3.129310e+03     6.912919e+04     1.412245e+04
0.042658     7.200235e+04     3.060193e+03     6.894216e+04     1.384799e+04
0.043652     7.174056e+04     2.993114e+03     6.874745e+04     1.358280e+04
0.044668     7.147291e+04     2.928124e+03     6.854479e+04     1.332716e+04
0.045709     7.119916e+04     2.865250e+03     6.833391e+04     1.308124e+04
0.046774     7.091904e+04     2.804502e+03     6.811454e+04     1.284513e+04
0.047863     7.063226e+04     2.745860e+03     6.788640e+04     1.261881e+04
0.048978     7.033850e+04     2.689280e+03     6.764922e+04     1.240212e+04
0.050119     7.003740e+04     2.634689e+03     6.740271e+04     1.219480e+04
0.051286     6.972856e+04     2.581983e+03     6.714658e+04     1.199643e+04
0.052481     6.941157e+04     2.531024e+03     6.688055e+04     1.180644e+04
0.053703     6.908597e+04     2.481639e+03     6.660433e+04     1.162409e+04
0.054954     6.875126e+04     2.433620e+03     6.631764e+04     1.144844e+04
0.056234     6.840690e+04     2.386715e+03     6.602018e+04     1.127838e+04
0.057544     6.805232e+04     2.340638e+03     6.571168e+04     1.111257e+04
0.058884     6.768691e+04     2.295063e+03     6.539184e+04     1.094949e+04
0.060256     6.731003e+04     2.249631e+03     6.506040e+04     1.078741e+04
0.061660     6.692103e+04     2.203955e+03     6.471708e+04     1.062445e+04
0.063096     6.651923e+04     2.157631e+03     6.436160e+04     1.045859e+04
0.064565     6.610396e+04     2.110247e+03     6.399371e+04     1.028771e+04
0.066069     6.567456e+04     2.061399e+03     6.361316e+04     1.010969e+04
0.067608     6.523041e+04     2.010713e+03     6.321970e+04     9.922483e+03
0.069183     6.477096e+04     1.957861e+03     6.281310e+04     9.724209e+03
0.070795     6.429573e+04     1.902583e+03     6.239315e+04     9.513264e+03
0.072444     6.380435e+04     1.844720e+03     6.195963e+04     9.288472e+03
0.074131     6.329659e+04     1.784219e+03     6.151237e+04     9.049163e+03
0.075858     6.277235e+04     1.721164e+03     6.105118e+04     8.795305e+03
0.077625     6.223171e+04     1.655781e+03     6.057593e+04     8.527577e+03
0.079433     6.167492e+04     1.588445e+03     6.008647e+04     8.247422e+03
0.081283     6.110238e+04     1.519675e+03     5.958270e+04     7.957071e+03
0.083176     6.051466e+04     1.450117e+03     5.906454e+04     7.659471e+03
0.085114     5.991245e+04     1.380521e+03     5.853193e+04     7.358223e+03
0.087096     5.929654e+04     1.311705e+03     5.798484e+04     7.057393e+03
0.089125     5.866777e+04     1.244509e+03     5.742326e+04     6.761344e+03
0.091201     5.802699e+04     1.179755e+03     5.684724e+04     6.474486e+03
0.093325     5.737501e+04     1.118192e+03     5.625681e+04     6.201031e+03
0.095499     5.671255e+04     1.060452e+03     5.565210e+04     5.944733e+03
0.097724     5.604023e+04     1.007015e+03     5.503322e+04     5.708655e+03
0.100000     5.535850e+04     9.581702e+02     5.440033e+04     5.494951e+03
0.102329     5.466765e+04     9.139975e+02     5.375365e+04     5.304687e+03
0.104713     5.396778e+04     8.743609e+02     5.309342e+04     5.137748e+03
0.107152     5.325880e+04     8.389048e+02     5.241990e+04     4.992743e+03
0.109648     5.254050e+04     8.070724e+02     5.173342e+04     4.867030e+03
0.112202     5.181248e+04     7.781344e+02     5.103434e+04     4.756799e+03
0.114815     5.107428e+04     7.512301e+02     5.032305e+04     4.657241e+03
0.117490     5.032542e+04     7.254316e+02     4.959999e+04     4.562865e+03
0.120226     4.956544e+04     6.998170e+02     4.886563e+04     4.467903e+03
0.123027     4.879403e+04     6.735558e+02     4.812047e+04     4.366831e+03
0.125893     4.801107e+04     6.459979e+02     4.736507e+04     4.254962e+03
0.128825     4.721676e+04     6.167520e+02     4.660001e+04     4.129023e+03
0.131826     4.641164e+04     5.857414e+02     4.582590e+04     3.987656e+03
0.134896     4.559661e+04     5.532195e+02     4.504339e+04     3.831679e+03
0.138038     4.477292e+04     5.197420e+02     4.425317e+04     3.664090e+03
0.141254     4.394203e+04     4.860933e+02     4.345594e+04     3.489741e+03
0.144544     4.310561e+04     4.531747e+02     4.265243e+04     3.314703e+03
0.147911     4.226528e+04     4.218778e+02     4.184340e+04     3.145447e+03
0.151356     4.142259e+04     3.929593e+02     4.102963e+04     2.987946e+03
0.154882     4.057885e+04     3.669424e+02     4.021190e+04     2.846859e+03
0.158489     3.973509e+04     3.440520e+02     3.939104e+04     2.724892e+03
0.162181     3.889204e+04     3.241956e+02     3.856785e+04     2.622433e+03
0.165959     3.805015e+04     3.069861e+02     3.774317e+04     2.537483e+03
0.169824     3.720962e+04     2.918024e+02     3.691782e+04     2.465900e+03
0.173780     3.637053e+04     2.778861e+02     3.609265e+04     2.401988e+03
0.177828     3.553294e+04     2.644642e+02     3.526847e+04     2.339392e+03
0.181970     3.469701e+04     2.508832e+02     3.444613e+04     2.272238e+03
0.186209     3.386316e+04     2.367292e+02     3.362643e+04     2.196311e+03
0.190546     3.303208e+04     2.219047e+02     3.281018e+04     2.109992e+03
0.194984     3.220480e+04     2.066325e+02     3.199817e+04     2.014634e+03
0.199526     3.138255e+04     1.913816e+02     3.119117e+04     1.914218e+03
0.204174     3.056666e+04     1.767317e+02     3.038993e+04     1.814294e+03
0.208930     2.975840e+04     1.632163e+02     2.959518e+04     1.720542e+03
0.213796     2.895881e+04     1.511886e+02     2.880762e+04     1.637323e+03
0.218776     2.816868e+04     1.407452e+02     2.802793e+04     1.566626e+03
0.223872     2.738847e+04     1.317207e+02     2.725675e+04     1.507657e+03
0.229087     2.661843e+04     1.237479e+02     2.649469e+04     1.457141e+03
0.234423     2.585869e+04     1.163687e+02     2.574232e+04     1.410299e+03
0.239883     2.510938e+04     1.091680e+02     2.500021e+04     1.362306e+03
0.245471     2.437073e+04     1.018923e+02     2.426884e+04     1.309830e+03
0.251189     2.364321e+04     9.451195e+01     2.354870e+04     1.252110e+03
0.257040     2.292742e+04     8.720024e+01     2.284022e+04     1.191078e+03
0.263027     2.222404e+04     8.023734e+01     2.214380e+04     1.130439e+03
0.269153     2.153368e+04     7.388187e+01     2.145979e+04     1.074076e+03
0.275423     2.085680e+04     6.826565e+01     2.078853e+04     1.024474e+03
0.281838     2.019365e+04     6.335221e+01     2.013030e+04     9.818256e+02
0.288403     1.954431e+04     5.896791e+01     1.948534e+04     9.441272e+02
0.295121     1.890876e+04     5.488704e+01     1.885387e+04     9.082219e+02
0.301995     1.828701e+04     5.093202e+01     1.823608e+04     8.713292e+02
0.309030     1.767913e+04     4.704152e+01     1.763209e+04     8.323389e+02
0.316228     1.708531e+04     4.327394e+01     1.704204e+04     7.921870e+02
0.323594     1.650573e+04     3.974782e+01     1.646598e+04     7.530925e+02
0.331131     1.594055e+04     3.655869e+01     1.590399e+04     7.171456e+02
0.338844     1.538979e+04     3.372223e+01     1.535606e+04     6.851082e+02
0.346737     1.485338e+04     3.117270e+01     1.482221e+04     6.561215e+02
0.354813     1.433119e+04     2.880981e+01     1.430238e+04     6.284269e+02
0.363078     1.382309e+04     2.655960e+01     1.379653e+04     6.005849e+02
0.371535     1.332897e+04     2.440889e+01     1.330456e+04     5.723613e+02
0.380189     1.284878e+04     2.239293e+01     1.282638e+04     5.446649e+02
0.389045     1.238242e+04     2.055177e+01     1.236186e+04     5.186663e+02
0.398107     1.192975e+04     1.889241e+01     1.191086e+04     4.948423e+02
0.407380     1.149060e+04     1.738402e+01     1.147321e+04     4.727024e+02
0.416869     1.106473e+04     1.598419e+01     1.104875e+04     4.513363e+02
0.426580     1.065194e+04     1.466903e+01     1.063727e+04     4.302236e+02
0.436516     1.025201e+04     1.344159e+01     1.023857e+04     4.095754e+02
0.446684     9.864762e+03     1.231498e+01     9.852447e+03     3.899530e+02
0.457088     9.489956e+03     1.129111e+01     9.478665e+03     3.716314e+02
0.467735     9.127348e+03     1.035570e+01     9.116992e+03     3.543649e+02
0.478630     8.776677e+03     9.490714e+00     8.767186e+03     3.377236e+02
0.489779     8.437686e+03     8.687707e+00     8.428998e+03     3.215525e+02
0.501187     8.110122e+03     7.947861e+00     8.102174e+03     3.060352e+02
0.512861     7.793727e+03     7.272081e+00     7.786455e+03     2.913679e+02
0.524807     7.488233e+03     6.654637e+00     7.481578e+03     2.774942e+02
0.537032     7.193365e+03     6.086787e+00     7.187279e+03     2.642082e+02
0.549541     6.908853e+03     5.563257e+00     6.903290e+03     2.514176e+02
0.562341     6.634427e+03     5.082788e+00     6.629344e+03     2.391962e+02
0.575440     6.369818e+03     4.643741e+00     6.365174e+03     2.276043e+02
0.588844     6.114753e+03     4.241951e+00     6.110511e+03     2.165763e+02
0.602560     5.868962e+03     3.873081e+00     5.865089e+03     2.060178e+02
0.616595     5.632178e+03     3.534752e+00     5.628644e+03     1.959196e+02
0.630957     5.404138e+03     3.225444e+00     5.400912e+03     1.863138e+02
0.645654     5.184577e+03     2.942744e+00     5.181634e+03     1.771774e+02
0.660693     4.973237e+03     2.683868e+00     4.970553e+03     1.684532e+02
0.676083     4.769862e+03     2.446899e+00     4.767415e+03     1.601238e+02
0.691831     4.574201e+03     2.230447e+00     4.571971e+03     1.521988e+02
0.707946     4.386007e+03     2.032745e+00     4.383974e+03     1.446564e+02
0.724436     4.205036e+03     1.851970e+00     4.203184e+03     1.374606e+02
0.741310     4.031050e+03     1.686821e+00     4.029363e+03     1.306037e+02
0.758578     3.863815e+03     1.536146e+00     3.862279e+03     1.240828e+02
0.776247     3.703104e+03     1.398585e+00     3.701706e+03     1.178717e+02
0.794328     3.548693e+03     1.272983e+00     3.547420e+03     1.119523e+02
0.812831     3.400364e+03     1.158458e+00     3.399206e+03     1.063226e+02
0.831764     3.257904e+03     1.054018e+00     3.256850e+03     1.009655e+02
0.851138     3.121106e+03     9.587391e-01     3.120148e+03     9.586234e+01
0.870964     2.989768e+03     8.719201e-01     2.988896e+03     9.100988e+01
0.891251     2.863694e+03     7.928086e-01     2.862901e+03     8.639424e+01
0.912011     2.742691e+03     7.206990e-01     2.741971e+03     8.200000e+01
0.933254     2.626575e+03     6.550427e-01     2.625920e+03     7.782351e+01
0.954993     2.515166e+03     5.952471e-01     2.514571e+03     7.385097e+01
0.977237     2.408288e+03     5.407951e-01     2.407747e+03     7.007203e+01
1.000000     2.305771e+03     4.912496e-01     2.305280e+03     6.648158e+01
1.023293     2.207451e+03     4.461476e-01     2.207005e+03     6.306638e+01
1.047129     2.113170e+03     4.051192e-01     2.112765e+03     5.982110e+01
1.071519     2.022772e+03     3.678002e-01     2.022404e+03     5.673705e+01
1.096478     1.936108e+03     3.338546e-01     1.935774e+03     5.380534e+01
1.122018     1.853035e+03     3.029980e-01     1.852732e+03     5.102112e+01
1.148154     1.773412e+03     2.749398e-01     1.773137e+03     4.837467e+01
1.174898     1.697105e+03     2.494447e-01     1.696855e+03     4.586192e+01
1.202264     1.623983e+03     2.262724e-01     1.623757e+03     4.347437e+01
1.230269     1.553922e+03     2.052236e-01     1.553716e+03     4.120768e+01
1.258925     1.486799e+03     1.861009e-01     1.486613e+03     3.905469e+01
1.288250     1.422498e+03     1.687362e-01     1.422329e+03     3.701101e+01
1.318257     1.360906e+03     1.529667e-01     1.360753e+03     3.507038e+01
1.348963     1.301914e+03     1.386521e-01     1.301775e+03     3.322869e+01
1.380384     1.245417e+03     1.256568e-01     1.245291e+03     3.148023e+01
1.412538     1.191315e+03     1.138648e-01     1.191201e+03     2.982136e+01
1.445440     1.139510e+03     1.031633e-01     1.139406e+03     2.824681e+01
1.479108     1.089908e+03     9.345555e-02     1.089815e+03     2.675317e+01
1.513561     1.042420e+03     8.464912e-02     1.042335e+03     2.533598e+01
1.548817     9.969590e+02     7.666218e-02     9.968823e+02     2.399164e+01
1.584893     9.534414e+02     6.941990e-02     9.533719e+02     2.271665e+01
1.621810     9.117870e+02     6.285309e-02     9.117242e+02     2.150730e+01
1.659587     8.719189e+02     5.690043e-02     8.718620e+02     2.036060e+01
1.698244     8.337629e+02     5.150495e-02     8.337114e+02     1.927330e+01
1.737801     7.972477e+02     4.661502e-02     7.972011e+02     1.824235e+01
1.778279     7.623050e+02     4.218431e-02     7.622628e+02     1.726509e+01
1.819701     7.288689e+02     3.817009e-02     7.288307e+02     1.633877e+01
1.862087     6.968764e+02     3.453359e-02     6.968419e+02     1.546074e+01
1.905461     6.662669e+02     3.123986e-02     6.662356e+02     1.462864e+01
1.949845     6.369820e+02     2.825707e-02     6.369538e+02     1.384019e+01
1.995262     6.089660e+02     2.555610e-02     6.089405e+02     1.309310e+01
2.041738     5.821652e+02     2.311065e-02     5.821421e+02     1.238528e+01
2.089296     5.565282e+02     2.089684e-02     5.565073e+02     1.171474e+01
2.137962     5.320055e+02     1.889305e-02     5.319866e+02     1.107960e+01
2.187762     5.085498e+02     1.707954e-02     5.085327e+02     1.047804e+01
2.238721     4.861157e+02     1.543846e-02     4.861002e+02     9.908339e+00
2.290868     4.646595e+02     1.395357e-02     4.646456e+02     9.368850e+00
2.344229     4.441396e+02     1.261018e-02     4.441270e+02     8.858025e+00
2.398833     4.245158e+02     1.139495e-02     4.245044e+02     8.374385e+00
2.454709     4.057497e+02     1.029577e-02     4.057394e+02     7.916522e+00
2.511886     3.878045e+02     9.301692e-03     3.877952e+02     7.483112e+00
2.570396     3.706450e+02     8.402760e-03     3.706366e+02     7.072881e+00
2.630268     3.542373e+02     7.589958e-03     3.542297e+02     6.684625e+00
2.691535     3.385490e+02     6.855118e-03     3.385422e+02     6.317203e+00
2.754229     3.235492e+02     6.190829e-03     3.235430e+02     5.969523e+00
2.818383     3.092079e+02     5.590386e-03     3.092023e+02     5.640555e+00
2.884032     2.954968e+02     5.047709e-03     2.954917e+02     5.329319e+00
2.951209     2.823885e+02     4.557292e-03     2.823840e+02     5.034885e+00
3.019952     2.698570e+02     4.114150e-03     2.698529e+02     4.756372e+00
3.090295     2.578771e+02     3.713768e-03     2.578734e+02     4.492943e+00
3.162278     2.464250e+02     3.352051e-03     2.464216e+02     4.243797e+00
3.235937     2.354776e+02     3.025300e-03     2.354746e+02     4.008179e+00
3.311311     2.250130e+02     2.730162e-03     2.250103e+02     3.785374e+00
3.388442     2.150102e+02     2.463611e-03     2.150077e+02     3.574709e+00
3.467369     2.054490e+02     2.222892e-03     2.054468e+02     3.375529e+00
3.548134     1.963101e+02     2.005527e-03     1.963081e+02     3.187228e+00
3.630781     1.875751e+02     1.809269e-03     1.875733e+02     3.009227e+00
3.715352     1.792263e+02     1.632083e-03     1.792247e+02     2.840973e+00
3.801894     1.712469e+02     1.472132e-03     1.712454e+02     2.681949e+00
3.890451     1.636205e+02     1.327750e-03     1.636192e+02     2.531657e+00
3.981072     1.563319e+02     1.197435e-03     1.563307e+02     2.389629e+00
4.073803     1.493661e+02     1.079826e-03     1.493650e+02     2.255421e+00
4.168694     1.427090e+02     9.736931e-04     1.427080e+02     2.128612e+00
4.265795     1.363470e+02     8.779256e-04     1.363461e+02     2.008805e+00
4.365158     1.302671e+02     7.915174e-04     1.302663e+02     1.895619e+00
4.466836     1.244570e+02     7.135608e-04     1.244563e+02     1.788697e+00
4.570882     1.189048e+02     6.432353e-04     1.189042e+02     1.687701e+00
4.677351     1.135991e+02     5.797986e-04     1.135985e+02     1.592309e+00
4.786301     1.085290e+02     5.225805e-04     1.085285e+02     1.502215e+00
4.897788     1.036842e+02     4.709757e-04     1.036838e+02     1.417133e+00
5.011872     9.905476e+01     4.244369e-04     9.905434e+01     1.336787e+00
5.128614     9.463112e+01     3.824702e-04     9.463073e+01     1.260922e+00
5.248075     9.040420e+01     3.446294e-04     9.040386e+01     1.189291e+00
5.370318     8.636533e+01     3.105115e-04     8.636502e+01     1.121663e+00
5.495409     8.250619e+01     2.797524e-04     8.250591e+01     1.057819e+00
5.623413     7.881884e+01     2.520235e-04     7.881858e+01     9.975509e-01
5.754399     7.529566e+01     2.270281e-04     7.529543e+01     9.406623e-01
5.888437     7.192940e+01     2.044985e-04     7.192919e+01     8.869675e-01
6.025596     6.871310e+01     1.841928e-04     6.871292e+01     8.362903e-01
6.165950     6.564012e+01     1.658928e-04     6.563996e+01     7.884644e-01
6.309573     6.270412e+01     1.494016e-04     6.270397e+01     7.433321e-01
6.456542     5.989901e+01     1.345412e-04     5.989888e+01     7.007442e-01
6.606934     5.721899e+01     1.211516e-04     5.721887e+01     6.605606e-01
6.760830     5.465851e+01     1.090879e-04     5.465840e+01     6.226477e-01
6.918310     5.221227e+01     9.821944e-05     5.221217e+01     5.868788e-01
7.079458     4.987518e+01     8.842859e-05     4.987510e+01     5.531357e-01
7.244360     4.764241e+01     7.960892e-05     4.764233e+01     5.213045e-01
7.413102     4.550932e+01     7.166478e-05     4.550925e+01     4.912798e-01
7.585776     4.347147e+01     6.450966e-05     4.347141e+01     4.629603e-01
7.762471     4.152463e+01     5.806555e-05     4.152458e+01     4.362506e-01
7.943282     3.966476e+01     5.226220e-05     3.966471e+01     4.110609e-01
8.128305     3.788798e+01     4.703623e-05     3.788793e+01     3.873061e-01
8.317638     3.619060e+01     4.233049e-05     3.619056e+01     3.649058e-01
8.511380     3.456908e+01     3.809343e-05     3.456904e+01     3.437839e-01
8.709636     3.302004e+01     3.427862e-05     3.302001e+01     3.238686e-01
8.912509     3.154026e+01     3.084415e-05     3.154023e+01     3.050919e-01
9.120108     3.012665e+01     2.775233e-05     3.012662e+01     2.873901e-01
9.332543     2.877626e+01     2.496911e-05     2.877624e+01     2.707022e-01
9.549926     2.748627e+01     2.246384e-05     2.748625e+01     2.549712e-01
9.772372     2.625400e+01     2.020888e-05     2.625398e+01     2.401429e-01
10.000000     2.507685e+01     1.817934e-05     2.507684e+01     2.261664e-01
10.232930     2.395239e+01     1.635279e-05     2.395237e+01     2.129934e-01
10.471285     2.287825e+01     1.470904e-05     2.287824e+01     2.005785e-01
10.715193     2.185220e+01     1.322984e-05     2.185218e+01     1.888785e-01
10.964782     2.087207e+01     1.189881e-05     2.087206e+01     1.778529e-01
11.220185     1.993583e+01     1.070117e-05     1.993582e+01     1.674633e-01
11.481536     1.904152e+01     9.623610e-06     1.904151e+01     1.576737e-01
11.748976     1.818726e+01     8.654137e-06     1.818725e+01     1.484498e-01
12.022644     1.737126e+01     7.781963e-06     1.737125e+01     1.397593e-01
12.302688     1.659181e+01     6.997353e-06     1.659180e+01     1.315718e-01
12.589254     1.584728e+01     6.291563e-06     1.584728e+01     1.238587e-01
12.882496     1.513611e+01     5.656697e-06     1.513611e+01     1.165927e-01
13.182567     1.445681e+01     5.085664e-06     1.445681e+01     1.097483e-01
13.489629     1.380796e+01     4.572070e-06     1.380795e+01     1.033014e-01
13.803843     1.318818e+01     4.110155e-06     1.318818e+01     9.722908e-02
14.125375     1.259619e+01     3.694741e-06     1.259618e+01     9.150984e-02
14.454398     1.203073e+01     3.321171e-06     1.203073e+01     8.612360e-02
14.791084     1.149062e+01     2.985240e-06     1.149062e+01     8.105103e-02
15.135612     1.097473e+01     2.683173e-06     1.097473e+01     7.627417e-02
15.488166     1.048198e+01     2.411567e-06     1.048198e+01     7.177596e-02
15.848932     1.001132e+01     2.167363e-06     1.001132e+01     6.754032e-02
16.218101     9.561770e+00     1.947805e-06     9.561768e+00     6.355211e-02
16.595869     9.132383e+00     1.750416e-06     9.132382e+00     5.979709e-02
16.982437     8.722258e+00     1.572965e-06     8.722256e+00     5.626172e-02
17.378008     8.330530e+00     1.413446e-06     8.330529e+00     5.293335e-02
17.782794     7.956377e+00     1.270052e-06     7.956376e+00     4.979997e-02
18.197009     7.599011e+00     1.141160e-06     7.599009e+00     4.685030e-02
18.620871     7.257679e+00     1.025308e-06     7.257678e+00     4.407369e-02
19.054607     6.931665e+00     9.211806e-07     6.931664e+00     4.146007e-02
19.498446     6.620281e+00     8.275960e-07     6.620280e+00     3.900001e-02
19.952623     6.322871e+00     7.434900e-07     6.322871e+00     3.668458e-02
20.417379     6.038810e+00     6.679053e-07     6.038810e+00     3.450534e-02
20.892961     5.767500e+00     5.999819e-07     5.767499e+00     3.245438e-02
21.379621     5.508368e+00     5.389459e-07     5.508367e+00     3.052425e-02
21.877616     5.260869e+00     4.841007e-07     5.260868e+00     2.870787e-02
22.387211     5.024481e+00     4.348209e-07     5.024480e+00     2.699865e-02
22.908677     4.798706e+00     3.905430e-07     4.798705e+00     2.539028e-02
23.442288     4.583068e+00     3.507611e-07     4.583067e+00     2.387690e-02
23.988329     4.377112e+00     3.150202e-07     4.377112e+00     2.245296e-02
24.547089     4.180405e+00     2.829109e-07     4.180405e+00     2.111320e-02
25.118864     3.992532e+00     2.540655e-07     3.992531e+00     1.985272e-02
25.703958     3.813095e+00     2.281530e-07     3.813095e+00     1.866686e-02
26.302680     3.641717e+00     2.048761e-07     3.641717e+00     1.755124e-02
26.915348     3.478037e+00     1.839677e-07     3.478037e+00     1.650175e-02
27.542287     3.321708e+00     1.651873e-07     3.321708e+00     1.551451e-02
28.183829     3.172401e+00     1.483191e-07     3.172401e+00     1.458585e-02
28.840315     3.029801e+00     1.331690e-07     3.029801e+00     1.371234e-02
29.512092     2.893607e+00     1.195623e-07     2.893607e+00     1.289073e-02
30.199517     2.763532e+00     1.073423e-07     2.763531e+00     1.211795e-02
30.902954     2.639300e+00     9.636806e-08     2.639300e+00     1.139114e-02
31.622777     2.520649e+00     8.651298e-08     2.520649e+00     1.070759e-02
32.359366     2.407330e+00     7.766321e-08     2.407330e+00     1.006474e-02
33.113112     2.299102e+00     6.971645e-08     2.299102e+00     9.460189e-03
33.884416     2.195737e+00     6.258084e-08     2.195737e+00     8.891681e-03
34.673685     2.097017e+00     5.617380e-08     2.097017e+00     8.357082e-03
35.481339     2.002733e+00     5.042112e-08     2.002733e+00     7.854386e-03
36.307805     1.912686e+00     4.525614e-08     1.912686e+00     7.381704e-03
37.153523     1.826685e+00     4.061901e-08     1.826685e+00     6.937267e-03
38.018940     1.744550e+00     3.645588e-08     1.744550e+00     6.519390e-03
38.904514     1.666106e+00     3.271845e-08     1.666106e+00     6.126505e-03
39.810717     1.591187e+00     2.936329e-08     1.591187e+00     5.757130e-03
40.738028     1.519636e+00     2.635140e-08     1.519636e+00     5.409868e-03
41.686938     1.451301e+00     2.364774e-08     1.451301e+00     5.083407e-03
42.657952     1.386038e+00     2.122085e-08     1.386038e+00     4.776506e-03
43.651583     1.323708e+00     1.904247e-08     1.323708e+00     4.488010e-03
44.668359     1.264180e+00     1.708721e-08     1.264180e+00     4.216818e-03
45.708819     1.207328e+00     1.533227e-08     1.207328e+00     3.961905e-03
46.773514     1.153031e+00     1.375718e-08     1.153031e+00     3.722297e-03
47.863009     1.101176e+00     1.234355e-08     1.101176e+00     3.497084e-03
48.977882     1.051652e+00     1.107486e-08     1.051652e+00     3.285406e-03
50.118723     1.004354e+00     9.936293e-09     1.004354e+00     3.086457e-03
51.286138     9.591827e-01     8.914532e-09     9.591827e-01     2.899479e-03
52.480746     9.160423e-01     7.997621e-09     9.160423e-01     2.723755e-03
53.703180     8.748416e-01     7.174819e-09     8.748416e-01     2.558611e-03
54.954087     8.354933e-01     6.436498e-09     8.354933e-01     2.403418e-03
56.234133     7.979142e-01     5.773994e-09     7.979142e-01     2.257579e-03
57.543994     7.620248e-01     5.179543e-09     7.620248e-01     2.120533e-03
58.884366     7.277492e-01     4.646169e-09     7.277492e-01     1.991755e-03
60.255959     6.950149e-01     4.167612e-09     6.950149e-01     1.870751e-03
61.659500     6.637525e-01     3.738248e-09     6.637525e-01     1.757052e-03
63.095734     6.338959e-01     3.353032e-09     6.338959e-01     1.650222e-03
64.565423     6.053819e-01     3.007433e-09     6.053819e-01     1.549848e-03
66.069345     5.781502e-01     2.697388e-09     5.781502e-01     1.455544e-03
67.608298     5.521432e-01     2.419244e-09     5.521432e-01     1.366944e-03
69.183097     5.273057e-01     2.169725e-09     5.273057e-01     1.283704e-03
70.794578     5.035852e-01     1.945894e-09     5.035852e-01     1.205505e-03
72.443596     4.809315e-01     1.745110e-09     4.809315e-01     1.132042e-03
74.131024     4.592966e-01     1.565005e-09     4.592966e-01     1.063029e-03
75.857758     4.386347e-01     1.403453e-09     4.386347e-01     9.982004e-04
77.624712     4.189021e-01     1.258548e-09     4.189021e-01     9.373026e-04
79.432823     4.000570e-01     1.128577e-09     4.000570e-01     8.801000e-04
81.283052     3.820595e-01     1.012003e-09     3.820595e-01     8.263680e-04
83.176377     3.648715e-01     9.074490e-10     3.648715e-01     7.758987e-04
85.113804     3.484566e-01     8.136775e-10     3.484566e-01     7.284946e-04
87.096359     3.327800e-01     7.295794e-10     3.327800e-01     6.839717e-04
89.125094     3.178085e-01     6.541575e-10     3.178085e-01     6.421545e-04
91.201084     3.035104e-01     5.865192e-10     3.035104e-01     6.028806e-04
93.325430     2.898555e-01     5.258623e-10     2.898555e-01     5.659957e-04
95.499259     2.768148e-01     4.714676e-10     2.768148e-01     5.313555e-04
97.723722     2.643607e-01     4.226900e-10     2.643607e-01     4.988245e-04
100.000000     2.524668e-01     3.789503e-10     2.524668e-01     4.682747e-04
102.329299     2.411080e-01     3.397290e-10     2.411080e-01     4.395860e-04
104.712855     2.302601e-01     3.045605e-10     2.302601e-01     4.126460e-04
107.151931     2.199002e-01     2.730266e-10     2.199002e-01     3.873487e-04
109.647820     2.100063e-01     2.447524e-10     2.100063e-01     3.635946e-04
112.201845     2.005575e-01     2.194014e-10     2.005575e-01     3.412896e-04
114.815362     1.915338e-01     1.966718e-10     1.915338e-01     3.203461e-04
117.489755     1.829160e-01     1.762933e-10     1.829160e-01     3.006816e-04
120.226443     1.746859e-01     1.580230e-10     1.746859e-01     2.822183e-04
123.026877     1.668261e-01     1.416431e-10     1.668261e-01     2.648831e-04
125.892541     1.593198e-01     1.269584e-10     1.593198e-01     2.486076e-04
128.824955     1.521512e-01     1.137938e-10     1.521512e-01     2.333274e-04
131.825674     1.453052e-01     1.019920e-10     1.453052e-01     2.189817e-04
134.896288     1.387671e-01     9.141242e-11     1.387671e-01     2.055140e-04
138.038426     1.325232e-01     8.192852e-11     1.325232e-01     1.928705e-04
141.253754     1.265602e-01     7.342711e-11     1.265602e-01     1.810014e-04
144.543977     1.208655e-01     6.580650e-11     1.208655e-01     1.698593e-04
147.910839     1.154270e-01     5.897562e-11     1.154270e-01     1.593999e-04
151.356125     1.102331e-01     5.285275e-11     1.102331e-01     1.495816e-04
154.881662     1.052730e-01     4.736459e-11     1.052730e-01     1.403652e-04
158.489319     1.005360e-01     4.244550e-11     1.005360e-01     1.317142e-04
162.181010     9.601215e-02     3.803653e-11     9.601215e-02     1.235940e-04
165.958691     9.169184e-02     3.408488e-11     9.169184e-02     1.159722e-04
169.824365     8.756590e-02     3.054318e-11     8.756590e-02     1.088183e-04
173.780083     8.362561e-02     2.736896e-11     8.362561e-02     1.021038e-04
177.827941     7.986260e-02     2.452414e-11     7.986260e-02     9.580167e-05
181.970086     7.626890e-02     2.197462e-11     7.626890e-02     8.988695e-05
186.208714     7.283690e-02     1.968977e-11     7.283690e-02     8.433579e-05
190.546072     6.955932e-02     1.764217e-11     6.955932e-02     7.912604e-05
194.984460     6.642922e-02     1.580720e-11     6.642922e-02     7.423668e-05
199.526231     6.343995e-02     1.416283e-11     6.343995e-02     6.964820e-05
204.173794     6.058519e-02     1.268928e-11     6.058519e-02     6.534214e-05
208.929613     5.785888e-02     1.136884e-11     5.785888e-02     6.130117e-05
213.796209     5.525524e-02     1.018562e-11     5.525524e-02     5.750911e-05
218.776162     5.276875e-02     9.125372e-12     5.276875e-02     5.395062e-05
223.872114     5.039415e-02     8.175349e-12     5.039415e-02     5.061146e-05
229.086765     4.812640e-02     7.324097e-12     4.812640e-02     4.747811e-05
234.422882     4.596069e-02     6.561364e-12     4.596069e-02     4.453796e-05
239.883292     4.389243e-02     5.877960e-12     4.389243e-02     4.177916e-05
245.470892     4.191723e-02     5.265643e-12     4.191723e-02     3.919056e-05
251.188643     4.003092e-02     4.717027e-12     4.003092e-02     3.676170e-05
257.039578     3.822948e-02     4.225500e-12     3.822948e-02     3.448279e-05
263.026799     3.650911e-02     3.785129e-12     3.650911e-02     3.234463e-05
269.153480     3.486615e-02     3.390589e-12     3.486615e-02     3.033849e-05
275.422870     3.329712e-02     3.037125e-12     3.329712e-02     2.845632e-05
281.838293     3.179869e-02     2.720462e-12     3.179869e-02     2.669047e-05
288.403150     3.036770e-02     2.436776e-12     3.036770e-02     2.503378e-05
295.120923     2.900109e-02     2.182634e-12     2.900109e-02     2.347952e-05
301.995172     2.769598e-02     1.954966e-12     2.769598e-02     2.202141e-05
309.029543     2.644960e-02     1.751017e-12     2.644960e-02     2.065351e-05
316.227766     2.525931e-02     1.547671e-12     2.525931e-02     1.911524e-05
323.593657     2.412258e-02     1.385898e-12     2.412258e-02     1.792381e-05
331.131121     2.303701e-02     1.241016e-12     2.303701e-02     1.680638e-05
338.844156     2.200028e-02     1.111264e-12     2.200028e-02     1.575838e-05
346.736850     2.101021e-02     9.950620e-13     2.101021e-02     1.477551e-05
354.813389     2.006469e-02     8.909981e-13     2.006469e-02     1.385374e-05
363.078055     1.916172e-02     7.978054e-13     1.916172e-02     1.298928e-05
371.535229     1.829938e-02     7.143495e-13     1.829938e-02     1.217859e-05
380.189396     1.747585e-02     6.396144e-13     1.747585e-02     1.141833e-05
389.045145     1.668938e-02     5.726896e-13     1.668938e-02     1.070537e-05
398.107171     1.593831e-02     5.127600e-13     1.593831e-02     1.003679e-05
407.380278     1.522103e-02     4.590951e-13     1.522103e-02     9.409823e-06
416.869383     1.453603e-02     4.110409e-13     1.453603e-02     8.821898e-06
426.579519     1.388185e-02     3.680113e-13     1.388185e-02     8.270589e-06
436.515832     1.325712e-02     3.294816e-13     1.325712e-02     7.753624e-06
446.683592     1.266050e-02     2.949817e-13     1.266050e-02     7.268871e-06
457.088190     1.209073e-02     2.640905e-13     1.209073e-02     6.814329e-06
467.735141     1.154660e-02     2.364310e-13     1.154660e-02     6.388122e-06
478.630092     1.102695e-02     2.116656e-13     1.102695e-02     5.988491e-06
489.778819     1.053070e-02     1.894916e-13     1.053070e-02     5.613782e-06
501.187234     1.005677e-02     1.696382e-13     1.005677e-02     5.262448e-06
512.861384     9.604172e-03     1.518628e-13     9.604172e-03     4.933035e-06
524.807460     9.171943e-03     1.359481e-13     9.171943e-03     4.624179e-06
537.031796     8.759165e-03     1.216996e-13     8.759165e-03     4.334603e-06
549.540874     8.364964e-03     1.089430e-13     8.364964e-03     4.063106e-06
562.341325     7.988503e-03     9.752229e-14     7.988503e-03     3.808564e-06
575.439937     7.628983e-03     8.729764e-14     7.628983e-03     3.569921e-06
588.843655     7.285644e-03     7.814395e-14     7.285644e-03     3.346187e-06
602.559586     6.957755e-03     6.994916e-14     6.957755e-03     3.136433e-06
616.595002     6.644623e-03     6.261292e-14     6.644623e-03     2.939790e-06
630.957344     6.345583e-03     5.604537e-14     6.345583e-03     2.755440e-06
645.654229     6.060000e-03     5.016605e-14     6.060000e-03     2.582617e-06
660.693448     5.787270e-03     4.490291e-14     5.787270e-03     2.420602e-06
676.082975     5.526814e-03     4.019143e-14     5.526814e-03     2.268722e-06
691.830971     5.278080e-03     3.597385e-14     5.278080e-03     2.126345e-06
707.945784     5.040539e-03     3.219844e-14     5.040539e-03     1.992877e-06
724.435960     4.813689e-03     2.881889e-14     4.813689e-03     1.867764e-06
741.310241     4.597047e-03     2.579374e-14     4.597047e-03     1.750483e-06
758.577575     4.390156e-03     2.308585e-14     4.390156e-03     1.640547e-06
776.247117     4.192576e-03     2.066198e-14     4.192576e-03     1.537495e-06
794.328235     4.003887e-03     1.849238e-14     4.003887e-03     1.440899e-06
812.830516     3.823691e-03     1.655039e-14     3.823691e-03     1.350356e-06
831.763771     3.651604e-03     1.481216e-14     3.651604e-03     1.265486e-06
851.138038     3.487261e-03     1.325632e-14     3.487261e-03     1.185936e-06
870.963590     3.330315e-03     1.186377e-14     3.330315e-03     1.111373e-06
891.250938     3.180432e-03     1.061737e-14     3.180432e-03     1.041486e-06
912.010839     3.037295e-03     9.501801e-15     3.037295e-03     9.759817e-07
933.254301     2.900600e-03     8.503345e-15     2.900600e-03     9.145864e-07
954.992586     2.770056e-03     7.609717e-15     2.770056e-03     8.570431e-07
977.237221     2.645388e-03     6.809921e-15     2.645388e-03     8.031108e-07
1000.000000     2.526330e-03     6.094113e-15     2.526330e-03     7.525636e-07
