0.000100     4.073070e+02
0.000101     4.111998e+02
0.000102     4.151296e+02
0.000103     4.201145e+02
0.000104     4.241389e+02
0.000105     4.282018e+02
0.000106     4.323036e+02
0.000107     4.364447e+02
0.000108     4.406254e+02
0.000109     4.448462e+02
0.000110     4.491073e+02
0.000111     4.534091e+02
0.000113     4.577522e+02
0.000114     4.621368e+02
0.000115     4.665634e+02
0.000116     4.710323e+02
0.000117     4.755440e+02
0.000118     4.800988e+02
0.000119     4.846973e+02
0.000121     4.893397e+02
0.000122     4.940266e+02
0.000123     4.987583e+02
0.000124     5.035352e+02
0.000125     5.083578e+02
0.000127     5.132266e+02
0.000128     5.181419e+02
0.000129     5.231043e+02
0.000131     5.281142e+02
0.000132     5.331720e+02
0.000133     5.382781e+02
0.000134     5.434331e+02
0.000136     5.486373e+02
0.000137     5.538912e+02
0.000138     5.591955e+02
0.000140     5.645505e+02
0.000141     5.699567e+02
0.000143     5.754146e+02
0.000144     5.809246e+02
0.000145     5.864874e+02
0.000147     5.921033e+02
0.000148     5.977729e+02
0.000150     6.034967e+02
0.000151     6.092752e+02
0.000153     6.151090e+02
0.000154     6.209986e+02
0.000156     6.269444e+02
0.000157     6.329469e+02
0.000159     6.390068e+02
0.000161     6.451247e+02
0.000162     6.513011e+02
0.000164     6.575364e+02
0.000165     6.638313e+02
0.000167     6.701864e+02
0.000169     6.766022e+02
0.000170     6.830794e+02
0.000172     6.896183e+02
0.000174     6.962197e+02
0.000176     7.028842e+02
0.000177     7.096122e+02
0.000179     7.164045e+02
0.000181     7.232617e+02
0.000183     7.301843e+02
0.000184     7.371730e+02
0.000186     7.442285e+02
0.000188     7.513513e+02
0.000190     7.585421e+02
0.000192     7.658015e+02
0.000194     7.731302e+02
0.000196     7.805289e+02
0.000198     7.879981e+02
0.000200     7.955386e+02
0.000202     8.031511e+02
0.000204     8.108361e+02
0.000206     8.185945e+02
0.000208     8.264270e+02
0.000210     8.343341e+02
0.000212     8.423165e+02
0.000214     8.503750e+02
0.000216     8.585105e+02
0.000218     8.667236e+02
0.000220     8.750149e+02
0.000222     8.833853e+02
0.000225     8.918353e+02
0.000227     9.003659e+02
0.000229     9.089778e+02
0.000231     9.176718e+02
0.000234     9.264486e+02
0.000236     9.353090e+02
0.000238     9.442538e+02
0.000241     9.532837e+02
0.000243     9.623996e+02
0.000245     9.716024e+02
0.000248     9.808927e+02
0.000250     9.902714e+02
0.000253     9.997395e+02
0.000255     1.009298e+03
0.000258     1.018947e+03
0.000260     1.028688e+03
0.000263     1.038521e+03
0.000266     1.048448e+03
0.000268     1.058470e+03
0.000271     1.068587e+03
0.000274     1.078799e+03
0.000276     1.089109e+03
0.000279     1.099517e+03
0.000282     1.110024e+03
0.000285     1.120631e+03
0.000287     1.131339e+03
0.000290     1.142148e+03
0.000293     1.153059e+03
0.000296     1.164075e+03
0.000299     1.175195e+03
0.000302     1.186420e+03
0.000305     1.197753e+03
0.000308     1.209192e+03
0.000311     1.220740e+03
0.000314     1.232398e+03
0.000317     1.244166e+03
0.000320     1.256045e+03
0.000324     1.268038e+03
0.000327     1.280144e+03
0.000330     1.292364e+03
0.000333     1.304701e+03
0.000337     1.317154e+03
0.000340     1.329725e+03
0.000343     1.342415e+03
0.000347     1.355226e+03
0.000350     1.368157e+03
0.000354     1.381211e+03
0.000357     1.394388e+03
0.000361     1.407690e+03
0.000364     1.421118e+03
0.000368     1.434672e+03
0.000372     1.448354e+03
0.000375     1.462166e+03
0.000379     1.476108e+03
0.000383     1.490182e+03
0.000386     1.504389e+03
0.000390     1.518729e+03
0.000394     1.533205e+03
0.000398     1.547818e+03
0.000402     1.562568e+03
0.000406     1.577457e+03
0.000410     1.592486e+03
0.000414     1.607657e+03
0.000418     1.622971e+03
0.000422     1.638429e+03
0.000427     1.654032e+03
0.000431     1.669782e+03
0.000435     1.685680e+03
0.000439     1.701728e+03
0.000444     1.717926e+03
0.000448     1.734277e+03
0.000453     1.750780e+03
0.000457     1.767439e+03
0.000462     1.784254e+03
0.000466     1.801227e+03
0.000471     1.818359e+03
0.000475     1.835652e+03
0.000480     1.853106e+03
0.000485     1.870724e+03
0.000490     1.888507e+03
0.000495     1.906456e+03
0.000500     1.924573e+03
0.000504     1.942859e+03
0.000509     1.961316e+03
0.000515     1.979945e+03
0.000520     1.998748e+03
0.000525     2.017727e+03
0.000530     2.036882e+03
0.000535     2.056217e+03
0.000541     2.075731e+03
0.000546     2.095427e+03
0.000551     2.115306e+03
0.000557     2.135370e+03
0.000562     2.155620e+03
0.000568     2.176059e+03
0.000574     2.196687e+03
0.000579     2.217507e+03
0.000585     2.238520e+03
0.000591     2.259728e+03
0.000597     2.281132e+03
0.000603     2.302734e+03
0.000609     2.324536e+03
0.000615     2.346540e+03
0.000621     2.368747e+03
0.000627     2.391159e+03
0.000633     2.413778e+03
0.000639     2.436605e+03
0.000646     2.459643e+03
0.000652     2.482893e+03
0.000659     2.506357e+03
0.000665     2.530037e+03
0.000672     2.553934e+03
0.000678     2.578051e+03
0.000685     2.602389e+03
0.000692     2.626950e+03
0.000699     2.651736e+03
0.000706     2.676749e+03
0.000713     2.701991e+03
0.000720     2.727463e+03
0.000727     2.753168e+03
0.000734     2.779108e+03
0.000741     2.805285e+03
0.000749     2.831699e+03
0.000756     2.858353e+03
0.000764     2.885250e+03
0.000771     2.912392e+03
0.000779     2.939780e+03
0.000787     2.967416e+03
0.000794     2.995302e+03
0.000802     3.023441e+03
0.000810     3.051834e+03
0.000818     3.080483e+03
0.000826     3.109391e+03
0.000835     3.138559e+03
0.000843     3.167990e+03
0.000851     3.197685e+03
0.000860     3.227647e+03
0.000868     3.257878e+03
0.000877     3.288380e+03
0.000885     3.319155e+03
0.000894     3.350204e+03
0.000903     3.381531e+03
0.000912     3.413138e+03
0.000921     3.445026e+03
0.000930     3.477198e+03
0.000939     3.509656e+03
0.000949     3.542402e+03
0.000958     3.575438e+03
0.000968     3.608766e+03
0.000977     3.642389e+03
0.000987     3.676309e+03
0.000997     3.710527e+03
0.001007     3.745047e+03
0.001017     3.779869e+03
0.001027     3.814998e+03
0.001037     3.850434e+03
0.001047     3.886181e+03
0.001058     3.922240e+03
0.001068     3.958613e+03
0.001079     3.995302e+03
0.001089     4.032311e+03
0.001100     4.069642e+03
0.001111     4.107295e+03
0.001122     4.145274e+03
0.001133     4.183581e+03
0.001144     4.222219e+03
0.001156     4.261188e+03
0.001167     4.300493e+03
0.001179     4.340135e+03
0.001190     4.380115e+03
0.001202     4.420437e+03
0.001214     4.461103e+03
0.001226     4.502115e+03
0.001238     4.543475e+03
0.001251     4.585184e+03
0.001263     4.627247e+03
0.001276     4.669666e+03
0.001288     4.712441e+03
0.001301     4.755577e+03
0.001314     4.799073e+03
0.001327     4.842933e+03
0.001340     4.887158e+03
0.001353     4.931753e+03
0.001367     4.976719e+03
0.001380     5.022057e+03
0.001394     5.067770e+03
0.001408     5.113860e+03
0.001422     5.160329e+03
0.001436     5.207179e+03
0.001450     5.254414e+03
0.001465     5.302033e+03
0.001479     5.350041e+03
0.001494     5.398438e+03
0.001509     5.447229e+03
0.001524     5.496413e+03
0.001539     5.545992e+03
0.001554     5.595970e+03
0.001569     5.646348e+03
0.001585     5.697129e+03
0.001601     5.748314e+03
0.001616     5.799906e+03
0.001633     5.851906e+03
0.001649     5.904316e+03
0.001665     5.957138e+03
0.001682     6.010374e+03
0.001698     6.064027e+03
0.001715     6.118096e+03
0.001732     6.172586e+03
0.001749     6.227496e+03
0.001767     6.282830e+03
0.001784     6.338589e+03
0.001802     6.394774e+03
0.001820     6.451388e+03
0.001838     6.508432e+03
0.001856     6.565908e+03
0.001874     6.623818e+03
0.001893     6.682162e+03
0.001912     6.740942e+03
0.001931     6.800160e+03
0.001950     6.859817e+03
0.001969     6.919915e+03
0.001989     6.980455e+03
0.002008     7.041439e+03
0.002028     7.102869e+03
0.002048     7.164743e+03
0.002069     7.227064e+03
0.002089     7.289833e+03
0.002110     7.353053e+03
0.002131     7.416724e+03
0.002152     7.480846e+03
0.002173     7.545421e+03
0.002195     7.610450e+03
0.002217     7.675933e+03
0.002239     7.741872e+03
0.002261     7.808266e+03
0.002283     7.875117e+03
0.002306     7.942425e+03
0.002329     8.010192e+03
0.002352     8.078418e+03
0.002375     8.147103e+03
0.002399     8.216247e+03
0.002423     8.285852e+03
0.002447     8.355916e+03
0.002471     8.426441e+03
0.002495     8.497426e+03
0.002520     8.568872e+03
0.002545     8.640779e+03
0.002570     8.713147e+03
0.002596     8.785976e+03
0.002622     8.859265e+03
0.002648     8.933014e+03
0.002674     9.007223e+03
0.002700     9.081891e+03
0.002727     9.157018e+03
0.002754     9.232604e+03
0.002782     9.308648e+03
0.002809     9.385149e+03
0.002837     9.462106e+03
0.002865     9.539518e+03
0.002894     9.617383e+03
0.002922     9.695701e+03
0.002951     9.774472e+03
0.002980     9.853694e+03
0.003010     9.933366e+03
0.003040     1.001349e+04
0.003070     1.009405e+04
0.003100     1.017506e+04
0.003131     1.025651e+04
0.003162     1.033840e+04
0.003194     1.042073e+04
0.003225     1.050350e+04
0.003257     1.058670e+04
0.003290     1.067034e+04
0.003322     1.075441e+04
0.003355     1.083890e+04
0.003388     1.092382e+04
0.003422     1.100915e+04
0.003456     1.109491e+04
0.003490     1.118109e+04
0.003525     1.126767e+04
0.003560     1.135467e+04
0.003595     1.144207e+04
0.003631     1.152988e+04
0.003667     1.161808e+04
0.003703     1.170669e+04
0.003740     1.179568e+04
0.003777     1.188506e+04
0.003814     1.197482e+04
0.003852     1.206497e+04
0.003890     1.215549e+04
0.003929     1.224638e+04
0.003968     1.233763e+04
0.004007     1.242924e+04
0.004047     1.252122e+04
0.004087     1.261354e+04
0.004128     1.270621e+04
0.004169     1.279922e+04
0.004210     1.289256e+04
0.004252     1.298623e+04
0.004294     1.308022e+04
0.004337     1.317453e+04
0.004380     1.326916e+04
0.004423     1.336408e+04
0.004467     1.345931e+04
0.004511     1.355483e+04
0.004556     1.365063e+04
0.004601     1.374671e+04
0.004647     1.384306e+04
0.004693     1.393968e+04
0.004739     1.403654e+04
0.004786     1.413366e+04
0.004834     1.423102e+04
0.004882     1.432862e+04
0.004930     1.442643e+04
0.004979     1.452446e+04
0.005028     1.462270e+04
0.005078     1.472115e+04
0.005129     1.481978e+04
0.005179     1.491859e+04
0.005231     1.501757e+04
0.005283     1.511672e+04
0.005335     1.521602e+04
0.005388     1.531547e+04
0.005441     1.541504e+04
0.005495     1.551474e+04
0.005550     1.561456e+04
0.005605     1.571447e+04
0.005661     1.581448e+04
0.005717     1.591457e+04
0.005773     1.601473e+04
0.005831     1.611495e+04
0.005888     1.621522e+04
0.005947     1.631553e+04
0.006006     1.641585e+04
0.006065     1.651619e+04
0.006126     1.661653e+04
0.006186     1.671685e+04
0.006248     1.681715e+04
0.006310     1.691741e+04
0.006372     1.701762e+04
0.006435     1.711776e+04
0.006499     1.721783e+04
0.006564     1.731780e+04
0.006629     1.741767e+04
0.006694     1.751742e+04
0.006761     1.761704e+04
0.006828     1.771650e+04
0.006896     1.781580e+04
0.006964     1.791492e+04
0.007033     1.801385e+04
0.007103     1.811257e+04
0.007173     1.821106e+04
0.007244     1.830931e+04
0.007316     1.840730e+04
0.007389     1.850502e+04
0.007462     1.860245e+04
0.007536     1.869957e+04
0.007611     1.879637e+04
0.007686     1.889282e+04
0.007762     1.898892e+04
0.007839     1.908464e+04
0.007917     1.917996e+04
0.007996     1.927487e+04
0.008075     1.936935e+04
0.008155     1.946338e+04
0.008236     1.955694e+04
0.008318     1.965000e+04
0.008400     1.974256e+04
0.008483     1.983460e+04
0.008568     1.992608e+04
0.008653     2.001700e+04
0.008738     2.010733e+04
0.008825     2.019704e+04
0.008913     2.028613e+04
0.009001     2.037456e+04
0.009090     2.046232e+04
0.009180     2.054939e+04
0.009271     2.063574e+04
0.009363     2.072135e+04
0.009456     2.080620e+04
0.009550     2.089026e+04
0.009645     2.097351e+04
0.009740     2.105593e+04
0.009837     2.113749e+04
0.009934     2.121818e+04
0.010033     2.129797e+04
0.010132     2.137682e+04
0.010233     2.145473e+04
0.010334     2.153165e+04
0.010437     2.160757e+04
0.010540     2.168246e+04
0.010645     2.175630e+04
0.010750     2.182906e+04
0.010857     2.190071e+04
0.010965     2.197123e+04
0.011074     2.204059e+04
0.011183     2.210876e+04
0.011294     2.217572e+04
0.011406     2.224143e+04
0.011519     2.230587e+04
0.011634     2.236901e+04
0.011749     2.243083e+04
0.011865     2.249129e+04
0.011983     2.255036e+04
0.012102     2.260803e+04
0.012222     2.266425e+04
0.012343     2.271900e+04
0.012466     2.277224e+04
0.012589     2.282395e+04
0.012714     2.287410e+04
0.012840     2.292266e+04
0.012968     2.296960e+04
0.013096     2.301487e+04
0.013226     2.305847e+04
0.013357     2.310034e+04
0.013490     2.314047e+04
0.013623     2.317882e+04
0.013759     2.321536e+04
0.013895     2.325005e+04
0.014033     2.328287e+04
0.014172     2.331379e+04
0.014312     2.334277e+04
0.014454     2.336979e+04
0.014598     2.339480e+04
0.014743     2.341778e+04
0.014889     2.343870e+04
0.015036     2.345753e+04
0.015185     2.347423e+04
0.015336     2.348878e+04
0.015488     2.350114e+04
0.015642     2.351129e+04
0.015797     2.351918e+04
0.015954     2.352480e+04
0.016112     2.352811e+04
0.016272     2.352909e+04
0.016433     2.352770e+04
0.016596     2.352393e+04
0.016760     2.351774e+04
0.016927     2.350910e+04
0.017095     2.349799e+04
0.017264     2.348438e+04
0.017435     2.346825e+04
0.017608     2.344957e+04
0.017783     2.342833e+04
0.017959     2.340450e+04
0.018137     2.337806e+04
0.018317     2.334899e+04
0.018499     2.331727e+04
0.018682     2.328288e+04
0.018867     2.324582e+04
0.019055     2.320607e+04
0.019244     2.316362e+04
0.019434     2.311845e+04
0.019627     2.307055e+04
0.019822     2.301992e+04
0.020018     2.296655e+04
0.020217     2.291044e+04
0.020417     2.285158e+04
0.020620     2.278999e+04
0.020824     2.272565e+04
0.021031     2.265857e+04
0.021239     2.258877e+04
0.021450     2.251625e+04
0.021663     2.244103e+04
0.021878     2.236311e+04
0.022095     2.228252e+04
0.022314     2.219928e+04
0.022535     2.211341e+04
0.022758     2.202492e+04
0.022984     2.193386e+04
0.023212     2.184025e+04
0.023442     2.174413e+04
0.023675     2.164554e+04
0.023910     2.154451e+04
0.024147     2.144108e+04
0.024386     2.133529e+04
0.024628     2.122721e+04
0.024872     2.111688e+04
0.025119     2.100436e+04
0.025368     2.088969e+04
0.025620     2.077295e+04
0.025874     2.065418e+04
0.026130     2.053346e+04
0.026389     2.041085e+04
0.026651     2.028644e+04
0.026915     2.016027e+04
0.027182     2.003244e+04
0.027452     1.990302e+04
0.027724     1.977208e+04
0.027999     1.963971e+04
0.028277     1.950599e+04
0.028557     1.937100e+04
0.028840     1.923484e+04
0.029126     1.909758e+04
0.029415     1.895932e+04
0.029707     1.882014e+04
0.030001     1.868013e+04
0.030299     1.853939e+04
0.030599     1.839801e+04
0.030903     1.825607e+04
0.031209     1.811368e+04
0.031519     1.797092e+04
0.031832     1.782788e+04
0.032147     1.768465e+04
0.032466     1.754133e+04
0.032788     1.739800e+04
0.033113     1.725475e+04
0.033441     1.711168e+04
0.033773     1.696886e+04
0.034108     1.682639e+04
0.034446     1.668434e+04
0.034788     1.654279e+04
0.035133     1.640184e+04
0.035481     1.626154e+04
0.035833     1.612200e+04
0.036189     1.598327e+04
0.036547     1.584543e+04
0.036910     1.570854e+04
0.037276     1.557267e+04
0.037646     1.543790e+04
0.038019     1.530427e+04
0.038396     1.517186e+04
0.038777     1.504071e+04
0.039161     1.491089e+04
0.039550     1.478243e+04
0.039942     1.465540e+04
0.040338     1.452984e+04
0.040738     1.440579e+04
0.041142     1.428330e+04
0.041550     1.416239e+04
0.041962     1.404310e+04
0.042378     1.392547e+04
0.042799     1.380953e+04
0.043223     1.369530e+04
0.043652     1.358280e+04
0.044084     1.347206e+04
0.044522     1.336309e+04
0.044963     1.325590e+04
0.045409     1.315051e+04
0.045859     1.304691e+04
0.046314     1.294512e+04
0.046774     1.284513e+04
0.047237     1.274694e+04
0.047706     1.265055e+04
0.048179     1.255592e+04
0.048657     1.246306e+04
0.049139     1.237194e+04
0.049627     1.228253e+04
0.050119     1.219480e+04
0.050616     1.210872e+04
0.051118     1.202424e+04
0.051625     1.194133e+04
0.052137     1.185991e+04
0.052654     1.177995e+04
0.053176     1.170136e+04
0.053703     1.162409e+04
0.054236     1.154805e+04
0.054774     1.147316e+04
0.055317     1.139934e+04
0.055865     1.132647e+04
0.056419     1.125446e+04
0.056979     1.118320e+04
0.057544     1.111257e+04
0.058115     1.104244e+04
0.058691     1.097268e+04
0.059273     1.090315e+04
0.059861     1.083372e+04
0.060454     1.076423e+04
0.061054     1.069453e+04
0.061660     1.062445e+04
0.062271     1.055385e+04
0.062889     1.048254e+04
0.063512     1.041037e+04
0.064142     1.033717e+04
0.064778     1.026276e+04
0.065421     1.018699e+04
0.066069     1.010969e+04
0.066725     1.003070e+04
0.067386     9.949863e+03
0.068055     9.867038e+03
0.068729     9.782087e+03
0.069411     9.694882e+03
0.070099     9.605305e+03
0.070795     9.513264e+03
0.071497     9.418671e+03
0.072206     9.321464e+03
0.072922     9.221593e+03
0.073645     9.119032e+03
0.074375     9.013780e+03
0.075113     8.905854e+03
0.075858     8.795305e+03
0.076610     8.682195e+03
0.077370     8.566627e+03
0.078137     8.448717e+03
0.078912     8.328618e+03
0.079695     8.206506e+03
0.080485     8.082582e+03
0.081283     7.957071e+03
0.082089     7.830219e+03
0.082903     7.702299e+03
0.083725     7.573602e+03
0.084556     7.444436e+03
0.085394     7.315122e+03
0.086241     7.185993e+03
0.087096     7.057393e+03
0.087960     6.929671e+03
0.088832     6.803176e+03
0.089713     6.678258e+03
0.090603     6.555257e+03
0.091502     6.434507e+03
0.092409     6.316333e+03
0.093325     6.201031e+03
0.094251     6.088894e+03
0.095186     5.980173e+03
0.096130     5.875108e+03
0.097083     5.773900e+03
0.098046     5.676720e+03
0.099018     5.583707e+03
0.100000     5.494951e+03
