#Columns: (1) k (h/Mpc) (2) PGammaGamma (total) (3) PGammaGamma_nsn (non-shotnoise term) (4) PGammaGamma_sn (shotnoise term) (5) PS (dm power spectrum at z = 0)
0.000100     2.184095e+03     1.059566e+02     2.078139e+03     4.073070e+02
0.000102     2.186472e+03     1.083345e+02     2.078138e+03     4.164479e+02
0.000105     2.189175e+03     1.110388e+02     2.078136e+03     4.268432e+02
0.000107     2.191672e+03     1.135365e+02     2.078135e+03     4.364447e+02
0.000110     2.194224e+03     1.160904e+02     2.078134e+03     4.462621e+02
0.000112     2.196834e+03     1.187016e+02     2.078133e+03     4.562999e+02
0.000115     2.199503e+03     1.213715e+02     2.078132e+03     4.665634e+02
0.000117     2.202232e+03     1.241015e+02     2.078130e+03     4.770574e+02
0.000120     2.205022e+03     1.268927e+02     2.078129e+03     4.877873e+02
0.000123     2.207874e+03     1.297467e+02     2.078128e+03     4.987583e+02
0.000126     2.210791e+03     1.326648e+02     2.078126e+03     5.099756e+02
0.000129     2.213773e+03     1.356484e+02     2.078125e+03     5.214449e+02
0.000132     2.216822e+03     1.386991e+02     2.078123e+03     5.331720e+02
0.000135     2.219940e+03     1.418182e+02     2.078122e+03     5.451623e+02
0.000138     2.223128e+03     1.450074e+02     2.078120e+03     5.574218e+02
0.000141     2.226387e+03     1.482682e+02     2.078119e+03     5.699567e+02
0.000145     2.229719e+03     1.516022e+02     2.078117e+03     5.827730e+02
0.000148     2.233127e+03     1.550111e+02     2.078116e+03     5.958771e+02
0.000151     2.236610e+03     1.584965e+02     2.078114e+03     6.092752e+02
0.000155     2.240172e+03     1.620602e+02     2.078112e+03     6.229743e+02
0.000158     2.243814e+03     1.657037e+02     2.078110e+03     6.369804e+02
0.000162     2.247538e+03     1.694291e+02     2.078109e+03     6.513011e+02
0.000166     2.251345e+03     1.732380e+02     2.078107e+03     6.659430e+02
0.000170     2.255237e+03     1.771324e+02     2.078105e+03     6.809135e+02
0.000174     2.259217e+03     1.811142e+02     2.078103e+03     6.962197e+02
0.000178     2.263286e+03     1.851852e+02     2.078101e+03     7.118692e+02
0.000182     2.267447e+03     1.893475e+02     2.078099e+03     7.278694e+02
0.000186     2.271700e+03     1.936031e+02     2.078097e+03     7.442285e+02
0.000191     2.276049e+03     1.979542e+02     2.078095e+03     7.609543e+02
0.000195     2.280495e+03     2.024027e+02     2.078093e+03     7.780548e+02
0.000200     2.285041e+03     2.069509e+02     2.078091e+03     7.955386e+02
0.000204     2.289689e+03     2.116010e+02     2.078088e+03     8.134141e+02
0.000209     2.294441e+03     2.163553e+02     2.078086e+03     8.316900e+02
0.000214     2.299300e+03     2.212160e+02     2.078084e+03     8.503750e+02
0.000219     2.304267e+03     2.261856e+02     2.078081e+03     8.694786e+02
0.000224     2.309345e+03     2.312664e+02     2.078079e+03     8.890097e+02
0.000229     2.314537e+03     2.364609e+02     2.078076e+03     9.089778e+02
0.000234     2.319845e+03     2.417716e+02     2.078074e+03     9.293927e+02
0.000240     2.325272e+03     2.472011e+02     2.078071e+03     9.502642e+02
0.000245     2.330820e+03     2.527519e+02     2.078068e+03     9.716024e+02
0.000251     2.336492e+03     2.584269e+02     2.078065e+03     9.934175e+02
0.000257     2.342291e+03     2.642287e+02     2.078063e+03     1.015720e+03
0.000263     2.348220e+03     2.701601e+02     2.078060e+03     1.038521e+03
0.000269     2.354281e+03     2.762240e+02     2.078057e+03     1.061831e+03
0.000275     2.360477e+03     2.824232e+02     2.078054e+03     1.085662e+03
0.000282     2.366811e+03     2.887608e+02     2.078051e+03     1.110024e+03
0.000288     2.373287e+03     2.952398e+02     2.078047e+03     1.134930e+03
0.000295     2.379907e+03     3.018632e+02     2.078044e+03     1.160391e+03
0.000302     2.386675e+03     3.086344e+02     2.078041e+03     1.186420e+03
0.000309     2.393594e+03     3.155564e+02     2.078037e+03     1.213029e+03
0.000316     2.400666e+03     3.226325e+02     2.078034e+03     1.240231e+03
0.000324     2.407896e+03     3.298662e+02     2.078030e+03     1.268038e+03
0.000331     2.415287e+03     3.372609e+02     2.078027e+03     1.296464e+03
0.000339     2.422843e+03     3.448200e+02     2.078023e+03     1.325522e+03
0.000347     2.430566e+03     3.525471e+02     2.078019e+03     1.355226e+03
0.000355     2.438461e+03     3.604459e+02     2.078015e+03     1.385589e+03
0.000363     2.446531e+03     3.685201e+02     2.078011e+03     1.416628e+03
0.000372     2.454780e+03     3.767734e+02     2.078007e+03     1.448354e+03
0.000380     2.463213e+03     3.852098e+02     2.078003e+03     1.480785e+03
0.000389     2.471832e+03     3.938332e+02     2.077998e+03     1.513934e+03
0.000398     2.480642e+03     4.026475e+02     2.077994e+03     1.547818e+03
0.000407     2.489647e+03     4.116570e+02     2.077990e+03     1.582451e+03
0.000417     2.498851e+03     4.208657e+02     2.077985e+03     1.617851e+03
0.000427     2.508258e+03     4.302779e+02     2.077980e+03     1.654032e+03
0.000437     2.517873e+03     4.398979e+02     2.077975e+03     1.691013e+03
0.000447     2.527701e+03     4.497303e+02     2.077970e+03     1.728810e+03
0.000457     2.537745e+03     4.597793e+02     2.077965e+03     1.767439e+03
0.000468     2.548010e+03     4.700498e+02     2.077960e+03     1.806920e+03
0.000479     2.558501e+03     4.805462e+02     2.077955e+03     1.847270e+03
0.000490     2.569223e+03     4.912734e+02     2.077949e+03     1.888507e+03
0.000501     2.580180e+03     5.022362e+02     2.077944e+03     1.930649e+03
0.000513     2.591378e+03     5.134396e+02     2.077938e+03     1.973716e+03
0.000525     2.602821e+03     5.248883e+02     2.077932e+03     2.017727e+03
0.000537     2.614514e+03     5.365878e+02     2.077926e+03     2.062701e+03
0.000550     2.626463e+03     5.485430e+02     2.077920e+03     2.108659e+03
0.000562     2.638673e+03     5.607594e+02     2.077914e+03     2.155620e+03
0.000575     2.651150e+03     5.732421e+02     2.077908e+03     2.203606e+03
0.000589     2.663898e+03     5.859967e+02     2.077901e+03     2.252637e+03
0.000603     2.676923e+03     5.990288e+02     2.077894e+03     2.302734e+03
0.000617     2.690232e+03     6.123440e+02     2.077888e+03     2.353919e+03
0.000631     2.703828e+03     6.259478e+02     2.077881e+03     2.406215e+03
0.000646     2.717720e+03     6.398464e+02     2.077873e+03     2.459643e+03
0.000661     2.731911e+03     6.540453e+02     2.077866e+03     2.514226e+03
0.000676     2.746409e+03     6.685507e+02     2.077859e+03     2.569987e+03
0.000692     2.761219e+03     6.833685e+02     2.077851e+03     2.626950e+03
0.000708     2.776348e+03     6.985051e+02     2.077843e+03     2.685138e+03
0.000724     2.791801e+03     7.139665e+02     2.077835e+03     2.744574e+03
0.000741     2.807586e+03     7.297594e+02     2.077827e+03     2.805285e+03
0.000759     2.823708e+03     7.458895e+02     2.077818e+03     2.867292e+03
0.000776     2.840174e+03     7.623639e+02     2.077810e+03     2.930623e+03
0.000794     2.856990e+03     7.791892e+02     2.077801e+03     2.995302e+03
0.000813     2.874163e+03     7.963715e+02     2.077792e+03     3.061355e+03
0.000832     2.891700e+03     8.139180e+02     2.077782e+03     3.128807e+03
0.000851     2.909608e+03     8.318353e+02     2.077773e+03     3.197685e+03
0.000871     2.927894e+03     8.501303e+02     2.077763e+03     3.268015e+03
0.000891     2.946563e+03     8.688098e+02     2.077753e+03     3.339824e+03
0.000912     2.965624e+03     8.878810e+02     2.077743e+03     3.413138e+03
0.000933     2.985084e+03     9.073511e+02     2.077733e+03     3.487986e+03
0.000955     3.004949e+03     9.272269e+02     2.077722e+03     3.564393e+03
0.000977     3.025227e+03     9.475159e+02     2.077711e+03     3.642389e+03
0.001000     3.045925e+03     9.682248e+02     2.077700e+03     3.722000e+03
0.001023     3.067050e+03     9.893612e+02     2.077689e+03     3.803254e+03
0.001047     3.088610e+03     1.010933e+03     2.077677e+03     3.886181e+03
0.001072     3.110611e+03     1.032946e+03     2.077665e+03     3.970807e+03
0.001096     3.133062e+03     1.055409e+03     2.077653e+03     4.057162e+03
0.001122     3.155970e+03     1.078329e+03     2.077640e+03     4.145274e+03
0.001148     3.179341e+03     1.101714e+03     2.077627e+03     4.235171e+03
0.001175     3.203184e+03     1.125570e+03     2.077614e+03     4.326883e+03
0.001202     3.227506e+03     1.149906e+03     2.077601e+03     4.420437e+03
0.001230     3.252315e+03     1.174728e+03     2.077587e+03     4.515863e+03
0.001259     3.277617e+03     1.200044e+03     2.077573e+03     4.613187e+03
0.001288     3.303420e+03     1.225862e+03     2.077558e+03     4.712441e+03
0.001318     3.329732e+03     1.252189e+03     2.077543e+03     4.813652e+03
0.001349     3.356560e+03     1.279032e+03     2.077528e+03     4.916847e+03
0.001380     3.383911e+03     1.306398e+03     2.077513e+03     5.022057e+03
0.001413     3.411793e+03     1.334296e+03     2.077497e+03     5.129307e+03
0.001445     3.440212e+03     1.362731e+03     2.077481e+03     5.238626e+03
0.001479     3.469176e+03     1.391712e+03     2.077464e+03     5.350041e+03
0.001514     3.498692e+03     1.421244e+03     2.077447e+03     5.463579e+03
0.001549     3.528766e+03     1.451336e+03     2.077430e+03     5.579267e+03
0.001585     3.559405e+03     1.481993e+03     2.077412e+03     5.697129e+03
0.001622     3.590616e+03     1.513223e+03     2.077394e+03     5.817194e+03
0.001660     3.622406e+03     1.545031e+03     2.077375e+03     5.939485e+03
0.001698     3.654781e+03     1.577425e+03     2.077356e+03     6.064027e+03
0.001738     3.687746e+03     1.610410e+03     2.077336e+03     6.190842e+03
0.001778     3.721309e+03     1.643993e+03     2.077316e+03     6.319955e+03
0.001820     3.755474e+03     1.678178e+03     2.077295e+03     6.451388e+03
0.001862     3.790247e+03     1.712973e+03     2.077274e+03     6.585163e+03
0.001905     3.825634e+03     1.748381e+03     2.077253e+03     6.721300e+03
0.001950     3.861639e+03     1.784409e+03     2.077231e+03     6.859817e+03
0.001995     3.898268e+03     1.821060e+03     2.077208e+03     7.000734e+03
0.002042     3.935524e+03     1.858339e+03     2.077185e+03     7.144069e+03
0.002089     3.973412e+03     1.896251e+03     2.077161e+03     7.289833e+03
0.002138     4.011936e+03     1.934799e+03     2.077137e+03     7.438048e+03
0.002188     4.051098e+03     1.973986e+03     2.077112e+03     7.588723e+03
0.002239     4.090903e+03     2.013817e+03     2.077087e+03     7.741872e+03
0.002291     4.131353e+03     2.054292e+03     2.077061e+03     7.897502e+03
0.002344     4.172449e+03     2.095415e+03     2.077034e+03     8.055625e+03
0.002399     4.214194e+03     2.137188e+03     2.077007e+03     8.216247e+03
0.002455     4.256589e+03     2.179611e+03     2.076979e+03     8.379373e+03
0.002512     4.299635e+03     2.222685e+03     2.076950e+03     8.545005e+03
0.002570     4.343332e+03     2.266411e+03     2.076921e+03     8.713147e+03
0.002630     4.387679e+03     2.310789e+03     2.076891e+03     8.883797e+03
0.002692     4.432677e+03     2.355817e+03     2.076860e+03     9.056951e+03
0.002754     4.478323e+03     2.401494e+03     2.076828e+03     9.232604e+03
0.002818     4.524615e+03     2.447819e+03     2.076796e+03     9.410751e+03
0.002884     4.571551e+03     2.494788e+03     2.076763e+03     9.591378e+03
0.002951     4.619126e+03     2.542397e+03     2.076729e+03     9.774472e+03
0.003020     4.667339e+03     2.590644e+03     2.076694e+03     9.960023e+03
0.003090     4.716182e+03     2.639523e+03     2.076659e+03     1.014801e+04
0.003162     4.765650e+03     2.689027e+03     2.076623e+03     1.033840e+04
0.003236     4.815737e+03     2.739151e+03     2.076585e+03     1.053119e+04
0.003311     4.866436e+03     2.789889e+03     2.076547e+03     1.072634e+04
0.003388     4.917739e+03     2.841231e+03     2.076508e+03     1.092382e+04
0.003467     4.969636e+03     2.893169e+03     2.076468e+03     1.112359e+04
0.003548     5.022119e+03     2.945692e+03     2.076427e+03     1.132563e+04
0.003631     5.075174e+03     2.998789e+03     2.076385e+03     1.152988e+04
0.003715     5.128792e+03     3.052451e+03     2.076342e+03     1.173631e+04
0.003802     5.182960e+03     3.106662e+03     2.076298e+03     1.194486e+04
0.003890     5.237664e+03     3.161411e+03     2.076252e+03     1.215549e+04
0.003981     5.292886e+03     3.216680e+03     2.076206e+03     1.236813e+04
0.004074     5.348615e+03     3.272457e+03     2.076159e+03     1.258273e+04
0.004169     5.404831e+03     3.328722e+03     2.076110e+03     1.279922e+04
0.004266     5.461516e+03     3.385456e+03     2.076060e+03     1.301752e+04
0.004365     5.518651e+03     3.442642e+03     2.076009e+03     1.323758e+04
0.004467     5.576216e+03     3.500260e+03     2.075957e+03     1.345931e+04
0.004571     5.634189e+03     3.558286e+03     2.075903e+03     1.368263e+04
0.004677     5.692547e+03     3.616699e+03     2.075848e+03     1.390744e+04
0.004786     5.751264e+03     3.675472e+03     2.075792e+03     1.413366e+04
0.004898     5.810317e+03     3.734583e+03     2.075734e+03     1.436120e+04
0.005012     5.869676e+03     3.794002e+03     2.075675e+03     1.458993e+04
0.005129     5.929317e+03     3.853703e+03     2.075614e+03     1.481978e+04
0.005248     5.989207e+03     3.913654e+03     2.075552e+03     1.505061e+04
0.005370     6.049315e+03     3.973827e+03     2.075488e+03     1.528230e+04
0.005495     6.109610e+03     4.034187e+03     2.075423e+03     1.551474e+04
0.005623     6.170056e+03     4.094700e+03     2.075356e+03     1.574780e+04
0.005754     6.230620e+03     4.155332e+03     2.075288e+03     1.598134e+04
0.005888     6.291264e+03     4.216046e+03     2.075217e+03     1.621522e+04
0.006026     6.351949e+03     4.276804e+03     2.075145e+03     1.644930e+04
0.006166     6.412635e+03     4.337563e+03     2.075071e+03     1.668341e+04
0.006310     6.473280e+03     4.398285e+03     2.074996e+03     1.691741e+04
0.006457     6.533841e+03     4.458923e+03     2.074918e+03     1.715113e+04
0.006607     6.594274e+03     4.519435e+03     2.074838e+03     1.738440e+04
0.006761     6.654531e+03     4.579775e+03     2.074757e+03     1.761704e+04
0.006918     6.714565e+03     4.639892e+03     2.074673e+03     1.784886e+04
0.007079     6.774326e+03     4.699739e+03     2.074587e+03     1.807969e+04
0.007244     6.833760e+03     4.759261e+03     2.074499e+03     1.830931e+04
0.007413     6.892816e+03     4.818408e+03     2.074409e+03     1.853753e+04
0.007586     6.951437e+03     4.877121e+03     2.074316e+03     1.876414e+04
0.007762     7.009569e+03     4.935348e+03     2.074221e+03     1.898892e+04
0.007943     7.067148e+03     4.993025e+03     2.074124e+03     1.921165e+04
0.008128     7.124117e+03     5.050094e+03     2.074024e+03     1.943209e+04
0.008318     7.180411e+03     5.106490e+03     2.073921e+03     1.965000e+04
0.008511     7.235967e+03     5.162151e+03     2.073816e+03     1.986515e+04
0.008710     7.290720e+03     5.217011e+03     2.073708e+03     2.007728e+04
0.008913     7.344597e+03     5.270999e+03     2.073598e+03     2.028613e+04
0.009120     7.397529e+03     5.324045e+03     2.073484e+03     2.049142e+04
0.009333     7.449445e+03     5.376078e+03     2.073368e+03     2.069289e+04
0.009550     7.500271e+03     5.427023e+03     2.073248e+03     2.089026e+04
0.009772     7.549926e+03     5.476801e+03     2.073125e+03     2.108321e+04
0.010000     7.598336e+03     5.525336e+03     2.072999e+03     2.127147e+04
0.010233     7.645417e+03     5.572547e+03     2.072870e+03     2.145473e+04
0.010471     7.691085e+03     5.618347e+03     2.072738e+03     2.163265e+04
0.010715     7.735260e+03     5.662659e+03     2.072602e+03     2.180493e+04
0.010965     7.777849e+03     5.705387e+03     2.072462e+03     2.197123e+04
0.011220     7.818767e+03     5.746449e+03     2.072319e+03     2.213122e+04
0.011482     7.857919e+03     5.785747e+03     2.072171e+03     2.228453e+04
0.011749     7.895216e+03     5.823195e+03     2.072020e+03     2.243083e+04
0.012023     7.930558e+03     5.858692e+03     2.071865e+03     2.256974e+04
0.012303     7.963853e+03     5.892147e+03     2.071706e+03     2.270092e+04
0.012589     7.994998e+03     5.923455e+03     2.071542e+03     2.282395e+04
0.012882     8.023895e+03     5.952521e+03     2.071374e+03     2.293849e+04
0.013183     8.050441e+03     5.979239e+03     2.071202e+03     2.304412e+04
0.013490     8.074533e+03     6.003508e+03     2.071025e+03     2.314047e+04
0.013804     8.096069e+03     6.025226e+03     2.070843e+03     2.322713e+04
0.014125     8.114939e+03     6.044283e+03     2.070656e+03     2.330370e+04
0.014454     8.131044e+03     6.060580e+03     2.070464e+03     2.336979e+04
0.014791     8.144275e+03     6.074009e+03     2.070267e+03     2.342499e+04
0.015136     8.154530e+03     6.084466e+03     2.070064e+03     2.346890e+04
0.015488     8.161707e+03     6.091851e+03     2.069856e+03     2.350114e+04
0.015849     8.165699e+03     6.096057e+03     2.069642e+03     2.352131e+04
0.016218     8.166409e+03     6.096987e+03     2.069422e+03     2.352902e+04
0.016596     8.163745e+03     6.094549e+03     2.069196e+03     2.352393e+04
0.016982     8.157612e+03     6.088648e+03     2.068964e+03     2.350567e+04
0.017378     8.147922e+03     6.079196e+03     2.068725e+03     2.347390e+04
0.017783     8.134594e+03     6.066115e+03     2.068480e+03     2.342833e+04
0.018197     8.117561e+03     6.049333e+03     2.068228e+03     2.336866e+04
0.018621     8.096747e+03     6.028779e+03     2.067968e+03     2.329464e+04
0.019055     8.072108e+03     6.004406e+03     2.067702e+03     2.320607e+04
0.019498     8.043597e+03     5.976170e+03     2.067427e+03     2.310279e+04
0.019953     8.011179e+03     5.944034e+03     2.067145e+03     2.298464e+04
0.020417     7.974840e+03     5.907985e+03     2.066855e+03     2.285158e+04
0.020893     7.934578e+03     5.868021e+03     2.066557e+03     2.270359e+04
0.021380     7.890407e+03     5.824157e+03     2.066250e+03     2.254073e+04
0.021878     7.842360e+03     5.776426e+03     2.065935e+03     2.236311e+04
0.022387     7.790493e+03     5.724883e+03     2.065610e+03     2.217095e+04
0.022909     7.734875e+03     5.669599e+03     2.065276e+03     2.196450e+04
0.023442     7.675601e+03     5.610670e+03     2.064932e+03     2.174413e+04
0.023988     7.612791e+03     5.548213e+03     2.064578e+03     2.151030e+04
0.024547     7.546576e+03     5.482362e+03     2.064214e+03     2.126349e+04
0.025119     7.477125e+03     5.413286e+03     2.063839e+03     2.100436e+04
0.025704     7.404613e+03     5.341160e+03     2.063453e+03     2.073358e+04
0.026303     7.329246e+03     5.266190e+03     2.063056e+03     2.045193e+04
0.026915     7.251249e+03     5.188603e+03     2.062647e+03     2.016027e+04
0.027542     7.170862e+03     5.108637e+03     2.062225e+03     1.985954e+04
0.028184     7.088344e+03     5.026553e+03     2.061792e+03     1.955071e+04
0.028840     7.003968e+03     4.942623e+03     2.061345e+03     1.923484e+04
0.029512     6.918017e+03     4.857132e+03     2.060885e+03     1.891302e+04
0.030200     6.830783e+03     4.770372e+03     2.060411e+03     1.858638e+04
0.030903     6.742566e+03     4.682644e+03     2.059922e+03     1.825607e+04
0.031623     6.653667e+03     4.594247e+03     2.059419e+03     1.792326e+04
0.032359     6.564384e+03     4.505483e+03     2.058901e+03     1.758911e+04
0.033113     6.475014e+03     4.416647e+03     2.058367e+03     1.725475e+04
0.033884     6.385846e+03     4.328030e+03     2.057816e+03     1.692133e+04
0.034674     6.297157e+03     4.239909e+03     2.057249e+03     1.658991e+04
0.035481     6.209214e+03     4.152550e+03     2.056663e+03     1.626154e+04
0.036308     6.122270e+03     4.066210e+03     2.056060e+03     1.593722e+04
0.037154     6.036557e+03     3.981118e+03     2.055439e+03     1.561784e+04
0.038019     5.952290e+03     3.897493e+03     2.054797e+03     1.530427e+04
0.038905     5.869667e+03     3.815531e+03     2.054136e+03     1.499729e+04
0.039811     5.788862e+03     3.735408e+03     2.053454e+03     1.469758e+04
0.040738     5.710031e+03     3.657280e+03     2.052750e+03     1.440579e+04
0.041687     5.633307e+03     3.581282e+03     2.052025e+03     1.412245e+04
0.042658     5.558796e+03     3.507520e+03     2.051276e+03     1.384799e+04
0.043652     5.486590e+03     3.436087e+03     2.050504e+03     1.358280e+04
0.044668     5.416751e+03     3.367045e+03     2.049706e+03     1.332716e+04
0.045709     5.349317e+03     3.300433e+03     2.048884e+03     1.308124e+04
0.046774     5.284302e+03     3.236268e+03     2.048035e+03     1.284513e+04
0.047863     5.221692e+03     3.174533e+03     2.047158e+03     1.261881e+04
0.048978     5.161439e+03     3.115185e+03     2.046254e+03     1.240212e+04
0.050119     5.103467e+03     3.058148e+03     2.045320e+03     1.219480e+04
0.051286     5.047662e+03     3.003307e+03     2.044355e+03     1.199643e+04
0.052481     4.993869e+03     2.950510e+03     2.043359e+03     1.180644e+04
0.053703     4.941893e+03     2.899562e+03     2.042331e+03     1.162409e+04
0.054954     4.891495e+03     2.850226e+03     2.041268e+03     1.144844e+04
0.056234     4.842383e+03     2.802212e+03     2.040171e+03     1.127838e+04
0.057544     4.794223e+03     2.755185e+03     2.039037e+03     1.111257e+04
0.058884     4.746628e+03     2.708762e+03     2.037866e+03     1.094949e+04
0.060256     4.699171e+03     2.662515e+03     2.036656e+03     1.078741e+04
0.061660     4.651386e+03     2.615980e+03     2.035406e+03     1.062445e+04
0.063096     4.602778e+03     2.568664e+03     2.034114e+03     1.045859e+04
0.064565     4.552838e+03     2.520059e+03     2.032779e+03     1.028771e+04
0.066069     4.501058e+03     2.469660e+03     2.031398e+03     1.010969e+04
0.067608     4.446958e+03     2.416986e+03     2.029972e+03     9.922483e+03
0.069183     4.390104e+03     2.361607e+03     2.028497e+03     9.724209e+03
0.070795     4.330138e+03     2.303167e+03     2.026972e+03     9.513264e+03
0.072444     4.266814e+03     2.241419e+03     2.025395e+03     9.288472e+03
0.074131     4.200013e+03     2.176248e+03     2.023765e+03     9.049163e+03
0.075858     4.129774e+03     2.107695e+03     2.022079e+03     8.795305e+03
0.077625     4.056311e+03     2.035975e+03     2.020335e+03     8.527577e+03
0.079433     3.980020e+03     1.961488e+03     2.018532e+03     8.247422e+03
0.081283     3.901482e+03     1.884816e+03     2.016667e+03     7.957071e+03
0.083176     3.821444e+03     1.806707e+03     2.014737e+03     7.659471e+03
0.085114     3.740795e+03     1.728053e+03     2.012741e+03     7.358223e+03
0.087096     3.660521e+03     1.649845e+03     2.010677e+03     7.057393e+03
0.089125     3.581662e+03     1.573122e+03     2.008540e+03     6.761344e+03
0.091201     3.505249e+03     1.498919e+03     2.006330e+03     6.474486e+03
0.093325     3.432247e+03     1.428204e+03     2.004043e+03     6.201031e+03
0.095499     3.363493e+03     1.361817e+03     2.001677e+03     5.944733e+03
0.097724     3.299646e+03     1.300418e+03     1.999228e+03     5.708655e+03
0.100000     3.241139e+03     1.244446e+03     1.996694e+03     5.494951e+03
0.102329     3.188144e+03     1.194073e+03     1.994071e+03     5.304687e+03
0.104713     3.140557e+03     1.149200e+03     1.991357e+03     5.137748e+03
0.107152     3.097985e+03     1.109437e+03     1.988548e+03     4.992743e+03
0.109648     3.059762e+03     1.074121e+03     1.985641e+03     4.867030e+03
0.112202     3.024977e+03     1.042345e+03     1.982632e+03     4.756799e+03
0.114815     2.992520e+03     1.013003e+03     1.979518e+03     4.657241e+03
0.117490     2.961163e+03     9.848688e+02     1.976294e+03     4.562865e+03
0.120226     2.929653e+03     9.566946e+02     1.972958e+03     4.467903e+03
0.123027     2.896827e+03     9.273223e+02     1.969505e+03     4.366831e+03
0.125893     2.861742e+03     8.958112e+02     1.965931e+03     4.254962e+03
0.128825     2.823786e+03     8.615541e+02     1.962232e+03     4.129023e+03
0.131826     2.782771e+03     8.243681e+02     1.958403e+03     3.987656e+03
0.134896     2.738973e+03     7.845318e+02     1.954441e+03     3.831679e+03
0.138038     2.693105e+03     7.427647e+02     1.950340e+03     3.664090e+03
0.141254     2.646234e+03     7.001377e+02     1.946096e+03     3.489741e+03
0.144544     2.599631e+03     6.579268e+02     1.941704e+03     3.314703e+03
0.147911     2.554595e+03     6.174353e+02     1.937160e+03     3.145447e+03
0.151356     2.512270e+03     5.798123e+02     1.932457e+03     2.987946e+03
0.154882     2.473490e+03     5.458982e+02     1.927592e+03     2.846859e+03
0.158489     2.438674e+03     5.161163e+02     1.922558e+03     2.724892e+03
0.162181     2.407776e+03     4.904254e+02     1.917350e+03     2.622433e+03
0.165959     2.380297e+03     4.683340e+02     1.911963e+03     2.537483e+03
0.169824     2.355367e+03     4.489751e+02     1.906391e+03     2.465900e+03
0.173780     2.331868e+03     4.312394e+02     1.900629e+03     2.401988e+03
0.177828     2.308626e+03     4.139563e+02     1.894670e+03     2.339392e+03
0.181970     2.284613e+03     3.961038e+02     1.888509e+03     2.272238e+03
0.186209     2.259146e+03     3.770066e+02     1.882139e+03     2.196311e+03
0.190546     2.232030e+03     3.564749e+02     1.875555e+03     2.109992e+03
0.194984     2.203583e+03     3.348329e+02     1.868750e+03     2.014634e+03
0.199526     2.174538e+03     3.128199e+02     1.861718e+03     1.914218e+03
0.204174     2.145838e+03     2.913846e+02     1.854453e+03     1.814294e+03
0.208930     2.118382e+03     2.714331e+02     1.846949e+03     1.720542e+03
0.213796     2.092799e+03     2.536006e+02     1.839199e+03     1.637323e+03
0.218776     2.069306e+03     2.381102e+02     1.831196e+03     1.566626e+03
0.223872     2.047678e+03     2.247442e+02     1.822934e+03     1.507657e+03
0.229087     2.027337e+03     2.129292e+02     1.814408e+03     1.457141e+03
0.234423     2.007524e+03     2.019137e+02     1.805610e+03     1.410299e+03
0.239883     1.987529e+03     1.909951e+02     1.796534e+03     1.362306e+03
0.245471     1.966908e+03     1.797326e+02     1.787175e+03     1.309830e+03
0.251189     1.945595e+03     1.680696e+02     1.777525e+03     1.252110e+03
0.257040     1.923892e+03     1.563117e+02     1.767580e+03     1.191078e+03
0.263027     1.902301e+03     1.449683e+02     1.757332e+03     1.130439e+03
0.269153     1.881303e+03     1.345257e+02     1.746777e+03     1.074076e+03
0.275423     1.861162e+03     1.252523e+02     1.735909e+03     1.024474e+03
0.281838     1.841835e+03     1.171127e+02     1.724723e+03     9.818256e+02
0.288403     1.823026e+03     1.098137e+02     1.713213e+03     9.441272e+02
0.295121     1.804329e+03     1.029548e+02     1.701374e+03     9.082219e+02
0.301995     1.785418e+03     9.621417e+01     1.689204e+03     8.713292e+02
0.309030     1.766178e+03     8.948170e+01     1.676696e+03     8.323389e+02
0.316228     1.746721e+03     8.287350e+01     1.663848e+03     7.921870e+02
0.323594     1.727280e+03     7.662470e+01     1.650656e+03     7.530925e+02
0.331131     1.708049e+03     7.093180e+01     1.637117e+03     7.171456e+02
0.338844     1.689069e+03     6.583987e+01     1.623229e+03     6.851082e+02
0.346737     1.670225e+03     6.123443e+01     1.608991e+03     6.561215e+02
0.354813     1.651329e+03     5.692931e+01     1.594400e+03     6.284269e+02
0.363078     1.632242e+03     5.278570e+01     1.579456e+03     6.005849e+02
0.371535     1.612942e+03     4.878281e+01     1.564159e+03     5.723613e+02
0.380189     1.593507e+03     4.499640e+01     1.548510e+03     5.446649e+02
0.389045     1.574023e+03     4.151343e+01     1.532510e+03     5.186663e+02
0.398107     1.554516e+03     3.835512e+01     1.516161e+03     4.948423e+02
0.407380     1.534931e+03     3.546563e+01     1.499465e+03     4.727024e+02
0.416869     1.515190e+03     3.276382e+01     1.482426e+03     4.513363e+02
0.426580     1.495254e+03     3.020491e+01     1.465049e+03     4.302236e+02
0.436516     1.475137e+03     2.779872e+01     1.447339e+03     4.095754e+02
0.446684     1.454877e+03     2.557603e+01     1.429301e+03     3.899530e+02
0.457088     1.434487e+03     2.354450e+01     1.410943e+03     3.716314e+02
0.467735     1.413950e+03     2.167777e+01     1.392272e+03     3.543649e+02
0.478630     1.393238e+03     1.994097e+01     1.373297e+03     3.377236e+02
0.489779     1.372347e+03     1.831876e+01     1.354028e+03     3.215525e+02
0.501187     1.351291e+03     1.681580e+01     1.334475e+03     3.060352e+02
0.512861     1.330085e+03     1.543605e+01     1.314649e+03     2.913679e+02
0.524807     1.308733e+03     1.416927e+01     1.294563e+03     2.774942e+02
0.537032     1.287228e+03     1.299851e+01     1.274230e+03     2.642082e+02
0.549541     1.265577e+03     1.191394e+01     1.253663e+03     2.514176e+02
0.562341     1.243791e+03     1.091413e+01     1.232877e+03     2.391962e+02
0.575440     1.221885e+03     9.996717e+00     1.211888e+03     2.276043e+02
0.588844     1.199866e+03     9.153784e+00     1.190712e+03     2.165763e+02
0.602560     1.177742e+03     8.376873e+00     1.169366e+03     2.060178e+02
0.616595     1.155528e+03     7.661629e+00     1.147867e+03     1.959196e+02
0.630957     1.133239e+03     7.005460e+00     1.126233e+03     1.863138e+02
0.645654     1.110888e+03     6.403751e+00     1.104484e+03     1.771774e+02
0.660693     1.088490e+03     5.850992e+00     1.082639e+03     1.684532e+02
0.676083     1.066060e+03     5.343476e+00     1.060716e+03     1.601238e+02
0.691831     1.043615e+03     4.878584e+00     1.038737e+03     1.521988e+02
0.707946     1.021173e+03     4.452823e+00     1.016720e+03     1.446564e+02
0.724436     9.987500e+02     4.062518e+00     9.946875e+02     1.374606e+02
0.741310     9.763638e+02     3.705090e+00     9.726587e+02     1.306037e+02
0.758578     9.540327e+02     3.378250e+00     9.506544e+02     1.240828e+02
0.776247     9.317745e+02     3.079217e+00     9.286953e+02     1.178717e+02
0.794328     9.096073e+02     2.805633e+00     9.068017e+02     1.119523e+02
0.812831     8.875495e+02     2.555704e+00     8.849938e+02     1.063226e+02
0.831764     8.656189e+02     2.327384e+00     8.632915e+02     1.009655e+02
0.851138     8.438332e+02     2.118744e+00     8.417145e+02     9.586234e+01
0.870964     8.222103e+02     1.928337e+00     8.202819e+02     9.100988e+01
0.891251     8.007671e+02     1.754584e+00     7.990126e+02     8.639424e+01
0.912011     7.795205e+02     1.595997e+00     7.779245e+02     8.200000e+01
0.933254     7.584867e+02     1.451422e+00     7.570353e+02     7.782351e+01
0.954993     7.376815e+02     1.319602e+00     7.363619e+02     7.385097e+01
0.977237     7.171199e+02     1.199433e+00     7.159205e+02     7.007203e+01
1.000000     6.968164e+02     1.089986e+00     6.957265e+02     6.648158e+01
1.023293     6.767847e+02     9.902640e-01     6.757945e+02     6.306638e+01
1.047129     6.570378e+02     8.994746e-01     6.561383e+02     5.982110e+01
1.071519     6.375877e+02     8.168315e-01     6.367709e+02     5.673705e+01
1.096478     6.184458e+02     7.416077e-01     6.177042e+02     5.380534e+01
1.122018     5.996227e+02     6.731870e-01     5.989495e+02     5.102112e+01
1.148154     5.811278e+02     6.109368e-01     5.805168e+02     4.837467e+01
1.174898     5.629700e+02     5.543455e-01     5.624156e+02     4.586192e+01
1.202264     5.451570e+02     5.028873e-01     5.446541e+02     4.347437e+01
1.230269     5.276959e+02     4.561268e-01     5.272397e+02     4.120768e+01
1.258925     5.105926e+02     4.136311e-01     5.101790e+02     3.905469e+01
1.288250     4.938525e+02     3.750312e-01     4.934774e+02     3.701101e+01
1.318257     4.774797e+02     3.399687e-01     4.771397e+02     3.507038e+01
1.348963     4.614779e+02     3.081347e-01     4.611697e+02     3.322869e+01
1.380384     4.458496e+02     2.792304e-01     4.455704e+02     3.148023e+01
1.412538     4.305968e+02     2.529992e-01     4.303438e+02     2.982136e+01
1.445440     4.157204e+02     2.291919e-01     4.154912e+02     2.824681e+01
1.479108     4.012209e+02     2.075941e-01     4.010134e+02     2.675317e+01
1.513561     3.870979e+02     1.880013e-01     3.869099e+02     2.533598e+01
1.548817     3.733504e+02     1.702320e-01     3.731802e+02     2.399164e+01
1.584893     3.599766e+02     1.541200e-01     3.598225e+02     2.271665e+01
1.621810     3.469742e+02     1.395117e-01     3.468347e+02     2.150730e+01
1.659587     3.343404e+02     1.262708e-01     3.342142e+02     2.036060e+01
1.698244     3.220719e+02     1.142706e-01     3.219576e+02     1.927330e+01
1.737801     3.101646e+02     1.033963e-01     3.100612e+02     1.824235e+01
1.778279     2.986142e+02     9.354475e-02     2.985207e+02     1.726509e+01
1.819701     2.874160e+02     8.462078e-02     2.873314e+02     1.633877e+01
1.862087     2.765649e+02     7.653804e-02     2.764884e+02     1.546074e+01
1.905461     2.660553e+02     6.921865e-02     2.659861e+02     1.462864e+01
1.949845     2.558815e+02     6.259171e-02     2.558189e+02     1.384019e+01
1.995262     2.460373e+02     5.659229e-02     2.459807e+02     1.309310e+01
2.041738     2.365164e+02     5.116177e-02     2.364652e+02     1.238528e+01
2.089296     2.273123e+02     4.624692e-02     2.272661e+02     1.171474e+01
2.137962     2.184183e+02     4.179949e-02     2.183765e+02     1.107960e+01
2.187762     2.098276e+02     3.777554e-02     2.097898e+02     1.047804e+01
2.238721     2.015331e+02     3.413519e-02     2.014989e+02     9.908339e+00
2.290868     1.935277e+02     3.084230e-02     1.934969e+02     9.368850e+00
2.344229     1.858043e+02     2.786408e-02     1.857765e+02     8.858025e+00
2.398833     1.783558e+02     2.517081e-02     1.783306e+02     8.374385e+00
2.454709     1.711748e+02     2.273550e-02     1.711520e+02     7.916522e+00
2.511886     1.642541e+02     2.053375e-02     1.642335e+02     7.483112e+00
2.570396     1.575865e+02     1.854337e-02     1.575679e+02     7.072881e+00
2.630268     1.511648e+02     1.674428e-02     1.511480e+02     6.684625e+00
2.691535     1.449818e+02     1.511828e-02     1.449667e+02     6.317203e+00
2.754229     1.390305e+02     1.364888e-02     1.390168e+02     5.969523e+00
2.818383     1.333037e+02     1.232114e-02     1.332914e+02     5.640555e+00
2.884032     1.277947e+02     1.112154e-02     1.277835e+02     5.329319e+00
2.951209     1.224964e+02     1.003783e-02     1.224864e+02     5.034885e+00
3.019952     1.174022e+02     9.058908e-03     1.173931e+02     4.756372e+00
3.090295     1.125054e+02     8.174744e-03     1.124972e+02     4.492943e+00
3.162278     1.077995e+02     7.376231e-03     1.077922e+02     4.243797e+00
3.235937     1.032782e+02     6.655147e-03     1.032715e+02     4.008179e+00
3.311311     9.893508e+01     6.004047e-03     9.892907e+01     3.785374e+00
3.388442     9.476409e+01     5.416207e-03     9.475867e+01     3.574709e+00
3.467369     9.075923e+01     4.885513e-03     9.075435e+01     3.375529e+00
3.548134     8.691466e+01     4.406464e-03     8.691026e+01     3.187228e+00
3.630781     8.322468e+01     3.974074e-03     8.322070e+01     3.009227e+00
3.715352     7.968371e+01     3.583830e-03     7.968013e+01     2.840973e+00
3.801894     7.628636e+01     3.231659e-03     7.628313e+01     2.681949e+00
3.890451     7.302736e+01     2.913872e-03     7.302445e+01     2.531657e+00
3.981072     6.990159e+01     2.627136e-03     6.989897e+01     2.389629e+00
4.073803     6.690409e+01     2.368440e-03     6.690172e+01     2.255421e+00
4.168694     6.403003e+01     2.135060e-03     6.402790e+01     2.128612e+00
4.265795     6.127474e+01     1.924539e-03     6.127282e+01     2.008805e+00
4.365158     5.863369e+01     1.734650e-03     5.863195e+01     1.895619e+00
4.466836     5.610248e+01     1.563387e-03     5.610091e+01     1.788697e+00
4.570882     5.367686e+01     1.408935e-03     5.367546e+01     1.687701e+00
4.677351     5.135274e+01     1.269654e-03     5.135147e+01     1.592309e+00
4.786301     4.912612e+01     1.144064e-03     4.912498e+01     1.502215e+00
4.897788     4.699318e+01     1.030827e-03     4.699215e+01     1.417133e+00
5.011872     4.495020e+01     9.287361e-04     4.494927e+01     1.336787e+00
5.128614     4.299359e+01     8.367011e-04     4.299276e+01     1.260922e+00
5.248075     4.111991e+01     7.537376e-04     4.111916e+01     1.189291e+00
5.370318     3.932582e+01     6.789568e-04     3.932514e+01     1.121663e+00
5.495409     3.760810e+01     6.115565e-04     3.760749e+01     1.057819e+00
5.623413     3.596366e+01     5.508124e-04     3.596311e+01     9.975509e-01
5.754399     3.438951e+01     4.960710e-04     3.438902e+01     9.406623e-01
5.888437     3.288278e+01     4.467427e-04     3.288233e+01     8.869675e-01
6.025596     3.144069e+01     4.022950e-04     3.144029e+01     8.362903e-01
6.165950     3.006059e+01     3.622478e-04     3.006022e+01     7.884644e-01
6.309573     2.873991e+01     3.261678e-04     2.873958e+01     7.433321e-01
6.456542     2.747618e+01     2.936640e-04     2.747589e+01     7.007442e-01
6.606934     2.626704e+01     2.643841e-04     2.626677e+01     6.605606e-01
6.760830     2.511020e+01     2.380100e-04     2.510997e+01     6.226477e-01
6.918310     2.400348e+01     2.142545e-04     2.400327e+01     5.868788e-01
7.079458     2.294478e+01     1.928593e-04     2.294458e+01     5.531357e-01
7.244360     2.193206e+01     1.735907e-04     2.193189e+01     5.213045e-01
7.413102     2.096339e+01     1.562388e-04     2.096324e+01     4.912798e-01
7.585776     2.003691e+01     1.406138e-04     2.003677e+01     4.629603e-01
7.762471     1.915082e+01     1.265444e-04     1.915069e+01     4.362506e-01
7.943282     1.830341e+01     1.138767e-04     1.830330e+01     4.110609e-01
8.128305     1.749303e+01     1.024717e-04     1.749293e+01     3.873061e-01
8.317638     1.671810e+01     9.220408e-05     1.671801e+01     3.649058e-01
8.511380     1.597711e+01     8.296098e-05     1.597702e+01     3.437839e-01
8.709636     1.526859e+01     7.464064e-05     1.526852e+01     3.238686e-01
8.912509     1.459116e+01     6.715131e-05     1.459109e+01     3.050919e-01
9.120108     1.394347e+01     6.041045e-05     1.394341e+01     2.873901e-01
9.332543     1.332425e+01     5.434354e-05     1.332420e+01     2.707022e-01
9.549926     1.273227e+01     4.888351e-05     1.273222e+01     2.549712e-01
9.772372     1.216634e+01     4.396990e-05     1.216630e+01     2.401429e-01
10.000000     1.162535e+01     3.954827e-05     1.162531e+01     2.261664e-01
10.232930     1.110821e+01     3.556957e-05     1.110817e+01     2.129934e-01
10.471285     1.061388e+01     3.198965e-05     1.061385e+01     2.005785e-01
10.715193     1.014138e+01     2.876865e-05     1.014135e+01     1.888785e-01
10.964782     9.689756e+00     2.587077e-05     9.689730e+00     1.778529e-01
11.220185     9.258094e+00     2.326372e-05     9.258070e+00     1.674633e-01
11.481536     8.845525e+00     2.091844e-05     8.845504e+00     1.576737e-01
11.748976     8.451216e+00     1.880872e-05     8.451198e+00     1.484498e-01
12.022644     8.074369e+00     1.691104e-05     8.074352e+00     1.397593e-01
12.302688     7.714220e+00     1.520412e-05     7.714204e+00     1.315718e-01
12.589254     7.370036e+00     1.366891e-05     7.370022e+00     1.238587e-01
12.882496     7.041118e+00     1.228816e-05     7.041105e+00     1.165927e-01
13.182567     6.726796e+00     1.104641e-05     6.726784e+00     1.097483e-01
13.489629     6.426428e+00     9.929725e-06     6.426418e+00     1.033014e-01
13.803843     6.139402e+00     8.925536e-06     6.139393e+00     9.722908e-02
14.125375     5.865129e+00     8.022557e-06     5.865121e+00     9.150984e-02
14.454398     5.603049e+00     7.210640e-06     5.603042e+00     8.612360e-02
14.791084     5.352625e+00     6.480618e-06     5.352618e+00     8.105103e-02
15.135612     5.113341e+00     5.824269e-06     5.113335e+00     7.627417e-02
15.488166     4.884707e+00     5.234180e-06     4.884702e+00     7.177596e-02
15.848932     4.666252e+00     4.703685e-06     4.666247e+00     6.754032e-02
16.218101     4.457527e+00     4.226787e-06     4.457522e+00     6.355211e-02
16.595869     4.258100e+00     3.798091e-06     4.258097e+00     5.979709e-02
16.982437     4.067562e+00     3.412739e-06     4.067558e+00     5.626172e-02
17.378008     3.885518e+00     3.066367e-06     3.885514e+00     5.293335e-02
17.782794     3.711591e+00     2.755042e-06     3.711589e+00     4.979997e-02
18.197009     3.545424e+00     2.475230e-06     3.545421e+00     4.685030e-02
18.620871     3.386670e+00     2.223753e-06     3.386668e+00     4.407369e-02
19.054607     3.235002e+00     1.997749e-06     3.235000e+00     4.146007e-02
19.498446     3.090105e+00     1.794648e-06     3.090103e+00     3.900001e-02
19.952623     2.951678e+00     1.612136e-06     2.951676e+00     3.668458e-02
20.417379     2.819434e+00     1.448130e-06     2.819432e+00     3.450534e-02
20.892961     2.693098e+00     1.300762e-06     2.693097e+00     3.245438e-02
21.379621     2.572407e+00     1.168349e-06     2.572406e+00     3.052425e-02
21.877616     2.457111e+00     1.049377e-06     2.457110e+00     2.870787e-02
22.387211     2.346969e+00     9.424865e-07     2.346968e+00     2.699865e-02
22.908677     2.241753e+00     8.464537e-07     2.241752e+00     2.539028e-02
23.442288     2.141241e+00     7.601796e-07     2.141240e+00     2.387690e-02
23.988329     2.045226e+00     6.826752e-07     2.045225e+00     2.245296e-02
24.547089     1.953506e+00     6.130515e-07     1.953506e+00     2.111320e-02
25.118864     1.865891e+00     5.505099e-07     1.865891e+00     1.985272e-02
25.703958     1.782197e+00     4.943318e-07     1.782197e+00     1.866686e-02
26.302680     1.702249e+00     4.438712e-07     1.702249e+00     1.755124e-02
26.915348     1.625881e+00     3.985485e-07     1.625881e+00     1.650175e-02
27.542287     1.552932e+00     3.578417e-07     1.552932e+00     1.551451e-02
28.183829     1.483250e+00     3.212820e-07     1.483250e+00     1.458585e-02
28.840315     1.416689e+00     2.884482e-07     1.416689e+00     1.371234e-02
29.512092     1.353110e+00     2.589615e-07     1.353110e+00     1.289073e-02
30.199517     1.292380e+00     2.324816e-07     1.292380e+00     1.211795e-02
30.902954     1.234370e+00     2.087027e-07     1.234370e+00     1.139114e-02
31.622777     1.178961e+00     1.873501e-07     1.178961e+00     1.070759e-02
32.359366     1.126035e+00     1.681768e-07     1.126034e+00     1.006474e-02
33.113112     1.075481e+00     1.509609e-07     1.075481e+00     9.460189e-03
33.884416     1.027193e+00     1.355033e-07     1.027193e+00     8.891681e-03
34.673685     9.810708e-01     1.216247e-07     9.810707e-01     8.357082e-03
35.481339     9.370165e-01     1.091643e-07     9.370164e-01     7.854386e-03
36.307805     8.949378e-01     9.797739e-08     8.949377e-01     7.381704e-03
37.153523     8.547463e-01     8.793436e-08     8.547462e-01     6.937267e-03
38.018940     8.163576e-01     7.891838e-08     8.163575e-01     6.519390e-03
38.904514     7.796909e-01     7.082473e-08     7.796908e-01     6.126505e-03
39.810717     7.446692e-01     6.355929e-08     7.446691e-01     5.757130e-03
40.738028     7.112188e-01     5.703750e-08     7.112187e-01     5.409868e-03
41.686938     6.792693e-01     5.118344e-08     6.792692e-01     5.083407e-03
42.657952     6.487535e-01     4.592886e-08     6.487534e-01     4.776506e-03
43.651583     6.196072e-01     4.121259e-08     6.196071e-01     4.488010e-03
44.668359     5.917690e-01     3.697955e-08     5.917689e-01     4.216818e-03
45.708819     5.651803e-01     3.318039e-08     5.651803e-01     3.961905e-03
46.773514     5.397852e-01     2.977071e-08     5.397851e-01     3.722297e-03
47.863009     5.155300e-01     2.671067e-08     5.155300e-01     3.497084e-03
48.977882     4.923638e-01     2.396450e-08     4.923638e-01     3.285406e-03
50.118723     4.702377e-01     2.150008e-08     4.702377e-01     3.086457e-03
51.286138     4.491051e-01     1.928858e-08     4.491051e-01     2.899479e-03
52.480746     4.289214e-01     1.730409e-08     4.289213e-01     2.723755e-03
53.703180     4.096440e-01     1.552335e-08     4.096440e-01     2.558611e-03
54.954087     3.912324e-01     1.392551e-08     3.912324e-01     2.403418e-03
56.234133     3.736477e-01     1.249180e-08     3.736477e-01     2.257579e-03
57.543994     3.568528e-01     1.120541e-08     3.568528e-01     2.120533e-03
58.884366     3.408122e-01     1.005122e-08     3.408122e-01     1.991755e-03
60.255959     3.254922e-01     9.015696e-09     3.254922e-01     1.870751e-03
61.659500     3.108604e-01     8.086645e-09     3.108604e-01     1.757052e-03
63.095734     2.968859e-01     7.253148e-09     2.968859e-01     1.650222e-03
64.565423     2.835392e-01     6.505393e-09     2.835391e-01     1.549848e-03
66.069345     2.707921e-01     5.834588e-09     2.707921e-01     1.455544e-03
67.608298     2.586177e-01     5.232819e-09     2.586177e-01     1.366944e-03
69.183097     2.469904e-01     4.692998e-09     2.469904e-01     1.283704e-03
70.794578     2.358856e-01     4.208763e-09     2.358856e-01     1.205505e-03
72.443596     2.252797e-01     3.774402e-09     2.252797e-01     1.132042e-03
74.131024     2.151504e-01     3.384787e-09     2.151504e-01     1.063029e-03
75.857758     2.054764e-01     3.035317e-09     2.054764e-01     9.982004e-04
77.624712     1.962371e-01     2.721864e-09     1.962371e-01     9.373026e-04
79.432823     1.874130e-01     2.440725e-09     1.874130e-01     8.801000e-04
81.283052     1.789856e-01     2.188570e-09     1.789856e-01     8.263680e-04
83.176377     1.709369e-01     1.962421e-09     1.709369e-01     7.758987e-04
85.113804     1.632500e-01     1.759599e-09     1.632500e-01     7.284946e-04
87.096359     1.559086e-01     1.577704e-09     1.559086e-01     6.839717e-04
89.125094     1.488972e-01     1.414579e-09     1.488972e-01     6.421545e-04
91.201084     1.422010e-01     1.268292e-09     1.422010e-01     6.028806e-04
93.325430     1.358058e-01     1.137107e-09     1.358058e-01     5.659957e-04
95.499259     1.296981e-01     1.019468e-09     1.296981e-01     5.313555e-04
97.723722     1.238650e-01     9.139788e-10     1.238650e-01     4.988245e-04
100.000000     1.182941e-01     8.193871e-10     1.182941e-01     4.682747e-04
102.329299     1.129737e-01     7.345687e-10     1.129737e-01     4.395860e-04
104.712855     1.078925e-01     6.585161e-10     1.078925e-01     4.126460e-04
107.151931     1.030397e-01     5.903247e-10     1.030397e-01     3.873487e-04
109.647820     9.840518e-02     5.291836e-10     9.840518e-02     3.635946e-04
112.201845     9.397900e-02     4.743645e-10     9.397900e-02     3.412896e-04
114.815362     8.975185e-02     4.252151e-10     8.975185e-02     3.203461e-04
117.489755     8.571477e-02     3.811502e-10     8.571477e-02     3.006816e-04
120.226443     8.185922e-02     3.416446e-10     8.185922e-02     2.822183e-04
123.026877     7.817705e-02     3.062272e-10     7.817705e-02     2.648831e-04
125.892541     7.466046e-02     2.744757e-10     7.466046e-02     2.486076e-04
128.824955     7.130201e-02     2.460115e-10     7.130201e-02     2.333274e-04
131.825674     6.809459e-02     2.204944e-10     6.809459e-02     2.189817e-04
134.896288     6.503141e-02     1.976201e-10     6.503141e-02     2.055140e-04
138.038426     6.210599e-02     1.771152e-10     6.210599e-02     1.928705e-04
141.253754     5.931214e-02     1.587347e-10     5.931214e-02     1.810014e-04
144.543977     5.664393e-02     1.422588e-10     5.664393e-02     1.698593e-04
147.910839     5.409573e-02     1.274906e-10     5.409573e-02     1.593999e-04
151.356125     5.166214e-02     1.142532e-10     5.166214e-02     1.495816e-04
154.881662     4.933800e-02     1.023882e-10     4.933800e-02     1.403652e-04
158.489319     4.711839e-02     9.175357e-11     4.711839e-02     1.317142e-04
162.181010     4.499861e-02     8.222194e-11     4.499861e-02     1.235940e-04
165.958691     4.297418e-02     7.367908e-11     4.297418e-02     1.159722e-04
169.824365     4.104081e-02     6.602255e-11     4.104081e-02     1.088183e-04
173.780083     3.919440e-02     5.916055e-11     3.919440e-02     1.021038e-04
177.827941     3.743104e-02     5.301070e-11     3.743104e-02     9.580167e-05
181.970086     3.574701e-02     4.749930e-11     3.574701e-02     8.988695e-05
186.208714     3.413872e-02     4.256008e-11     3.413872e-02     8.433579e-05
190.546072     3.260277e-02     3.813380e-11     3.260277e-02     7.912604e-05
194.984460     3.113592e-02     3.416718e-11     3.113592e-02     7.423668e-05
199.526231     2.973506e-02     3.061262e-11     2.973506e-02     6.964820e-05
204.173794     2.839721e-02     2.742736e-11     2.839721e-02     6.534214e-05
208.929613     2.711954e-02     2.457308e-11     2.711954e-02     6.130117e-05
213.796209     2.589935e-02     2.201544e-11     2.589935e-02     5.750911e-05
218.776162     2.473405e-02     1.972365e-11     2.473405e-02     5.395062e-05
223.872114     2.362117e-02     1.767013e-11     2.362117e-02     5.061146e-05
229.086765     2.255836e-02     1.583012e-11     2.255836e-02     4.747811e-05
234.422882     2.154336e-02     1.418147e-11     2.154336e-02     4.453796e-05
239.883292     2.057402e-02     1.270430e-11     2.057402e-02     4.177916e-05
245.470892     1.964829e-02     1.138079e-11     1.964829e-02     3.919056e-05
251.188643     1.876421e-02     1.019498e-11     1.876421e-02     3.676170e-05
257.039578     1.791991e-02     9.132577e-12     1.791991e-02     3.448279e-05
263.026799     1.711359e-02     8.180750e-12     1.711359e-02     3.234463e-05
269.153480     1.634354e-02     7.327991e-12     1.634354e-02     3.033849e-05
275.422870     1.560814e-02     6.564019e-12     1.560814e-02     2.845632e-05
281.838293     1.490583e-02     5.879592e-12     1.490583e-02     2.669047e-05
288.403150     1.423511e-02     5.266444e-12     1.423511e-02     2.503378e-05
295.120923     1.359457e-02     4.717157e-12     1.359457e-02     2.347952e-05
301.995172     1.298285e-02     4.225093e-12     1.298285e-02     2.202141e-05
309.029543     1.239866e-02     3.784295e-12     1.239866e-02     2.065351e-05
316.227766     1.184074e-02     3.344806e-12     1.184074e-02     1.911524e-05
323.593657     1.130793e-02     2.995169e-12     1.130793e-02     1.792381e-05
331.131121     1.079910e-02     2.682040e-12     1.079910e-02     1.680638e-05
338.844156     1.031315e-02     2.401611e-12     1.031315e-02     1.575838e-05
346.736850     9.849075e-03     2.150472e-12     9.849075e-03     1.477551e-05
354.813389     9.405877e-03     1.925565e-12     9.405877e-03     1.385374e-05
363.078055     8.982621e-03     1.724155e-12     8.982621e-03     1.298928e-05
371.535229     8.578409e-03     1.543790e-12     8.578409e-03     1.217859e-05
380.189396     8.192386e-03     1.382273e-12     8.192386e-03     1.141833e-05
389.045145     7.823731e-03     1.237636e-12     7.823731e-03     1.070537e-05
398.107171     7.471664e-03     1.108118e-12     7.471664e-03     1.003679e-05
407.380278     7.135439e-03     9.921394e-13     7.135439e-03     9.409823e-06
416.869383     6.814343e-03     8.882869e-13     6.814343e-03     8.821898e-06
426.579519     6.507695e-03     7.952940e-13     6.507695e-03     8.270589e-06
436.515832     6.214846e-03     7.120262e-13     6.214846e-03     7.753624e-06
446.683592     5.935173e-03     6.374677e-13     5.935173e-03     7.268871e-06
457.088190     5.668085e-03     5.707085e-13     5.668085e-03     6.814329e-06
467.735141     5.413016e-03     5.109336e-13     5.413016e-03     6.388122e-06
478.630092     5.169424e-03     4.574132e-13     5.169424e-03     5.988491e-06
489.778819     4.936793e-03     4.094933e-13     4.936793e-03     5.613782e-06
501.187234     4.714631e-03     3.665887e-13     4.714631e-03     5.262448e-06
512.861384     4.502465e-03     3.281750e-13     4.502465e-03     4.933035e-06
524.807460     4.299846e-03     2.937825e-13     4.299846e-03     4.624179e-06
537.031796     4.106345e-03     2.629908e-13     4.106345e-03     4.334603e-06
549.540874     3.921552e-03     2.354233e-13     3.921552e-03     4.063106e-06
562.341325     3.745074e-03     2.107427e-13     3.745074e-03     3.808564e-06
575.439937     3.576537e-03     1.886470e-13     3.576537e-03     3.569921e-06
588.843655     3.415585e-03     1.688657e-13     3.415585e-03     3.346187e-06
602.559586     3.261875e-03     1.511567e-13     3.261875e-03     3.136433e-06
616.595002     3.115082e-03     1.353031e-13     3.115082e-03     2.939790e-06
630.957344     2.974895e-03     1.211106e-13     2.974895e-03     2.755440e-06
645.654229     2.841017e-03     1.084055e-13     2.841017e-03     2.582617e-06
660.693448     2.713163e-03     9.703195e-14     2.713163e-03     2.420602e-06
676.082975     2.591062e-03     8.685057e-14     2.591062e-03     2.268722e-06
691.830971     2.474456e-03     7.773651e-14     2.474456e-03     2.126345e-06
707.945784     2.363098e-03     6.957800e-14     2.363098e-03     1.992877e-06
724.435960     2.256751e-03     6.227495e-14     2.256751e-03     1.867764e-06
741.310241     2.155189e-03     5.573774e-14     2.155189e-03     1.750483e-06
758.577575     2.058198e-03     4.988615e-14     2.058198e-03     1.640547e-06
776.247117     1.965572e-03     4.464832e-14     1.965572e-03     1.537495e-06
794.328235     1.877114e-03     3.995995e-14     1.877114e-03     1.440899e-06
812.830516     1.792637e-03     3.576346e-14     1.792637e-03     1.350356e-06
831.763771     1.711961e-03     3.200728e-14     1.711961e-03     1.265486e-06
851.138038     1.634916e-03     2.864525e-14     1.634916e-03     1.185936e-06
870.963590     1.561339e-03     2.563606e-14     1.561339e-03     1.111373e-06
891.250938     1.491072e-03     2.294271e-14     1.491072e-03     1.041486e-06
912.010839     1.423968e-03     2.053208e-14     1.423968e-03     9.759817e-07
933.254301     1.359883e-03     1.837452e-14     1.359883e-03     9.145864e-07
954.992586     1.298683e-03     1.644349e-14     1.298683e-03     8.570431e-07
977.237221     1.240236e-03     1.471522e-14     1.240236e-03     8.031108e-07
1000.000000     1.184420e-03     1.316845e-14     1.184420e-03     7.525636e-07
