0.000100     3.486281e+04     9.794572e+01     3.476486e+04     4.073070e+02
0.000102     3.486481e+04     1.001438e+02     3.476467e+04     4.164479e+02
0.000105     3.486711e+04     1.026436e+02     3.476447e+04     4.268432e+02
0.000107     3.486922e+04     1.049525e+02     3.476427e+04     4.364447e+02
0.000110     3.487137e+04     1.073133e+02     3.476406e+04     4.462621e+02
0.000112     3.487357e+04     1.097271e+02     3.476385e+04     4.562999e+02
0.000115     3.487582e+04     1.121952e+02     3.476363e+04     4.665634e+02
0.000117     3.487812e+04     1.147187e+02     3.476341e+04     4.770574e+02
0.000120     3.488048e+04     1.172989e+02     3.476318e+04     4.877873e+02
0.000123     3.488288e+04     1.199371e+02     3.476294e+04     4.987583e+02
0.000126     3.488534e+04     1.226346e+02     3.476271e+04     5.099756e+02
0.000129     3.488785e+04     1.253926e+02     3.476246e+04     5.214449e+02
0.000132     3.489042e+04     1.282126e+02     3.476221e+04     5.331720e+02
0.000135     3.489305e+04     1.310960e+02     3.476196e+04     5.451623e+02
0.000138     3.489574e+04     1.340440e+02     3.476169e+04     5.574218e+02
0.000141     3.489848e+04     1.370583e+02     3.476143e+04     5.699567e+02
0.000145     3.490129e+04     1.401403e+02     3.476115e+04     5.827730e+02
0.000148     3.490416e+04     1.432914e+02     3.476087e+04     5.958771e+02
0.000151     3.490710e+04     1.465133e+02     3.476058e+04     6.092752e+02
0.000155     3.491010e+04     1.498075e+02     3.476029e+04     6.229743e+02
0.000158     3.491317e+04     1.531756e+02     3.475999e+04     6.369804e+02
0.000162     3.491630e+04     1.566193e+02     3.475968e+04     6.513011e+02
0.000166     3.491951e+04     1.601403e+02     3.475937e+04     6.659430e+02
0.000170     3.492279e+04     1.637402e+02     3.475905e+04     6.809135e+02
0.000174     3.492614e+04     1.674209e+02     3.475872e+04     6.962197e+02
0.000178     3.492956e+04     1.711842e+02     3.475838e+04     7.118692e+02
0.000182     3.493307e+04     1.750318e+02     3.475803e+04     7.278694e+02
0.000186     3.493665e+04     1.789657e+02     3.475768e+04     7.442285e+02
0.000191     3.494031e+04     1.829877e+02     3.475732e+04     7.609543e+02
0.000195     3.494405e+04     1.870999e+02     3.475695e+04     7.780548e+02
0.000200     3.494787e+04     1.913043e+02     3.475657e+04     7.955386e+02
0.000204     3.495179e+04     1.956028e+02     3.475618e+04     8.134141e+02
0.000209     3.495578e+04     1.999976e+02     3.475579e+04     8.316900e+02
0.000214     3.495987e+04     2.044908e+02     3.475538e+04     8.503750e+02
0.000219     3.496405e+04     2.090847e+02     3.475497e+04     8.694786e+02
0.000224     3.496832e+04     2.137814e+02     3.475454e+04     8.890097e+02
0.000229     3.497269e+04     2.185831e+02     3.475411e+04     9.089778e+02
0.000234     3.497715e+04     2.234923e+02     3.475366e+04     9.293927e+02
0.000240     3.498172e+04     2.285113e+02     3.475321e+04     9.502642e+02
0.000245     3.498638e+04     2.336425e+02     3.475274e+04     9.716024e+02
0.000251     3.499115e+04     2.388884e+02     3.475226e+04     9.934175e+02
0.000257     3.499603e+04     2.442516e+02     3.475178e+04     1.015720e+03
0.000263     3.500101e+04     2.497345e+02     3.475128e+04     1.038521e+03
0.000269     3.500610e+04     2.553400e+02     3.475076e+04     1.061831e+03
0.000275     3.501131e+04     2.610705e+02     3.475024e+04     1.085662e+03
0.000282     3.501664e+04     2.669289e+02     3.474971e+04     1.110024e+03
0.000288     3.502208e+04     2.729181e+02     3.474916e+04     1.134930e+03
0.000295     3.502764e+04     2.790407e+02     3.474860e+04     1.160391e+03
0.000302     3.503332e+04     2.853000e+02     3.474802e+04     1.186420e+03
0.000309     3.503914e+04     2.916986e+02     3.474744e+04     1.213029e+03
0.000316     3.504508e+04     2.982398e+02     3.474684e+04     1.240231e+03
0.000324     3.505115e+04     3.049265e+02     3.474622e+04     1.268038e+03
0.000331     3.505736e+04     3.117621e+02     3.474559e+04     1.296464e+03
0.000339     3.506370e+04     3.187497e+02     3.474495e+04     1.325522e+03
0.000347     3.507018e+04     3.258926e+02     3.474429e+04     1.355226e+03
0.000355     3.507681e+04     3.331942e+02     3.474362e+04     1.385589e+03
0.000363     3.508358e+04     3.406580e+02     3.474293e+04     1.416628e+03
0.000372     3.509051e+04     3.482873e+02     3.474222e+04     1.448354e+03
0.000380     3.509758e+04     3.560859e+02     3.474150e+04     1.480785e+03
0.000389     3.510482e+04     3.640572e+02     3.474076e+04     1.513934e+03
0.000398     3.511221e+04     3.722052e+02     3.474000e+04     1.547818e+03
0.000407     3.511976e+04     3.805335e+02     3.473923e+04     1.582451e+03
0.000417     3.512748e+04     3.890460e+02     3.473843e+04     1.617851e+03
0.000427     3.513537e+04     3.977465e+02     3.473762e+04     1.654032e+03
0.000437     3.514343e+04     4.066392e+02     3.473679e+04     1.691013e+03
0.000447     3.515167e+04     4.157283e+02     3.473594e+04     1.728810e+03
0.000457     3.516009e+04     4.250175e+02     3.473507e+04     1.767439e+03
0.000468     3.516870e+04     4.345115e+02     3.473418e+04     1.806920e+03
0.000479     3.517749e+04     4.442143e+02     3.473327e+04     1.847270e+03
0.000490     3.518647e+04     4.541305e+02     3.473234e+04     1.888507e+03
0.000501     3.519565e+04     4.642644e+02     3.473139e+04     1.930649e+03
0.000513     3.520503e+04     4.746207e+02     3.473041e+04     1.973716e+03
0.000525     3.521462e+04     4.852038e+02     3.472941e+04     2.017727e+03
0.000537     3.522441e+04     4.960188e+02     3.472839e+04     2.062701e+03
0.000550     3.523441e+04     5.070702e+02     3.472734e+04     2.108659e+03
0.000562     3.524464e+04     5.183629e+02     3.472627e+04     2.155620e+03
0.000575     3.525508e+04     5.299018e+02     3.472518e+04     2.203606e+03
0.000589     3.526575e+04     5.416922e+02     3.472406e+04     2.252637e+03
0.000603     3.527665e+04     5.537390e+02     3.472291e+04     2.302734e+03
0.000617     3.528778e+04     5.660474e+02     3.472173e+04     2.353919e+03
0.000631     3.529915e+04     5.786227e+02     3.472053e+04     2.406215e+03
0.000646     3.531077e+04     5.914705e+02     3.471930e+04     2.459643e+03
0.000661     3.532264e+04     6.045959e+02     3.471804e+04     2.514226e+03
0.000676     3.533476e+04     6.180046e+02     3.471675e+04     2.569987e+03
0.000692     3.534714e+04     6.317021e+02     3.471543e+04     2.626950e+03
0.000708     3.535978e+04     6.456943e+02     3.471408e+04     2.685138e+03
0.000724     3.537269e+04     6.599868e+02     3.471270e+04     2.744574e+03
0.000741     3.538587e+04     6.745856e+02     3.471129e+04     2.805285e+03
0.000759     3.539934e+04     6.894962e+02     3.470984e+04     2.867292e+03
0.000776     3.541308e+04     7.047250e+02     3.470836e+04     2.930623e+03
0.000794     3.542712e+04     7.202782e+02     3.470684e+04     2.995302e+03
0.000813     3.544145e+04     7.361615e+02     3.470529e+04     3.061355e+03
0.000832     3.545608e+04     7.523813e+02     3.470370e+04     3.128807e+03
0.000851     3.547102e+04     7.689440e+02     3.470208e+04     3.197685e+03
0.000871     3.548627e+04     7.858558e+02     3.470041e+04     3.268015e+03
0.000891     3.550183e+04     8.031230e+02     3.469871e+04     3.339824e+03
0.000912     3.551772e+04     8.207524e+02     3.469697e+04     3.413138e+03
0.000933     3.553394e+04     8.387504e+02     3.469518e+04     3.487986e+03
0.000955     3.555048e+04     8.571235e+02     3.469336e+04     3.564393e+03
0.000977     3.556737e+04     8.758785e+02     3.469149e+04     3.642389e+03
0.001000     3.558460e+04     8.950218e+02     3.468958e+04     3.722000e+03
0.001023     3.560218e+04     9.145601e+02     3.468762e+04     3.803254e+03
0.001047     3.562012e+04     9.345006e+02     3.468562e+04     3.886181e+03
0.001072     3.563842e+04     9.548498e+02     3.468357e+04     3.970807e+03
0.001096     3.565708e+04     9.756146e+02     3.468147e+04     4.057162e+03
0.001122     3.567612e+04     9.968019e+02     3.467932e+04     4.145274e+03
0.001148     3.569554e+04     1.018418e+03     3.467712e+04     4.235171e+03
0.001175     3.571534e+04     1.040471e+03     3.467487e+04     4.326883e+03
0.001202     3.573553e+04     1.062966e+03     3.467257e+04     4.420437e+03
0.001230     3.575612e+04     1.085912e+03     3.467021e+04     4.515863e+03
0.001259     3.577711e+04     1.109314e+03     3.466779e+04     4.613187e+03
0.001288     3.579850e+04     1.133180e+03     3.466532e+04     4.712441e+03
0.001318     3.582031e+04     1.157516e+03     3.466279e+04     4.813652e+03
0.001349     3.584253e+04     1.182330e+03     3.466020e+04     4.916847e+03
0.001380     3.586518e+04     1.207628e+03     3.465755e+04     5.022057e+03
0.001413     3.588826e+04     1.233416e+03     3.465484e+04     5.129307e+03
0.001445     3.591177e+04     1.259701e+03     3.465207e+04     5.238626e+03
0.001479     3.593571e+04     1.286491e+03     3.464922e+04     5.350041e+03
0.001514     3.596010e+04     1.313791e+03     3.464631e+04     5.463579e+03
0.001549     3.598494e+04     1.341607e+03     3.464334e+04     5.579267e+03
0.001585     3.601023e+04     1.369946e+03     3.464029e+04     5.697129e+03
0.001622     3.603598e+04     1.398815e+03     3.463717e+04     5.817194e+03
0.001660     3.606219e+04     1.428219e+03     3.463397e+04     5.939485e+03
0.001698     3.608886e+04     1.458163e+03     3.463070e+04     6.064027e+03
0.001738     3.611601e+04     1.488655e+03     3.462735e+04     6.190842e+03
0.001778     3.614362e+04     1.519698e+03     3.462393e+04     6.319955e+03
0.001820     3.617172e+04     1.551299e+03     3.462042e+04     6.451388e+03
0.001862     3.620029e+04     1.583463e+03     3.461683e+04     6.585163e+03
0.001905     3.622934e+04     1.616194e+03     3.461315e+04     6.721300e+03
0.001950     3.625888e+04     1.649498e+03     3.460939e+04     6.859817e+03
0.001995     3.628891e+04     1.683378e+03     3.460553e+04     7.000734e+03
0.002042     3.631943e+04     1.717839e+03     3.460159e+04     7.144069e+03
0.002089     3.635043e+04     1.752884e+03     3.459755e+04     7.289833e+03
0.002138     3.638193e+04     1.788517e+03     3.459342e+04     7.438048e+03
0.002188     3.641393e+04     1.824742e+03     3.458918e+04     7.588723e+03
0.002239     3.644641e+04     1.861561e+03     3.458485e+04     7.741872e+03
0.002291     3.647939e+04     1.898976e+03     3.458041e+04     7.897502e+03
0.002344     3.651286e+04     1.936990e+03     3.457587e+04     8.055625e+03
0.002399     3.654682e+04     1.975605e+03     3.457122e+04     8.216247e+03
0.002455     3.658128e+04     2.014820e+03     3.456646e+04     8.379373e+03
0.002512     3.661622e+04     2.054638e+03     3.456158e+04     8.545005e+03
0.002570     3.665165e+04     2.095058e+03     3.455659e+04     8.713147e+03
0.002630     3.668756e+04     2.136081e+03     3.455148e+04     8.883797e+03
0.002692     3.672395e+04     2.177704e+03     3.454625e+04     9.056951e+03
0.002754     3.676082e+04     2.219928e+03     3.454089e+04     9.232604e+03
0.002818     3.679816e+04     2.262750e+03     3.453541e+04     9.410751e+03
0.002884     3.683596e+04     2.306168e+03     3.452979e+04     9.591378e+03
0.002951     3.687422e+04     2.350178e+03     3.452404e+04     9.774472e+03
0.003020     3.691293e+04     2.394777e+03     3.451815e+04     9.960023e+03
0.003090     3.695208e+04     2.439960e+03     3.451212e+04     1.014801e+04
0.003162     3.699167e+04     2.485722e+03     3.450594e+04     1.033840e+04
0.003236     3.703168e+04     2.532057e+03     3.449962e+04     1.053119e+04
0.003311     3.707211e+04     2.578959e+03     3.449315e+04     1.072634e+04
0.003388     3.711293e+04     2.626418e+03     3.448652e+04     1.092382e+04
0.003467     3.715416e+04     2.674429e+03     3.447973e+04     1.112359e+04
0.003548     3.719575e+04     2.722981e+03     3.447277e+04     1.132563e+04
0.003631     3.723772e+04     2.772064e+03     3.446565e+04     1.152988e+04
0.003715     3.728003e+04     2.821669e+03     3.445836e+04     1.173631e+04
0.003802     3.732267e+04     2.871782e+03     3.445089e+04     1.194486e+04
0.003890     3.736564e+04     2.922391e+03     3.444325e+04     1.215549e+04
0.003981     3.740889e+04     2.973482e+03     3.443541e+04     1.236813e+04
0.004074     3.745243e+04     3.025041e+03     3.442739e+04     1.258273e+04
0.004169     3.749623e+04     3.077052e+03     3.441918e+04     1.279922e+04
0.004266     3.754026e+04     3.129497e+03     3.441076e+04     1.301752e+04
0.004365     3.758450e+04     3.182360e+03     3.440214e+04     1.323758e+04
0.004467     3.762894e+04     3.235621e+03     3.439332e+04     1.345931e+04
0.004571     3.767354e+04     3.289260e+03     3.438427e+04     1.368263e+04
0.004677     3.771827e+04     3.343257e+03     3.437501e+04     1.390744e+04
0.004786     3.776312e+04     3.397586e+03     3.436553e+04     1.413366e+04
0.004898     3.780804e+04     3.452228e+03     3.435581e+04     1.436120e+04
0.005012     3.785302e+04     3.507154e+03     3.434586e+04     1.458993e+04
0.005129     3.789801e+04     3.562342e+03     3.433567e+04     1.481978e+04
0.005248     3.794298e+04     3.617761e+03     3.432522e+04     1.505061e+04
0.005370     3.798791e+04     3.673384e+03     3.431453e+04     1.528230e+04
0.005495     3.803275e+04     3.729180e+03     3.430357e+04     1.551474e+04
0.005623     3.807746e+04     3.785118e+03     3.429234e+04     1.574780e+04
0.005754     3.812201e+04     3.841167e+03     3.428084e+04     1.598134e+04
0.005888     3.816635e+04     3.897290e+03     3.426906e+04     1.621522e+04
0.006026     3.821044e+04     3.953454e+03     3.425698e+04     1.644930e+04
0.006166     3.825424e+04     4.009620e+03     3.424462e+04     1.668341e+04
0.006310     3.829770e+04     4.065750e+03     3.423195e+04     1.691741e+04
0.006457     3.834077e+04     4.121804e+03     3.421896e+04     1.715113e+04
0.006607     3.838340e+04     4.177741e+03     3.420566e+04     1.738440e+04
0.006761     3.842555e+04     4.233519e+03     3.419203e+04     1.761704e+04
0.006918     3.846716e+04     4.289091e+03     3.417807e+04     1.784886e+04
0.007079     3.850817e+04     4.344413e+03     3.416376e+04     1.807969e+04
0.007244     3.854853e+04     4.399435e+03     3.414909e+04     1.830931e+04
0.007413     3.858818e+04     4.454110e+03     3.413407e+04     1.853753e+04
0.007586     3.862705e+04     4.508384e+03     3.411867e+04     1.876414e+04
0.007762     3.866510e+04     4.562208e+03     3.410289e+04     1.898892e+04
0.007943     3.870224e+04     4.615525e+03     3.408672e+04     1.921165e+04
0.008128     3.873843e+04     4.668279e+03     3.407015e+04     1.943209e+04
0.008318     3.877357e+04     4.720412e+03     3.405316e+04     1.965000e+04
0.008511     3.880762e+04     4.771864e+03     3.403576e+04     1.986515e+04
0.008710     3.884049e+04     4.822577e+03     3.401791e+04     2.007728e+04
0.008913     3.887211e+04     4.872483e+03     3.399963e+04     2.028613e+04
0.009120     3.890241e+04     4.921518e+03     3.398089e+04     2.049142e+04
0.009333     3.893129e+04     4.969617e+03     3.396168e+04     2.069289e+04
0.009550     3.895870e+04     5.016711e+03     3.394198e+04     2.089026e+04
0.009772     3.898452e+04     5.062725e+03     3.392180e+04     2.108321e+04
0.010000     3.900870e+04     5.107591e+03     3.390111e+04     2.127147e+04
0.010233     3.903113e+04     5.151232e+03     3.387990e+04     2.145473e+04
0.010471     3.905172e+04     5.193569e+03     3.385815e+04     2.163265e+04
0.010715     3.907039e+04     5.234531e+03     3.383586e+04     2.180493e+04
0.010965     3.908703e+04     5.274029e+03     3.381301e+04     2.197123e+04
0.011220     3.910156e+04     5.311986e+03     3.378958e+04     2.213122e+04
0.011482     3.911387e+04     5.348313e+03     3.376555e+04     2.228453e+04
0.011749     3.912385e+04     5.382930e+03     3.374092e+04     2.243083e+04
0.012023     3.913141e+04     5.415743e+03     3.371567e+04     2.256974e+04
0.012303     3.913644e+04     5.446669e+03     3.368977e+04     2.270092e+04
0.012589     3.913883e+04     5.475610e+03     3.366322e+04     2.282395e+04
0.012882     3.913847e+04     5.502478e+03     3.363599e+04     2.293849e+04
0.013183     3.913525e+04     5.527176e+03     3.360807e+04     2.304412e+04
0.013490     3.912905e+04     5.549610e+03     3.357944e+04     2.314047e+04
0.013804     3.911977e+04     5.569686e+03     3.355008e+04     2.322713e+04
0.014125     3.910727e+04     5.587302e+03     3.351997e+04     2.330370e+04
0.014454     3.909145e+04     5.602367e+03     3.348909e+04     2.336979e+04
0.014791     3.907219e+04     5.614780e+03     3.345741e+04     2.342499e+04
0.015136     3.904938e+04     5.624447e+03     3.342493e+04     2.346890e+04
0.015488     3.902288e+04     5.631274e+03     3.339161e+04     2.350114e+04
0.015849     3.899260e+04     5.635162e+03     3.335744e+04     2.352131e+04
0.016218     3.895841e+04     5.636021e+03     3.332238e+04     2.352902e+04
0.016596     3.892020e+04     5.633767e+03     3.328643e+04     2.352393e+04
0.016982     3.887786e+04     5.628313e+03     3.324955e+04     2.350567e+04
0.017378     3.883129e+04     5.619576e+03     3.321172e+04     2.347390e+04
0.017783     3.878039e+04     5.607483e+03     3.317290e+04     2.342833e+04
0.018197     3.872506e+04     5.591970e+03     3.313309e+04     2.336866e+04
0.018621     3.866522e+04     5.572970e+03     3.309225e+04     2.329464e+04
0.019055     3.860079e+04     5.550440e+03     3.305035e+04     2.320607e+04
0.019498     3.853170e+04     5.524339e+03     3.300736e+04     2.310279e+04
0.019953     3.845789e+04     5.494632e+03     3.296325e+04     2.298464e+04
0.020417     3.837931e+04     5.461309e+03     3.291800e+04     2.285158e+04
0.020893     3.829594e+04     5.424366e+03     3.287158e+04     2.270359e+04
0.021380     3.820776e+04     5.383819e+03     3.282394e+04     2.254073e+04
0.021878     3.811477e+04     5.339696e+03     3.277507e+04     2.236311e+04
0.022387     3.801698e+04     5.292051e+03     3.272492e+04     2.217095e+04
0.022909     3.791442e+04     5.240947e+03     3.267347e+04     2.196450e+04
0.023442     3.780715e+04     5.186472e+03     3.262068e+04     2.174413e+04
0.023988     3.769524e+04     5.128738e+03     3.256650e+04     2.151030e+04
0.024547     3.757878e+04     5.067866e+03     3.251091e+04     2.126349e+04
0.025119     3.745789e+04     5.004012e+03     3.245388e+04     2.100436e+04
0.025704     3.733269e+04     4.937339e+03     3.239535e+04     2.073358e+04
0.026303     3.720332e+04     4.868038e+03     3.233529e+04     2.045193e+04
0.026915     3.706997e+04     4.796316e+03     3.227366e+04     2.016027e+04
0.027542     3.693281e+04     4.722396e+03     3.221042e+04     1.985954e+04
0.028184     3.679204e+04     4.646518e+03     3.214553e+04     1.955071e+04
0.028840     3.664787e+04     4.568934e+03     3.207894e+04     1.923484e+04
0.029512     3.650051e+04     4.489906e+03     3.201061e+04     1.891302e+04
0.030200     3.635020e+04     4.409706e+03     3.194049e+04     1.858638e+04
0.030903     3.619716e+04     4.328611e+03     3.186855e+04     1.825607e+04
0.031623     3.604162e+04     4.246897e+03     3.179472e+04     1.792326e+04
0.032359     3.588382e+04     4.164844e+03     3.171897e+04     1.758911e+04
0.033113     3.572397e+04     4.082724e+03     3.164125e+04     1.725475e+04
0.033884     3.556230e+04     4.000807e+03     3.156150e+04     1.692133e+04
0.034674     3.539902e+04     3.919349e+03     3.147967e+04     1.658991e+04
0.035481     3.523431e+04     3.838595e+03     3.139572e+04     1.626154e+04
0.036308     3.506837e+04     3.758782e+03     3.130959e+04     1.593722e+04
0.037154     3.490134e+04     3.680124e+03     3.122122e+04     1.561784e+04
0.038019     3.473339e+04     3.602821e+03     3.113057e+04     1.530427e+04
0.038905     3.456463e+04     3.527056e+03     3.103757e+04     1.499729e+04
0.039811     3.439517e+04     3.452991e+03     3.094217e+04     1.469758e+04
0.040738     3.422509e+04     3.380770e+03     3.084432e+04     1.440579e+04
0.041687     3.405448e+04     3.310518e+03     3.074396e+04     1.412245e+04
0.042658     3.388335e+04     3.242332e+03     3.064102e+04     1.384799e+04
0.043652     3.371176e+04     3.176300e+03     3.053546e+04     1.358280e+04
0.044668     3.353968e+04     3.112478e+03     3.042720e+04     1.332716e+04
0.045709     3.336709e+04     3.050902e+03     3.031619e+04     1.308124e+04
0.046774     3.319396e+04     2.991588e+03     3.020237e+04     1.284513e+04
0.047863     3.302021e+04     2.934521e+03     3.008568e+04     1.261881e+04
0.048978     3.284572e+04     2.879660e+03     2.996606e+04     1.240212e+04
0.050119     3.267038e+04     2.826935e+03     2.984345e+04     1.219480e+04
0.051286     3.249401e+04     2.776240e+03     2.971777e+04     1.199643e+04
0.052481     3.231642e+04     2.727435e+03     2.958898e+04     1.180644e+04
0.053703     3.213735e+04     2.680340e+03     2.945701e+04     1.162409e+04
0.054954     3.195654e+04     2.634734e+03     2.932180e+04     1.144844e+04
0.056234     3.177364e+04     2.590350e+03     2.918329e+04     1.127838e+04
0.057544     3.158830e+04     2.546878e+03     2.904142e+04     1.111257e+04
0.058884     3.140009e+04     2.503964e+03     2.889612e+04     1.094949e+04
0.060256     3.120856e+04     2.461214e+03     2.874735e+04     1.078741e+04
0.061660     3.101323e+04     2.418198e+03     2.859503e+04     1.062445e+04
0.063096     3.081358e+04     2.374459e+03     2.843912e+04     1.045859e+04
0.064565     3.060908e+04     2.329529e+03     2.827955e+04     1.028771e+04
0.066069     3.039922e+04     2.282940e+03     2.811628e+04     1.010969e+04
0.067608     3.018349e+04     2.234249e+03     2.794925e+04     9.922483e+03
0.069183     2.996146e+04     2.183057e+03     2.777840e+04     9.724209e+03
0.070795     2.973273e+04     2.129035e+03     2.760370e+04     9.513264e+03
0.072444     2.949704e+04     2.071956e+03     2.742509e+04     9.288472e+03
0.074131     2.925424e+04     2.011712e+03     2.724253e+04     9.049163e+03
0.075858     2.900431e+04     1.948342e+03     2.705597e+04     8.795305e+03
0.077625     2.874743e+04     1.882045e+03     2.686539e+04     8.527577e+03
0.079433     2.848393e+04     1.813188e+03     2.667074e+04     8.247422e+03
0.081283     2.821431e+04     1.742313e+03     2.647200e+04     7.957071e+03
0.083176     2.793924e+04     1.670110e+03     2.626913e+04     7.659471e+03
0.085114     2.765953e+04     1.597403e+03     2.606212e+04     7.358223e+03
0.087096     2.737605e+04     1.525107e+03     2.585095e+04     7.057393e+03
0.089125     2.708977e+04     1.454185e+03     2.563559e+04     6.761344e+03
0.091201     2.680164e+04     1.385593e+03     2.541604e+04     6.474486e+03
0.093325     2.651253e+04     1.320224e+03     2.519231e+04     6.201031e+03
0.095499     2.622324e+04     1.258856e+03     2.496438e+04     5.944733e+03
0.097724     2.593437e+04     1.202100e+03     2.473227e+04     5.708655e+03
0.100000     2.564635e+04     1.150359e+03     2.449599e+04     5.494951e+03
0.102329     2.535936e+04     1.103795e+03     2.425556e+04     5.304687e+03
0.104713     2.507333e+04     1.062314e+03     2.401101e+04     5.137748e+03
0.107152     2.478793e+04     1.025557e+03     2.376237e+04     4.992743e+03
0.109648     2.450260e+04     9.929118e+02     2.350969e+04     4.867030e+03
0.112202     2.421654e+04     9.635382e+02     2.325300e+04     4.756799e+03
0.114815     2.392878e+04     9.364141e+02     2.299237e+04     4.657241e+03
0.117490     2.363827e+04     9.104073e+02     2.272786e+04     4.562865e+03
0.120226     2.334390e+04     8.843633e+02     2.245954e+04     4.467903e+03
0.123027     2.304470e+04     8.572117e+02     2.218749e+04     4.366831e+03
0.125893     2.273988e+04     8.280830e+02     2.191180e+04     4.254962e+03
0.128825     2.242898e+04     7.964159e+02     2.163256e+04     4.129023e+03
0.131826     2.211193e+04     7.620414e+02     2.134989e+04     3.987656e+03
0.134896     2.178910e+04     7.252169e+02     2.106388e+04     3.831679e+03
0.138038     2.146128e+04     6.866077e+02     2.077467e+04     3.664090e+03
0.141254     2.112958e+04     6.472035e+02     2.048238e+04     3.489741e+03
0.144544     2.079533e+04     6.081839e+02     2.018715e+04     3.314703e+03
0.147911     2.045988e+04     5.707538e+02     1.988913e+04     3.145447e+03
0.151356     2.012444e+04     5.359753e+02     1.958847e+04     2.987946e+03
0.154882     1.978995e+04     5.046253e+02     1.928532e+04     2.846859e+03
0.158489     1.945697e+04     4.770951e+02     1.897988e+04     2.724892e+03
0.162181     1.912564e+04     4.533465e+02     1.867229e+04     2.622433e+03
0.165959     1.879569e+04     4.329254e+02     1.836277e+04     2.537483e+03
0.169824     1.846651e+04     4.150302e+02     1.805148e+04     2.465900e+03
0.173780     1.813726e+04     3.986354e+02     1.773863e+04     2.401988e+03
0.177828     1.780708e+04     3.826590e+02     1.742442e+04     2.339392e+03
0.181970     1.747521e+04     3.661562e+02     1.710906e+04     2.272238e+03
0.186209     1.714126e+04     3.485028e+02     1.679276e+04     2.196311e+03
0.190546     1.680525e+04     3.295235e+02     1.647573e+04     2.109992e+03
0.194984     1.646772e+04     3.095177e+02     1.615820e+04     2.014634e+03
0.199526     1.612956e+04     2.891690e+02     1.584039e+04     1.914218e+03
0.204174     1.579188e+04     2.693543e+02     1.552253e+04     1.814294e+03
0.208930     1.545575e+04     2.509112e+02     1.520484e+04     1.720542e+03
0.213796     1.512198e+04     2.344270e+02     1.488755e+04     1.637323e+03
0.218776     1.479100e+04     2.201078e+02     1.457089e+04     1.566626e+03
0.223872     1.446284e+04     2.077523e+02     1.425509e+04     1.507657e+03
0.229087     1.413720e+04     1.968306e+02     1.394037e+04     1.457141e+03
0.234423     1.381362e+04     1.866479e+02     1.362697e+04     1.410299e+03
0.239883     1.349166e+04     1.765548e+02     1.331511e+04     1.362306e+03
0.245471     1.317114e+04     1.661439e+02     1.300500e+04     1.309830e+03
0.251189     1.285223e+04     1.553626e+02     1.269687e+04     1.252110e+03
0.257040     1.253542e+04     1.444937e+02     1.239093e+04     1.191078e+03
0.263027     1.222139e+04     1.340079e+02     1.208738e+04     1.130439e+03
0.269153     1.191079e+04     1.243548e+02     1.178643e+04     1.074076e+03
0.275423     1.160406e+04     1.157825e+02     1.148828e+04     1.024474e+03
0.281838     1.130137e+04     1.082583e+02     1.119312e+04     9.818256e+02
0.288403     1.100263e+04     1.015112e+02     1.090112e+04     9.441272e+02
0.295121     1.070764e+04     9.517084e+01     1.061247e+04     9.082219e+02
0.301995     1.041627e+04     8.893986e+01     1.032733e+04     8.713292e+02
0.309030     1.012858e+04     8.271640e+01     1.004587e+04     8.323389e+02
0.316228     9.844834e+03     7.660781e+01     9.768226e+03     7.921870e+02
0.323594     9.565381e+03     7.083145e+01     9.494549e+03     7.530925e+02
0.331131     9.290539e+03     6.556897e+01     9.224970e+03     7.171456e+02
0.338844     9.020473e+03     6.086201e+01     8.959611e+03     6.851082e+02
0.346737     8.755192e+03     5.660477e+01     8.698588e+03     6.561215e+02
0.354813     8.494628e+03     5.262515e+01     8.442003e+03     6.284269e+02
0.363078     8.238747e+03     4.879481e+01     8.189952e+03     6.005849e+02
0.371535     7.987614e+03     4.509456e+01     7.942519e+03     5.723613e+02
0.380189     7.741375e+03     4.159442e+01     7.699781e+03     5.446649e+02
0.389045     7.500176e+03     3.837478e+01     7.461801e+03     5.186663e+02
0.398107     7.264093e+03     3.545527e+01     7.228638e+03     4.948423e+02
0.407380     7.033121e+03     3.278424e+01     7.000336e+03     4.727024e+02
0.416869     6.807222e+03     3.028670e+01     6.776935e+03     4.513363e+02
0.426580     6.586384e+03     2.792125e+01     6.558463e+03     4.302236e+02
0.436516     6.370637e+03     2.569698e+01     6.344940e+03     4.095754e+02
0.446684     6.160020e+03     2.364234e+01     6.136378e+03     3.899530e+02
0.457088     5.954544e+03     2.176441e+01     5.932780e+03     3.716314e+02
0.467735     5.754181e+03     2.003881e+01     5.734142e+03     3.543649e+02
0.478630     5.558885e+03     1.843332e+01     5.540451e+03     3.377236e+02
0.489779     5.368624e+03     1.693376e+01     5.351690e+03     3.215525e+02
0.501187     5.183376e+03     1.554443e+01     5.167831e+03     3.060352e+02
0.512861     5.003112e+03     1.426900e+01     4.988843e+03     2.913679e+02
0.524807     4.827785e+03     1.309799e+01     4.814687e+03     2.774942e+02
0.537032     4.657334e+03     1.201575e+01     4.645318e+03     2.642082e+02
0.549541     4.491701e+03     1.101318e+01     4.480688e+03     2.514176e+02
0.562341     4.330829e+03     1.008896e+01     4.320741e+03     2.391962e+02
0.575440     4.174659e+03     9.240911e+00     4.165418e+03     2.276043e+02
0.588844     4.023117e+03     8.461708e+00     4.014656e+03     2.165763e+02
0.602560     3.876131e+03     7.743536e+00     3.868387e+03     2.060178e+02
0.616595     3.733623e+03     7.082368e+00     3.726541e+03     1.959196e+02
0.630957     3.595519e+03     6.475809e+00     3.589044e+03     1.863138e+02
0.645654     3.461737e+03     5.919593e+00     3.455818e+03     1.771774e+02
0.660693     3.332193e+03     5.408625e+00     3.326784e+03     1.684532e+02
0.676083     3.206800e+03     4.939480e+00     3.201861e+03     1.601238e+02
0.691831     3.085475e+03     4.509737e+00     3.080965e+03     1.521988e+02
0.707946     2.968128e+03     4.116166e+00     2.964011e+03     1.446564e+02
0.724436     2.854669e+03     3.755369e+00     2.850913e+03     1.374606e+02
0.741310     2.745009e+03     3.424965e+00     2.741584e+03     1.306037e+02
0.758578     2.639057e+03     3.122836e+00     2.635934e+03     1.240828e+02
0.776247     2.536723e+03     2.846412e+00     2.533876e+03     1.178717e+02
0.794328     2.437914e+03     2.593512e+00     2.435321e+03     1.119523e+02
0.812831     2.342541e+03     2.362479e+00     2.340178e+03     1.063226e+02
0.831764     2.250511e+03     2.151421e+00     2.248360e+03     1.009655e+02
0.851138     2.161735e+03     1.958556e+00     2.159777e+03     9.586234e+01
0.870964     2.076123e+03     1.782544e+00     2.074340e+03     9.100988e+01
0.891251     1.993585e+03     1.621928e+00     1.991963e+03     8.639424e+01
0.912011     1.914033e+03     1.475331e+00     1.912558e+03     8.200000e+01
0.933254     1.837380e+03     1.341687e+00     1.836038e+03     7.782351e+01
0.954993     1.763539e+03     1.219833e+00     1.762319e+03     7.385097e+01
0.977237     1.692426e+03     1.108749e+00     1.691317e+03     7.007203e+01
1.000000     1.623956e+03     1.007577e+00     1.622948e+03     6.648158e+01
1.023293     1.558047e+03     9.153946e-01     1.557132e+03     6.306638e+01
1.047129     1.494619e+03     8.314694e-01     1.493787e+03     5.982110e+01
1.071519     1.433590e+03     7.550746e-01     1.432835e+03     5.673705e+01
1.096478     1.374885e+03     6.855381e-01     1.374199e+03     5.380534e+01
1.122018     1.318426e+03     6.222904e-01     1.317803e+03     5.102112e+01
1.148154     1.264138e+03     5.647467e-01     1.263573e+03     4.837467e+01
1.174898     1.211949e+03     5.124339e-01     1.211436e+03     4.586192e+01
1.202264     1.161787e+03     4.648663e-01     1.161322e+03     4.347437e+01
1.230269     1.113582e+03     4.216411e-01     1.113161e+03     4.120768e+01
1.258925     1.067268e+03     3.823583e-01     1.066885e+03     3.905469e+01
1.288250     1.022776e+03     3.466768e-01     1.022430e+03     3.701101e+01
1.318257     9.800442e+02     3.142652e-01     9.797299e+02     3.507038e+01
1.348963     9.390085e+02     2.848381e-01     9.387236e+02     3.322869e+01
1.380384     8.996082e+02     2.581190e-01     8.993501e+02     3.148023e+01
1.412538     8.617842e+02     2.338711e-01     8.615504e+02     2.982136e+01
1.445440     8.254790e+02     2.118637e-01     8.252671e+02     2.824681e+01
1.479108     7.906367e+02     1.918989e-01     7.904448e+02     2.675317e+01
1.513561     7.572031e+02     1.737874e-01     7.570293e+02     2.533598e+01
1.548817     7.251258e+02     1.573615e-01     7.249685e+02     2.399164e+01
1.584893     6.943540e+02     1.424677e-01     6.942115e+02     2.271665e+01
1.621810     6.648383e+02     1.289639e-01     6.647093e+02     2.150730e+01
1.659587     6.365310e+02     1.167240e-01     6.364143e+02     2.036060e+01
1.698244     6.093861e+02     1.056312e-01     6.092805e+02     1.927330e+01
1.737801     5.833589e+02     9.557899e-02     5.832633e+02     1.824235e+01
1.778279     5.584062e+02     8.647225e-02     5.583197e+02     1.726509e+01
1.819701     5.344865e+02     7.822298e-02     5.344082e+02     1.633877e+01
1.862087     5.115593e+02     7.075134e-02     5.114886e+02     1.546074e+01
1.905461     4.895859e+02     6.398534e-02     4.895219e+02     1.462864e+01
1.949845     4.685287e+02     5.785943e-02     4.684709e+02     1.384019e+01
1.995262     4.483516e+02     5.231360e-02     4.482993e+02     1.309310e+01
2.041738     4.290195e+02     4.729366e-02     4.289722e+02     1.238528e+01
2.089296     4.104988e+02     4.275040e-02     4.104561e+02     1.171474e+01
2.137962     3.927572e+02     3.863922e-02     3.927185e+02     1.107960e+01
2.187762     3.757632e+02     3.491950e-02     3.757282e+02     1.047804e+01
2.238721     3.594867e+02     3.155439e-02     3.594552e+02     9.908339e+00
2.290868     3.438988e+02     2.851045e-02     3.438703e+02     9.368850e+00
2.344229     3.289715e+02     2.575741e-02     3.289458e+02     8.858025e+00
2.398833     3.146779e+02     2.326776e-02     3.146547e+02     8.374385e+00
2.454709     3.009922e+02     2.101658e-02     3.009712e+02     7.916522e+00
2.511886     2.878894e+02     1.898129e-02     2.878704e+02     7.483112e+00
2.570396     2.753456e+02     1.714139e-02     2.753284e+02     7.072881e+00
2.630268     2.633377e+02     1.547832e-02     2.633223e+02     6.684625e+00
2.691535     2.518437e+02     1.397526e-02     2.518298e+02     6.317203e+00
2.754229     2.408423e+02     1.261695e-02     2.408297e+02     5.969523e+00
2.818383     2.303129e+02     1.138960e-02     2.303015e+02     5.640555e+00
2.884032     2.202360e+02     1.028069e-02     2.202257e+02     5.329319e+00
2.951209     2.105927e+02     9.278915e-03     2.105834e+02     5.034885e+00
3.019952     2.013648e+02     8.374006e-03     2.013564e+02     4.756372e+00
3.090295     1.925349e+02     7.556688e-03     1.925274e+02     4.492943e+00
3.162278     1.840864e+02     6.818547e-03     1.840796e+02     4.243797e+00
3.235937     1.760031e+02     6.151981e-03     1.759970e+02     4.008179e+00
3.311311     1.682698e+02     5.550109e-03     1.682642e+02     3.785374e+00
3.388442     1.608715e+02     5.006712e-03     1.608665e+02     3.574709e+00
3.467369     1.537941e+02     4.516142e-03     1.537896e+02     3.375529e+00
3.548134     1.470240e+02     4.073311e-03     1.470199e+02     3.187228e+00
3.630781     1.405481e+02     3.673612e-03     1.405445e+02     3.009227e+00
3.715352     1.343540e+02     3.312873e-03     1.343507e+02     2.840973e+00
3.801894     1.284296e+02     2.987328e-03     1.284267e+02     2.681949e+00
3.890451     1.227635e+02     2.693567e-03     1.227608e+02     2.531657e+00
3.981072     1.173444e+02     2.428510e-03     1.173420e+02     2.389629e+00
4.073803     1.121620e+02     2.189373e-03     1.121598e+02     2.255421e+00
4.168694     1.072061e+02     1.973638e-03     1.072041e+02     2.128612e+00
4.265795     1.024668e+02     1.779033e-03     1.024650e+02     2.008805e+00
4.365158     9.793496e+01     1.603501e-03     9.793335e+01     1.895619e+00
4.466836     9.360159e+01     1.445187e-03     9.360015e+01     1.788697e+00
4.570882     8.945815e+01     1.302412e-03     8.945685e+01     1.687701e+00
4.677351     8.549644e+01     1.173661e-03     8.549527e+01     1.592309e+00
4.786301     8.170861e+01     1.057566e-03     8.170755e+01     1.502215e+00
4.897788     7.808713e+01     9.528909e-04     7.808618e+01     1.417133e+00
5.011872     7.462481e+01     8.585185e-04     7.462396e+01     1.336787e+00
5.128614     7.131475e+01     7.734419e-04     7.131398e+01     1.260922e+00
5.248075     6.815034e+01     6.967509e-04     6.814964e+01     1.189291e+00
5.370318     6.512524e+01     6.276240e-04     6.512462e+01     1.121663e+00
5.495409     6.223342e+01     5.653195e-04     6.223285e+01     1.057819e+00
5.623413     5.946906e+01     5.091679e-04     5.946855e+01     9.975509e-01
5.754399     5.682661e+01     4.585653e-04     5.682616e+01     9.406623e-01
5.888437     5.430077e+01     4.129665e-04     5.430036e+01     8.869675e-01
6.025596     5.188643e+01     3.718793e-04     5.188606e+01     8.362903e-01
6.165950     4.957874e+01     3.348599e-04     4.957841e+01     7.884644e-01
6.309573     4.737303e+01     3.015078e-04     4.737273e+01     7.433321e-01
6.456542     4.526483e+01     2.714614e-04     4.526456e+01     7.007442e-01
6.606934     4.324989e+01     2.443953e-04     4.324965e+01     6.605606e-01
6.760830     4.132412e+01     2.200151e-04     4.132390e+01     6.226477e-01
6.918310     3.948360e+01     1.980557e-04     3.948340e+01     5.868788e-01
7.079458     3.772460e+01     1.782781e-04     3.772442e+01     5.531357e-01
7.244360     3.604353e+01     1.604663e-04     3.604337e+01     5.213045e-01
7.413102     3.443698e+01     1.444263e-04     3.443684e+01     4.912798e-01
7.585776     3.290168e+01     1.299826e-04     3.290155e+01     4.629603e-01
7.762471     3.143447e+01     1.169769e-04     3.143436e+01     4.362506e-01
7.943282     3.003238e+01     1.052670e-04     3.003227e+01     4.110609e-01
8.128305     2.869253e+01     9.472425e-05     2.869243e+01     3.873061e-01
8.317638     2.741217e+01     8.523295e-05     2.741209e+01     3.649058e-01
8.511380     2.618870e+01     7.668868e-05     2.618862e+01     3.437839e-01
8.709636     2.501959e+01     6.899740e-05     2.501952e+01     3.238686e-01
8.912509     2.390245e+01     6.207431e-05     2.390239e+01     3.050919e-01
9.120108     2.283498e+01     5.584309e-05     2.283492e+01     2.873901e-01
9.332543     2.181499e+01     5.023487e-05     2.181494e+01     2.707022e-01
9.549926     2.084039e+01     4.518765e-05     2.084034e+01     2.549712e-01
9.772372     1.990915e+01     4.064553e-05     1.990911e+01     2.401429e-01
10.000000     1.901938e+01     3.655821e-05     1.901934e+01     2.261664e-01
10.232930     1.816922e+01     3.288032e-05     1.816919e+01     2.129934e-01
10.471285     1.735693e+01     2.957105e-05     1.735690e+01     2.005785e-01
10.715193     1.658083e+01     2.659358e-05     1.658080e+01     1.888785e-01
10.964782     1.583931e+01     2.391480e-05     1.583929e+01     1.778529e-01
11.220185     1.513085e+01     2.150485e-05     1.513083e+01     1.674633e-01
11.481536     1.445397e+01     1.933689e-05     1.445395e+01     1.576737e-01
11.748976     1.380728e+01     1.738668e-05     1.380727e+01     1.484498e-01
12.022644     1.318944e+01     1.563247e-05     1.318942e+01     1.397593e-01
12.302688     1.259916e+01     1.405461e-05     1.259914e+01     1.315718e-01
12.589254     1.203522e+01     1.263546e-05     1.203521e+01     1.238587e-01
12.882496     1.149645e+01     1.135911e-05     1.149644e+01     1.165927e-01
13.182567     1.098173e+01     1.021124e-05     1.098172e+01     1.097483e-01
13.489629     1.049000e+01     9.178983e-06     1.048999e+01     1.033014e-01
13.803843     1.002023e+01     8.250716e-06     1.002022e+01     9.722908e-02
14.125375     9.571442e+00     7.416008e-06     9.571435e+00     9.150984e-02
14.454398     9.142705e+00     6.665476e-06     9.142698e+00     8.612360e-02
14.791084     8.733125e+00     5.990648e-06     8.733119e+00     8.105103e-02
15.135612     8.341851e+00     5.383922e-06     8.341846e+00     7.627417e-02
15.488166     7.968067e+00     4.838447e-06     7.968062e+00     7.177596e-02
15.848932     7.610994e+00     4.348061e-06     7.610990e+00     6.754032e-02
16.218101     7.269887e+00     3.907219e-06     7.269883e+00     6.355211e-02
16.595869     6.944036e+00     3.510935e-06     6.944032e+00     5.979709e-02
16.982437     6.632759e+00     3.154718e-06     6.632756e+00     5.626172e-02
17.378008     6.335407e+00     2.834533e-06     6.335404e+00     5.293335e-02
17.782794     6.051360e+00     2.546745e-06     6.051357e+00     4.979997e-02
18.197009     5.780023e+00     2.288089e-06     5.780020e+00     4.685030e-02
18.620871     5.520829e+00     2.055625e-06     5.520827e+00     4.407369e-02
19.054607     5.273237e+00     1.846708e-06     5.273235e+00     4.146007e-02
19.498446     5.036729e+00     1.658963e-06     5.036728e+00     3.900001e-02
19.952623     4.810810e+00     1.490249e-06     4.810809e+00     3.668458e-02
20.417379     4.595007e+00     1.338644e-06     4.595006e+00     3.450534e-02
20.892961     4.388869e+00     1.202417e-06     4.388867e+00     3.245438e-02
21.379621     4.191963e+00     1.080015e-06     4.191962e+00     3.052425e-02
21.877616     4.003877e+00     9.700381e-07     4.003876e+00     2.870787e-02
22.387211     3.824217e+00     8.712294e-07     3.824216e+00     2.699865e-02
22.908677     3.652607e+00     7.824572e-07     3.652606e+00     2.539028e-02
23.442288     3.488686e+00     7.027059e-07     3.488685e+00     2.387690e-02
23.988329     3.332111e+00     6.310613e-07     3.332110e+00     2.245296e-02
24.547089     3.182553e+00     5.667014e-07     3.182553e+00     2.111320e-02
25.118864     3.039699e+00     5.088883e-07     3.039698e+00     1.985272e-02
25.703958     2.903248e+00     4.569576e-07     2.903248e+00     1.866686e-02
26.302680     2.772915e+00     4.103121e-07     2.772915e+00     1.755124e-02
26.915348     2.648425e+00     3.684161e-07     2.648425e+00     1.650175e-02
27.542287     2.529518e+00     3.307869e-07     2.529517e+00     1.551451e-02
28.183829     2.415942e+00     2.969913e-07     2.415942e+00     1.458585e-02
28.840315     2.307460e+00     2.666400e-07     2.307460e+00     1.371234e-02
29.512092     2.203843e+00     2.393826e-07     2.203843e+00     1.289073e-02
30.199517     2.104874e+00     2.149048e-07     2.104874e+00     1.211795e-02
30.902954     2.010345e+00     1.929236e-07     2.010345e+00     1.139114e-02
31.622777     1.920056e+00     1.731854e-07     1.920056e+00     1.070759e-02
32.359366     1.833818e+00     1.554617e-07     1.833818e+00     1.006474e-02
33.113112     1.751450e+00     1.395475e-07     1.751450e+00     9.460189e-03
33.884416     1.672777e+00     1.252585e-07     1.672777e+00     8.891681e-03
34.673685     1.597635e+00     1.124292e-07     1.597635e+00     8.357082e-03
35.481339     1.525865e+00     1.009108e-07     1.525865e+00     7.854386e-03
36.307805     1.457317e+00     9.056976e-08     1.457316e+00     7.381704e-03
37.153523     1.391844e+00     8.128604e-08     1.391844e+00     6.937267e-03
38.018940     1.329311e+00     7.295172e-08     1.329311e+00     6.519390e-03
38.904514     1.269585e+00     6.546999e-08     1.269585e+00     6.126505e-03
39.810717     1.212540e+00     5.875386e-08     1.212540e+00     5.757130e-03
40.738028     1.158056e+00     5.272516e-08     1.158056e+00     5.409868e-03
41.686938     1.106018e+00     4.731369e-08     1.106018e+00     5.083407e-03
42.657952     1.056317e+00     4.245639e-08     1.056317e+00     4.776506e-03
43.651583     1.008847e+00     3.809669e-08     1.008847e+00     4.488010e-03
44.668359     9.635096e-01     3.418370e-08     9.635095e-01     4.216818e-03
45.708819     9.202076e-01     3.067177e-08     9.202076e-01     3.961905e-03
46.773514     8.788504e-01     2.751988e-08     8.788504e-01     3.722297e-03
47.863009     8.393506e-01     2.469119e-08     8.393506e-01     3.497084e-03
48.977882     8.016249e-01     2.215265e-08     8.016249e-01     3.285406e-03
50.118723     7.655937e-01     1.987456e-08     7.655937e-01     3.086457e-03
51.286138     7.311810e-01     1.783026e-08     7.311809e-01     2.899479e-03
52.480746     6.983141e-01     1.599581e-08     6.983140e-01     2.723755e-03
53.703180     6.669236e-01     1.434970e-08     6.669236e-01     2.558611e-03
54.954087     6.369434e-01     1.287267e-08     6.369434e-01     2.403418e-03
56.234133     6.083101e-01     1.154735e-08     6.083100e-01     2.257579e-03
57.543994     5.809632e-01     1.035822e-08     5.809632e-01     2.120533e-03
58.884366     5.548450e-01     9.291296e-09     5.548450e-01     1.991755e-03
60.255959     5.299003e-01     8.334060e-09     5.299003e-01     1.870751e-03
61.659500     5.060765e-01     7.475250e-09     5.060765e-01     1.757052e-03
63.095734     4.833233e-01     6.704770e-09     4.833233e-01     1.650222e-03
64.565423     4.615925e-01     6.013550e-09     4.615925e-01     1.549848e-03
66.069345     4.408382e-01     5.393461e-09     4.408382e-01     1.455544e-03
67.608298     4.210167e-01     4.837190e-09     4.210167e-01     1.366944e-03
69.183097     4.020859e-01     4.338182e-09     4.020859e-01     1.283704e-03
70.794578     3.840060e-01     3.890557e-09     3.840060e-01     1.205505e-03
72.443596     3.667387e-01     3.489037e-09     3.667387e-01     1.132042e-03
74.131024     3.502475e-01     3.128879e-09     3.502475e-01     1.063029e-03
75.857758     3.344975e-01     2.805830e-09     3.344975e-01     9.982004e-04
77.624712     3.194555e-01     2.516076e-09     3.194555e-01     9.373026e-04
79.432823     3.050896e-01     2.256192e-09     3.050896e-01     8.801000e-04
81.283052     2.913694e-01     2.023102e-09     2.913694e-01     8.263680e-04
83.176377     2.782661e-01     1.814051e-09     2.782661e-01     7.758987e-04
85.113804     2.657518e-01     1.626564e-09     2.657518e-01     7.284946e-04
87.096359     2.538001e-01     1.458421e-09     2.538000e-01     6.839717e-04
89.125094     2.423856e-01     1.307629e-09     2.423856e-01     6.421545e-04
91.201084     2.314844e-01     1.172402e-09     2.314844e-01     6.028806e-04
93.325430     2.210732e-01     1.051135e-09     2.210732e-01     5.659957e-04
95.499259     2.111302e-01     9.423902e-10     2.111302e-01     5.313555e-04
97.723722     2.016342e-01     8.448770e-10     2.016342e-01     4.988245e-04
100.000000     1.925651e-01     7.574370e-10     1.925651e-01     4.682747e-04
102.329299     1.839039e-01     6.790313e-10     1.839039e-01     4.395860e-04
104.712855     1.756321e-01     6.087287e-10     1.756321e-01     4.126460e-04
107.151931     1.677322e-01     5.456929e-10     1.677322e-01     3.873487e-04
109.647820     1.601875e-01     4.891744e-10     1.601875e-01     3.635946e-04
112.201845     1.529821e-01     4.385000e-10     1.529821e-01     3.412896e-04
114.815362     1.461008e-01     3.930665e-10     1.461008e-01     3.203461e-04
117.489755     1.395288e-01     3.523332e-10     1.395288e-01     3.006816e-04
120.226443     1.332525e-01     3.158144e-10     1.332525e-01     2.822183e-04
123.026877     1.272583e-01     2.830747e-10     1.272583e-01     2.648831e-04
125.892541     1.215338e-01     2.537239e-10     1.215338e-01     2.486076e-04
128.824955     1.160666e-01     2.274117e-10     1.160666e-01     2.333274e-04
131.825674     1.108454e-01     2.038238e-10     1.108454e-01     2.189817e-04
134.896288     1.058590e-01     1.826789e-10     1.058590e-01     2.055140e-04
138.038426     1.010968e-01     1.637243e-10     1.010968e-01     1.928705e-04
141.253754     9.654881e-02     1.467335e-10     9.654881e-02     1.810014e-04
144.543977     9.220538e-02     1.315033e-10     9.220538e-02     1.698593e-04
147.910839     8.805730e-02     1.178516e-10     8.805730e-02     1.593999e-04
151.356125     8.409580e-02     1.056150e-10     8.409580e-02     1.495816e-04
154.881662     8.031247e-02     9.464705e-11     8.031247e-02     1.403652e-04
158.489319     7.669932e-02     8.481649e-11     7.669932e-02     1.317142e-04
162.181010     7.324868e-02     7.600551e-11     7.324868e-02     1.235940e-04
165.958691     6.995326e-02     6.810853e-11     6.995326e-02     1.159722e-04
169.824365     6.680606e-02     6.103088e-11     6.680606e-02     1.088183e-04
173.780083     6.380043e-02     5.468769e-11     6.380043e-02     1.021038e-04
177.827941     6.093000e-02     4.900281e-11     6.093000e-02     9.580167e-05
181.970086     5.818869e-02     4.390809e-11     5.818869e-02     8.988695e-05
186.208714     5.557070e-02     3.934231e-11     5.557069e-02     8.433579e-05
190.546072     5.307047e-02     3.525067e-11     5.307047e-02     7.912604e-05
194.984460     5.068271e-02     3.158396e-11     5.068271e-02     7.423668e-05
199.526231     4.840236e-02     2.829814e-11     4.840236e-02     6.964820e-05
204.173794     4.622460e-02     2.535370e-11     4.622460e-02     6.534214e-05
208.929613     4.414480e-02     2.271522e-11     4.414480e-02     6.130117e-05
213.796209     4.215857e-02     2.035095e-11     4.215857e-02     5.750911e-05
218.776162     4.026169e-02     1.823243e-11     4.026169e-02     5.395062e-05
223.872114     3.845015e-02     1.633417e-11     3.845015e-02     5.061146e-05
229.086765     3.672011e-02     1.463328e-11     3.672011e-02     4.747811e-05
234.422882     3.506789e-02     1.310927e-11     3.506789e-02     4.453796e-05
239.883292     3.349001e-02     1.174378e-11     3.349001e-02     4.177916e-05
245.470892     3.198312e-02     1.052034e-11     3.198312e-02     3.919056e-05
251.188643     3.054401e-02     9.424187e-12     3.054401e-02     3.676170e-05
257.039578     2.916966e-02     8.442104e-12     2.916966e-02     3.448279e-05
263.026799     2.785714e-02     7.562240e-12     2.785714e-02     3.234463e-05
269.153480     2.660366e-02     6.773954e-12     2.660366e-02     3.033849e-05
275.422870     2.540659e-02     6.067743e-12     2.540659e-02     2.845632e-05
281.838293     2.426337e-02     5.435063e-12     2.426337e-02     2.669047e-05
288.403150     2.317159e-02     4.868272e-12     2.317159e-02     2.503378e-05
295.120923     2.212893e-02     4.360514e-12     2.212893e-02     2.347952e-05
301.995172     2.113318e-02     3.905653e-12     2.113318e-02     2.202141e-05
309.029543     2.018223e-02     3.498181e-12     2.018223e-02     2.065351e-05
316.227766     1.927407e-02     3.091920e-12     1.927407e-02     1.911524e-05
323.593657     1.840677e-02     2.768718e-12     1.840677e-02     1.792381e-05
331.131121     1.757849e-02     2.479263e-12     1.757849e-02     1.680638e-05
338.844156     1.678748e-02     2.220036e-12     1.678748e-02     1.575838e-05
346.736850     1.603207e-02     1.987884e-12     1.603207e-02     1.477551e-05
354.813389     1.531064e-02     1.779982e-12     1.531064e-02     1.385374e-05
363.078055     1.462167e-02     1.593800e-12     1.462167e-02     1.298928e-05
371.535229     1.396370e-02     1.427071e-12     1.396370e-02     1.217859e-05
380.189396     1.333534e-02     1.277765e-12     1.333534e-02     1.141833e-05
389.045145     1.273525e-02     1.144064e-12     1.273525e-02     1.070537e-05
398.107171     1.216217e-02     1.024338e-12     1.216217e-02     1.003679e-05
407.380278     1.161487e-02     9.171282e-13     1.161487e-02     9.409823e-06
416.869383     1.109219e-02     8.211276e-13     1.109219e-02     8.821898e-06
426.579519     1.059304e-02     7.351654e-13     1.059304e-02     8.270589e-06
436.515832     1.011635e-02     6.581931e-13     1.011635e-02     7.753624e-06
446.683592     9.661103e-03     5.892717e-13     9.661103e-03     7.268871e-06
457.088190     9.226344e-03     5.275598e-13     9.226344e-03     6.814329e-06
467.735141     8.811149e-03     4.723043e-13     8.811149e-03     6.388122e-06
478.630092     8.414636e-03     4.228302e-13     8.414636e-03     5.988491e-06
489.778819     8.035966e-03     3.785334e-13     8.035966e-03     5.613782e-06
501.187234     7.674335e-03     3.388726e-13     7.674335e-03     5.262448e-06
512.861384     7.328977e-03     3.033632e-13     7.328977e-03     4.933035e-06
524.807460     6.999160e-03     2.715710e-13     6.999160e-03     4.624179e-06
537.031796     6.684185e-03     2.431073e-13     6.684185e-03     4.334603e-06
549.540874     6.383383e-03     2.176240e-13     6.383383e-03     4.063106e-06
562.341325     6.096117e-03     1.948094e-13     6.096117e-03     3.808564e-06
575.439937     5.821778e-03     1.743842e-13     5.821778e-03     3.569921e-06
588.843655     5.559784e-03     1.560985e-13     5.559784e-03     3.346187e-06
602.559586     5.309579e-03     1.397284e-13     5.309579e-03     3.136433e-06
616.595002     5.070634e-03     1.250734e-13     5.070634e-03     2.939790e-06
630.957344     4.842442e-03     1.119540e-13     4.842442e-03     2.755440e-06
645.654229     4.624518e-03     1.002095e-13     4.624518e-03     2.582617e-06
660.693448     4.416401e-03     8.969580e-14     4.416401e-03     2.420602e-06
676.082975     4.217650e-03     8.028419e-14     4.217650e-03     2.268722e-06
691.830971     4.027842e-03     7.185921e-14     4.027842e-03     2.126345e-06
707.945784     3.846576e-03     6.431752e-14     3.846576e-03     1.992877e-06
724.435960     3.673468e-03     5.756662e-14     3.673468e-03     1.867764e-06
741.310241     3.508149e-03     5.152366e-14     3.508149e-03     1.750483e-06
758.577575     3.350270e-03     4.611448e-14     3.350270e-03     1.640547e-06
776.247117     3.199496e-03     4.127267e-14     3.199496e-03     1.537495e-06
794.328235     3.055507e-03     3.693876e-14     3.055507e-03     1.440899e-06
812.830516     2.917997e-03     3.305954e-14     2.917997e-03     1.350356e-06
831.763771     2.786676e-03     2.958735e-14     2.786676e-03     1.265486e-06
851.138038     2.661265e-03     2.647951e-14     2.661265e-03     1.185936e-06
870.963590     2.541497e-03     2.369784e-14     2.541497e-03     1.111373e-06
891.250938     2.427119e-03     2.120812e-14     2.427119e-03     1.041486e-06
912.010839     2.317889e-03     1.897975e-14     2.317889e-03     9.759817e-07
933.254301     2.213574e-03     1.698531e-14     2.213574e-03     9.145864e-07
954.992586     2.113954e-03     1.520027e-14     2.113954e-03     8.570431e-07
977.237221     2.018816e-03     1.360267e-14     2.018816e-03     8.031108e-07
1000.000000     1.927961e-03     1.217284e-14     1.927961e-03     7.525636e-07
