0.000100     1.867861e+03     1.616861e+02     1.706175e+03     4.073070e+02
0.000102     0.000000e+00     0.000000e+00     0.000000e+00     4.164479e+02
0.000105     0.000000e+00     0.000000e+00     0.000000e+00     4.268432e+02
0.000107     0.000000e+00     0.000000e+00     0.000000e+00     4.364447e+02
0.000110     0.000000e+00     0.000000e+00     0.000000e+00     4.462621e+02
0.000112     0.000000e+00     0.000000e+00     0.000000e+00     4.562999e+02
0.000115     0.000000e+00     0.000000e+00     0.000000e+00     4.665634e+02
0.000117     0.000000e+00     0.000000e+00     0.000000e+00     4.770574e+02
0.000120     0.000000e+00     0.000000e+00     0.000000e+00     4.877873e+02
0.000123     0.000000e+00     0.000000e+00     0.000000e+00     4.987583e+02
0.000126     0.000000e+00     0.000000e+00     0.000000e+00     5.099756e+02
0.000129     0.000000e+00     0.000000e+00     0.000000e+00     5.214449e+02
0.000132     0.000000e+00     0.000000e+00     0.000000e+00     5.331720e+02
0.000135     0.000000e+00     0.000000e+00     0.000000e+00     5.451623e+02
0.000138     0.000000e+00     0.000000e+00     0.000000e+00     5.574218e+02
0.000141     0.000000e+00     0.000000e+00     0.000000e+00     5.699567e+02
0.000145     0.000000e+00     0.000000e+00     0.000000e+00     5.827730e+02
0.000148     0.000000e+00     0.000000e+00     0.000000e+00     5.958771e+02
0.000151     0.000000e+00     0.000000e+00     0.000000e+00     6.092752e+02
0.000155     0.000000e+00     0.000000e+00     0.000000e+00     6.229743e+02
0.000158     0.000000e+00     0.000000e+00     0.000000e+00     6.369804e+02
0.000162     0.000000e+00     0.000000e+00     0.000000e+00     6.513011e+02
0.000166     0.000000e+00     0.000000e+00     0.000000e+00     6.659430e+02
0.000170     0.000000e+00     0.000000e+00     0.000000e+00     6.809135e+02
0.000174     0.000000e+00     0.000000e+00     0.000000e+00     6.962197e+02
0.000178     0.000000e+00     0.000000e+00     0.000000e+00     7.118692e+02
0.000182     0.000000e+00     0.000000e+00     0.000000e+00     7.278694e+02
0.000186     0.000000e+00     0.000000e+00     0.000000e+00     7.442285e+02
0.000191     0.000000e+00     0.000000e+00     0.000000e+00     7.609543e+02
0.000195     0.000000e+00     0.000000e+00     0.000000e+00     7.780548e+02
0.000200     0.000000e+00     0.000000e+00     0.000000e+00     7.955386e+02
0.000204     0.000000e+00     0.000000e+00     0.000000e+00     8.134141e+02
0.000209     0.000000e+00     0.000000e+00     0.000000e+00     8.316900e+02
0.000214     0.000000e+00     0.000000e+00     0.000000e+00     8.503750e+02
0.000219     0.000000e+00     0.000000e+00     0.000000e+00     8.694786e+02
0.000224     0.000000e+00     0.000000e+00     0.000000e+00     8.890097e+02
0.000229     0.000000e+00     0.000000e+00     0.000000e+00     9.089778e+02
0.000234     0.000000e+00     0.000000e+00     0.000000e+00     9.293927e+02
0.000240     0.000000e+00     0.000000e+00     0.000000e+00     9.502642e+02
0.000245     0.000000e+00     0.000000e+00     0.000000e+00     9.716024e+02
0.000251     0.000000e+00     0.000000e+00     0.000000e+00     9.934175e+02
0.000257     0.000000e+00     0.000000e+00     0.000000e+00     1.015720e+03
0.000263     0.000000e+00     0.000000e+00     0.000000e+00     1.038521e+03
0.000269     0.000000e+00     0.000000e+00     0.000000e+00     1.061831e+03
0.000275     0.000000e+00     0.000000e+00     0.000000e+00     1.085662e+03
0.000282     0.000000e+00     0.000000e+00     0.000000e+00     1.110024e+03
0.000288     0.000000e+00     0.000000e+00     0.000000e+00     1.134930e+03
0.000295     0.000000e+00     0.000000e+00     0.000000e+00     1.160391e+03
0.000302     0.000000e+00     0.000000e+00     0.000000e+00     1.186420e+03
0.000309     0.000000e+00     0.000000e+00     0.000000e+00     1.213029e+03
0.000316     0.000000e+00     0.000000e+00     0.000000e+00     1.240231e+03
0.000324     0.000000e+00     0.000000e+00     0.000000e+00     1.268038e+03
0.000331     0.000000e+00     0.000000e+00     0.000000e+00     1.296464e+03
0.000339     0.000000e+00     0.000000e+00     0.000000e+00     1.325522e+03
0.000347     0.000000e+00     0.000000e+00     0.000000e+00     1.355226e+03
0.000355     0.000000e+00     0.000000e+00     0.000000e+00     1.385589e+03
0.000363     0.000000e+00     0.000000e+00     0.000000e+00     1.416628e+03
0.000372     0.000000e+00     0.000000e+00     0.000000e+00     1.448354e+03
0.000380     0.000000e+00     0.000000e+00     0.000000e+00     1.480785e+03
0.000389     0.000000e+00     0.000000e+00     0.000000e+00     1.513934e+03
0.000398     0.000000e+00     0.000000e+00     0.000000e+00     1.547818e+03
0.000407     0.000000e+00     0.000000e+00     0.000000e+00     1.582451e+03
0.000417     0.000000e+00     0.000000e+00     0.000000e+00     1.617851e+03
0.000427     0.000000e+00     0.000000e+00     0.000000e+00     1.654032e+03
0.000437     0.000000e+00     0.000000e+00     0.000000e+00     1.691013e+03
0.000447     0.000000e+00     0.000000e+00     0.000000e+00     1.728810e+03
0.000457     0.000000e+00     0.000000e+00     0.000000e+00     1.767439e+03
0.000468     0.000000e+00     0.000000e+00     0.000000e+00     1.806920e+03
0.000479     0.000000e+00     0.000000e+00     0.000000e+00     1.847270e+03
0.000490     0.000000e+00     0.000000e+00     0.000000e+00     1.888507e+03
0.000501     0.000000e+00     0.000000e+00     0.000000e+00     1.930649e+03
0.000513     0.000000e+00     0.000000e+00     0.000000e+00     1.973716e+03
0.000525     0.000000e+00     0.000000e+00     0.000000e+00     2.017727e+03
0.000537     0.000000e+00     0.000000e+00     0.000000e+00     2.062701e+03
0.000550     0.000000e+00     0.000000e+00     0.000000e+00     2.108659e+03
0.000562     0.000000e+00     0.000000e+00     0.000000e+00     2.155620e+03
0.000575     0.000000e+00     0.000000e+00     0.000000e+00     2.203606e+03
0.000589     0.000000e+00     0.000000e+00     0.000000e+00     2.252637e+03
0.000603     0.000000e+00     0.000000e+00     0.000000e+00     2.302734e+03
0.000617     0.000000e+00     0.000000e+00     0.000000e+00     2.353919e+03
0.000631     0.000000e+00     0.000000e+00     0.000000e+00     2.406215e+03
0.000646     0.000000e+00     0.000000e+00     0.000000e+00     2.459643e+03
0.000661     0.000000e+00     0.000000e+00     0.000000e+00     2.514226e+03
0.000676     0.000000e+00     0.000000e+00     0.000000e+00     2.569987e+03
0.000692     0.000000e+00     0.000000e+00     0.000000e+00     2.626950e+03
0.000708     0.000000e+00     0.000000e+00     0.000000e+00     2.685138e+03
0.000724     0.000000e+00     0.000000e+00     0.000000e+00     2.744574e+03
0.000741     0.000000e+00     0.000000e+00     0.000000e+00     2.805285e+03
0.000759     0.000000e+00     0.000000e+00     0.000000e+00     2.867292e+03
0.000776     0.000000e+00     0.000000e+00     0.000000e+00     2.930623e+03
0.000794     0.000000e+00     0.000000e+00     0.000000e+00     2.995302e+03
0.000813     0.000000e+00     0.000000e+00     0.000000e+00     3.061355e+03
0.000832     0.000000e+00     0.000000e+00     0.000000e+00     3.128807e+03
0.000851     0.000000e+00     0.000000e+00     0.000000e+00     3.197685e+03
0.000871     0.000000e+00     0.000000e+00     0.000000e+00     3.268015e+03
0.000891     0.000000e+00     0.000000e+00     0.000000e+00     3.339824e+03
0.000912     0.000000e+00     0.000000e+00     0.000000e+00     3.413138e+03
0.000933     0.000000e+00     0.000000e+00     0.000000e+00     3.487986e+03
0.000955     0.000000e+00     0.000000e+00     0.000000e+00     3.564393e+03
0.000977     0.000000e+00     0.000000e+00     0.000000e+00     3.642389e+03
0.001000     0.000000e+00     0.000000e+00     0.000000e+00     3.722000e+03
0.001023     0.000000e+00     0.000000e+00     0.000000e+00     3.803254e+03
0.001047     0.000000e+00     0.000000e+00     0.000000e+00     3.886181e+03
0.001072     0.000000e+00     0.000000e+00     0.000000e+00     3.970807e+03
0.001096     0.000000e+00     0.000000e+00     0.000000e+00     4.057162e+03
0.001122     0.000000e+00     0.000000e+00     0.000000e+00     4.145274e+03
0.001148     0.000000e+00     0.000000e+00     0.000000e+00     4.235171e+03
0.001175     0.000000e+00     0.000000e+00     0.000000e+00     4.326883e+03
0.001202     0.000000e+00     0.000000e+00     0.000000e+00     4.420437e+03
0.001230     0.000000e+00     0.000000e+00     0.000000e+00     4.515863e+03
0.001259     0.000000e+00     0.000000e+00     0.000000e+00     4.613187e+03
0.001288     0.000000e+00     0.000000e+00     0.000000e+00     4.712441e+03
0.001318     0.000000e+00     0.000000e+00     0.000000e+00     4.813652e+03
0.001349     0.000000e+00     0.000000e+00     0.000000e+00     4.916847e+03
0.001380     0.000000e+00     0.000000e+00     0.000000e+00     5.022057e+03
0.001413     0.000000e+00     0.000000e+00     0.000000e+00     5.129307e+03
0.001445     0.000000e+00     0.000000e+00     0.000000e+00     5.238626e+03
0.001479     0.000000e+00     0.000000e+00     0.000000e+00     5.350041e+03
0.001514     0.000000e+00     0.000000e+00     0.000000e+00     5.463579e+03
0.001549     0.000000e+00     0.000000e+00     0.000000e+00     5.579267e+03
0.001585     0.000000e+00     0.000000e+00     0.000000e+00     5.697129e+03
0.001622     0.000000e+00     0.000000e+00     0.000000e+00     5.817194e+03
0.001660     0.000000e+00     0.000000e+00     0.000000e+00     5.939485e+03
0.001698     0.000000e+00     0.000000e+00     0.000000e+00     6.064027e+03
0.001738     0.000000e+00     0.000000e+00     0.000000e+00     6.190842e+03
0.001778     0.000000e+00     0.000000e+00     0.000000e+00     6.319955e+03
0.001820     0.000000e+00     0.000000e+00     0.000000e+00     6.451388e+03
0.001862     0.000000e+00     0.000000e+00     0.000000e+00     6.585163e+03
0.001905     0.000000e+00     0.000000e+00     0.000000e+00     6.721300e+03
0.001950     0.000000e+00     0.000000e+00     0.000000e+00     6.859817e+03
0.001995     0.000000e+00     0.000000e+00     0.000000e+00     7.000734e+03
0.002042     0.000000e+00     0.000000e+00     0.000000e+00     7.144069e+03
0.002089     0.000000e+00     0.000000e+00     0.000000e+00     7.289833e+03
0.002138     0.000000e+00     0.000000e+00     0.000000e+00     7.438048e+03
0.002188     0.000000e+00     0.000000e+00     0.000000e+00     7.588723e+03
0.002239     0.000000e+00     0.000000e+00     0.000000e+00     7.741872e+03
0.002291     0.000000e+00     0.000000e+00     0.000000e+00     7.897502e+03
0.002344     0.000000e+00     0.000000e+00     0.000000e+00     8.055625e+03
0.002399     0.000000e+00     0.000000e+00     0.000000e+00     8.216247e+03
0.002455     0.000000e+00     0.000000e+00     0.000000e+00     8.379373e+03
0.002512     0.000000e+00     0.000000e+00     0.000000e+00     8.545005e+03
0.002570     0.000000e+00     0.000000e+00     0.000000e+00     8.713147e+03
0.002630     0.000000e+00     0.000000e+00     0.000000e+00     8.883797e+03
0.002692     0.000000e+00     0.000000e+00     0.000000e+00     9.056951e+03
0.002754     0.000000e+00     0.000000e+00     0.000000e+00     9.232604e+03
0.002818     0.000000e+00     0.000000e+00     0.000000e+00     9.410751e+03
0.002884     0.000000e+00     0.000000e+00     0.000000e+00     9.591378e+03
0.002951     0.000000e+00     0.000000e+00     0.000000e+00     9.774472e+03
0.003020     0.000000e+00     0.000000e+00     0.000000e+00     9.960023e+03
0.003090     0.000000e+00     0.000000e+00     0.000000e+00     1.014801e+04
0.003162     0.000000e+00     0.000000e+00     0.000000e+00     1.033840e+04
0.003236     0.000000e+00     0.000000e+00     0.000000e+00     1.053119e+04
0.003311     0.000000e+00     0.000000e+00     0.000000e+00     1.072634e+04
0.003388     0.000000e+00     0.000000e+00     0.000000e+00     1.092382e+04
0.003467     0.000000e+00     0.000000e+00     0.000000e+00     1.112359e+04
0.003548     0.000000e+00     0.000000e+00     0.000000e+00     1.132563e+04
0.003631     0.000000e+00     0.000000e+00     0.000000e+00     1.152988e+04
0.003715     0.000000e+00     0.000000e+00     0.000000e+00     1.173631e+04
0.003802     0.000000e+00     0.000000e+00     0.000000e+00     1.194486e+04
0.003890     0.000000e+00     0.000000e+00     0.000000e+00     1.215549e+04
0.003981     0.000000e+00     0.000000e+00     0.000000e+00     1.236813e+04
0.004074     0.000000e+00     0.000000e+00     0.000000e+00     1.258273e+04
0.004169     0.000000e+00     0.000000e+00     0.000000e+00     1.279922e+04
0.004266     0.000000e+00     0.000000e+00     0.000000e+00     1.301752e+04
0.004365     0.000000e+00     0.000000e+00     0.000000e+00     1.323758e+04
0.004467     0.000000e+00     0.000000e+00     0.000000e+00     1.345931e+04
0.004571     0.000000e+00     0.000000e+00     0.000000e+00     1.368263e+04
0.004677     0.000000e+00     0.000000e+00     0.000000e+00     1.390744e+04
0.004786     0.000000e+00     0.000000e+00     0.000000e+00     1.413366e+04
0.004898     0.000000e+00     0.000000e+00     0.000000e+00     1.436120e+04
0.005012     0.000000e+00     0.000000e+00     0.000000e+00     1.458993e+04
0.005129     0.000000e+00     0.000000e+00     0.000000e+00     1.481978e+04
0.005248     0.000000e+00     0.000000e+00     0.000000e+00     1.505061e+04
0.005370     0.000000e+00     0.000000e+00     0.000000e+00     1.528230e+04
0.005495     0.000000e+00     0.000000e+00     0.000000e+00     1.551474e+04
0.005623     0.000000e+00     0.000000e+00     0.000000e+00     1.574780e+04
0.005754     0.000000e+00     0.000000e+00     0.000000e+00     1.598134e+04
0.005888     0.000000e+00     0.000000e+00     0.000000e+00     1.621522e+04
0.006026     0.000000e+00     0.000000e+00     0.000000e+00     1.644930e+04
0.006166     0.000000e+00     0.000000e+00     0.000000e+00     1.668341e+04
0.006310     0.000000e+00     0.000000e+00     0.000000e+00     1.691741e+04
0.006457     0.000000e+00     0.000000e+00     0.000000e+00     1.715113e+04
0.006607     0.000000e+00     0.000000e+00     0.000000e+00     1.738440e+04
0.006761     0.000000e+00     0.000000e+00     0.000000e+00     1.761704e+04
0.006918     0.000000e+00     0.000000e+00     0.000000e+00     1.784886e+04
0.007079     0.000000e+00     0.000000e+00     0.000000e+00     1.807969e+04
0.007244     0.000000e+00     0.000000e+00     0.000000e+00     1.830931e+04
0.007413     0.000000e+00     0.000000e+00     0.000000e+00     1.853753e+04
0.007586     0.000000e+00     0.000000e+00     0.000000e+00     1.876414e+04
0.007762     0.000000e+00     0.000000e+00     0.000000e+00     1.898892e+04
0.007943     0.000000e+00     0.000000e+00     0.000000e+00     1.921165e+04
0.008128     0.000000e+00     0.000000e+00     0.000000e+00     1.943209e+04
0.008318     0.000000e+00     0.000000e+00     0.000000e+00     1.965000e+04
0.008511     0.000000e+00     0.000000e+00     0.000000e+00     1.986515e+04
0.008710     0.000000e+00     0.000000e+00     0.000000e+00     2.007728e+04
0.008913     0.000000e+00     0.000000e+00     0.000000e+00     2.028613e+04
0.009120     0.000000e+00     0.000000e+00     0.000000e+00     2.049142e+04
0.009333     0.000000e+00     0.000000e+00     0.000000e+00     2.069289e+04
0.009550     0.000000e+00     0.000000e+00     0.000000e+00     2.089026e+04
0.009772     0.000000e+00     0.000000e+00     0.000000e+00     2.108321e+04
0.010000     0.000000e+00     0.000000e+00     0.000000e+00     2.127147e+04
0.010233     0.000000e+00     0.000000e+00     0.000000e+00     2.145473e+04
0.010471     0.000000e+00     0.000000e+00     0.000000e+00     2.163265e+04
0.010715     0.000000e+00     0.000000e+00     0.000000e+00     2.180493e+04
0.010965     0.000000e+00     0.000000e+00     0.000000e+00     2.197123e+04
0.011220     0.000000e+00     0.000000e+00     0.000000e+00     2.213122e+04
0.011482     0.000000e+00     0.000000e+00     0.000000e+00     2.228453e+04
0.011749     0.000000e+00     0.000000e+00     0.000000e+00     2.243083e+04
0.012023     0.000000e+00     0.000000e+00     0.000000e+00     2.256974e+04
0.012303     0.000000e+00     0.000000e+00     0.000000e+00     2.270092e+04
0.012589     0.000000e+00     0.000000e+00     0.000000e+00     2.282395e+04
0.012882     0.000000e+00     0.000000e+00     0.000000e+00     2.293849e+04
0.013183     0.000000e+00     0.000000e+00     0.000000e+00     2.304412e+04
0.013490     0.000000e+00     0.000000e+00     0.000000e+00     2.314047e+04
0.013804     0.000000e+00     0.000000e+00     0.000000e+00     2.322713e+04
0.014125     0.000000e+00     0.000000e+00     0.000000e+00     2.330370e+04
0.014454     0.000000e+00     0.000000e+00     0.000000e+00     2.336979e+04
0.014791     0.000000e+00     0.000000e+00     0.000000e+00     2.342499e+04
0.015136     0.000000e+00     0.000000e+00     0.000000e+00     2.346890e+04
0.015488     0.000000e+00     0.000000e+00     0.000000e+00     2.350114e+04
0.015849     0.000000e+00     0.000000e+00     0.000000e+00     2.352131e+04
0.016218     0.000000e+00     0.000000e+00     0.000000e+00     2.352902e+04
0.016596     0.000000e+00     0.000000e+00     0.000000e+00     2.352393e+04
0.016982     0.000000e+00     0.000000e+00     0.000000e+00     2.350567e+04
0.017378     0.000000e+00     0.000000e+00     0.000000e+00     2.347390e+04
0.017783     0.000000e+00     0.000000e+00     0.000000e+00     2.342833e+04
0.018197     0.000000e+00     0.000000e+00     0.000000e+00     2.336866e+04
0.018621     0.000000e+00     0.000000e+00     0.000000e+00     2.329464e+04
0.019055     0.000000e+00     0.000000e+00     0.000000e+00     2.320607e+04
0.019498     0.000000e+00     0.000000e+00     0.000000e+00     2.310279e+04
0.019953     0.000000e+00     0.000000e+00     0.000000e+00     2.298464e+04
0.020417     0.000000e+00     0.000000e+00     0.000000e+00     2.285158e+04
0.020893     0.000000e+00     0.000000e+00     0.000000e+00     2.270359e+04
0.021380     0.000000e+00     0.000000e+00     0.000000e+00     2.254073e+04
0.021878     0.000000e+00     0.000000e+00     0.000000e+00     2.236311e+04
0.022387     0.000000e+00     0.000000e+00     0.000000e+00     2.217095e+04
0.022909     0.000000e+00     0.000000e+00     0.000000e+00     2.196450e+04
0.023442     0.000000e+00     0.000000e+00     0.000000e+00     2.174413e+04
0.023988     0.000000e+00     0.000000e+00     0.000000e+00     2.151030e+04
0.024547     0.000000e+00     0.000000e+00     0.000000e+00     2.126349e+04
0.025119     0.000000e+00     0.000000e+00     0.000000e+00     2.100436e+04
0.025704     0.000000e+00     0.000000e+00     0.000000e+00     2.073358e+04
0.026303     0.000000e+00     0.000000e+00     0.000000e+00     2.045193e+04
0.026915     0.000000e+00     0.000000e+00     0.000000e+00     2.016027e+04
0.027542     0.000000e+00     0.000000e+00     0.000000e+00     1.985954e+04
0.028184     0.000000e+00     0.000000e+00     0.000000e+00     1.955071e+04
0.028840     0.000000e+00     0.000000e+00     0.000000e+00     1.923484e+04
0.029512     0.000000e+00     0.000000e+00     0.000000e+00     1.891302e+04
0.030200     0.000000e+00     0.000000e+00     0.000000e+00     1.858638e+04
0.030903     0.000000e+00     0.000000e+00     0.000000e+00     1.825607e+04
0.031623     0.000000e+00     0.000000e+00     0.000000e+00     1.792326e+04
0.032359     0.000000e+00     0.000000e+00     0.000000e+00     1.758911e+04
0.033113     0.000000e+00     0.000000e+00     0.000000e+00     1.725475e+04
0.033884     0.000000e+00     0.000000e+00     0.000000e+00     1.692133e+04
0.034674     0.000000e+00     0.000000e+00     0.000000e+00     1.658991e+04
0.035481     0.000000e+00     0.000000e+00     0.000000e+00     1.626154e+04
0.036308     0.000000e+00     0.000000e+00     0.000000e+00     1.593722e+04
0.037154     0.000000e+00     0.000000e+00     0.000000e+00     1.561784e+04
0.038019     0.000000e+00     0.000000e+00     0.000000e+00     1.530427e+04
0.038905     0.000000e+00     0.000000e+00     0.000000e+00     1.499729e+04
0.039811     0.000000e+00     0.000000e+00     0.000000e+00     1.469758e+04
0.040738     0.000000e+00     0.000000e+00     0.000000e+00     1.440579e+04
0.041687     0.000000e+00     0.000000e+00     0.000000e+00     1.412245e+04
0.042658     0.000000e+00     0.000000e+00     0.000000e+00     1.384799e+04
0.043652     0.000000e+00     0.000000e+00     0.000000e+00     1.358280e+04
0.044668     0.000000e+00     0.000000e+00     0.000000e+00     1.332716e+04
0.045709     0.000000e+00     0.000000e+00     0.000000e+00     1.308124e+04
0.046774     0.000000e+00     0.000000e+00     0.000000e+00     1.284513e+04
0.047863     0.000000e+00     0.000000e+00     0.000000e+00     1.261881e+04
0.048978     0.000000e+00     0.000000e+00     0.000000e+00     1.240212e+04
0.050119     0.000000e+00     0.000000e+00     0.000000e+00     1.219480e+04
0.051286     0.000000e+00     0.000000e+00     0.000000e+00     1.199643e+04
0.052481     0.000000e+00     0.000000e+00     0.000000e+00     1.180644e+04
0.053703     0.000000e+00     0.000000e+00     0.000000e+00     1.162409e+04
0.054954     0.000000e+00     0.000000e+00     0.000000e+00     1.144844e+04
0.056234     0.000000e+00     0.000000e+00     0.000000e+00     1.127838e+04
0.057544     0.000000e+00     0.000000e+00     0.000000e+00     1.111257e+04
0.058884     0.000000e+00     0.000000e+00     0.000000e+00     1.094949e+04
0.060256     0.000000e+00     0.000000e+00     0.000000e+00     1.078741e+04
0.061660     0.000000e+00     0.000000e+00     0.000000e+00     1.062445e+04
0.063096     0.000000e+00     0.000000e+00     0.000000e+00     1.045859e+04
0.064565     0.000000e+00     0.000000e+00     0.000000e+00     1.028771e+04
0.066069     0.000000e+00     0.000000e+00     0.000000e+00     1.010969e+04
0.067608     0.000000e+00     0.000000e+00     0.000000e+00     9.922483e+03
0.069183     0.000000e+00     0.000000e+00     0.000000e+00     9.724209e+03
0.070795     0.000000e+00     0.000000e+00     0.000000e+00     9.513264e+03
0.072444     0.000000e+00     0.000000e+00     0.000000e+00     9.288472e+03
0.074131     0.000000e+00     0.000000e+00     0.000000e+00     9.049163e+03
0.075858     0.000000e+00     0.000000e+00     0.000000e+00     8.795305e+03
0.077625     0.000000e+00     0.000000e+00     0.000000e+00     8.527577e+03
0.079433     0.000000e+00     0.000000e+00     0.000000e+00     8.247422e+03
0.081283     0.000000e+00     0.000000e+00     0.000000e+00     7.957071e+03
0.083176     0.000000e+00     0.000000e+00     0.000000e+00     7.659471e+03
0.085114     0.000000e+00     0.000000e+00     0.000000e+00     7.358223e+03
0.087096     0.000000e+00     0.000000e+00     0.000000e+00     7.057393e+03
0.089125     0.000000e+00     0.000000e+00     0.000000e+00     6.761344e+03
0.091201     0.000000e+00     0.000000e+00     0.000000e+00     6.474486e+03
0.093325     0.000000e+00     0.000000e+00     0.000000e+00     6.201031e+03
0.095499     0.000000e+00     0.000000e+00     0.000000e+00     5.944733e+03
0.097724     0.000000e+00     0.000000e+00     0.000000e+00     5.708655e+03
0.100000     0.000000e+00     0.000000e+00     0.000000e+00     5.494951e+03
0.102329     0.000000e+00     0.000000e+00     0.000000e+00     5.304687e+03
0.104713     0.000000e+00     0.000000e+00     0.000000e+00     5.137748e+03
0.107152     0.000000e+00     0.000000e+00     0.000000e+00     4.992743e+03
0.109648     0.000000e+00     0.000000e+00     0.000000e+00     4.867030e+03
0.112202     0.000000e+00     0.000000e+00     0.000000e+00     4.756799e+03
0.114815     0.000000e+00     0.000000e+00     0.000000e+00     4.657241e+03
0.117490     0.000000e+00     0.000000e+00     0.000000e+00     4.562865e+03
0.120226     0.000000e+00     0.000000e+00     0.000000e+00     4.467903e+03
0.123027     0.000000e+00     0.000000e+00     0.000000e+00     4.366831e+03
0.125893     0.000000e+00     0.000000e+00     0.000000e+00     4.254962e+03
0.128825     0.000000e+00     0.000000e+00     0.000000e+00     4.129023e+03
0.131826     0.000000e+00     0.000000e+00     0.000000e+00     3.987656e+03
0.134896     0.000000e+00     0.000000e+00     0.000000e+00     3.831679e+03
0.138038     0.000000e+00     0.000000e+00     0.000000e+00     3.664090e+03
0.141254     0.000000e+00     0.000000e+00     0.000000e+00     3.489741e+03
0.144544     0.000000e+00     0.000000e+00     0.000000e+00     3.314703e+03
0.147911     0.000000e+00     0.000000e+00     0.000000e+00     3.145447e+03
0.151356     0.000000e+00     0.000000e+00     0.000000e+00     2.987946e+03
0.154882     0.000000e+00     0.000000e+00     0.000000e+00     2.846859e+03
0.158489     0.000000e+00     0.000000e+00     0.000000e+00     2.724892e+03
0.162181     0.000000e+00     0.000000e+00     0.000000e+00     2.622433e+03
0.165959     0.000000e+00     0.000000e+00     0.000000e+00     2.537483e+03
0.169824     0.000000e+00     0.000000e+00     0.000000e+00     2.465900e+03
0.173780     0.000000e+00     0.000000e+00     0.000000e+00     2.401988e+03
0.177828     0.000000e+00     0.000000e+00     0.000000e+00     2.339392e+03
0.181970     0.000000e+00     0.000000e+00     0.000000e+00     2.272238e+03
0.186209     0.000000e+00     0.000000e+00     0.000000e+00     2.196311e+03
0.190546     0.000000e+00     0.000000e+00     0.000000e+00     2.109992e+03
0.194984     0.000000e+00     0.000000e+00     0.000000e+00     2.014634e+03
0.199526     0.000000e+00     0.000000e+00     0.000000e+00     1.914218e+03
0.204174     0.000000e+00     0.000000e+00     0.000000e+00     1.814294e+03
0.208930     0.000000e+00     0.000000e+00     0.000000e+00     1.720542e+03
0.213796     0.000000e+00     0.000000e+00     0.000000e+00     1.637323e+03
0.218776     0.000000e+00     0.000000e+00     0.000000e+00     1.566626e+03
0.223872     0.000000e+00     0.000000e+00     0.000000e+00     1.507657e+03
0.229087     0.000000e+00     0.000000e+00     0.000000e+00     1.457141e+03
0.234423     0.000000e+00     0.000000e+00     0.000000e+00     1.410299e+03
0.239883     0.000000e+00     0.000000e+00     0.000000e+00     1.362306e+03
0.245471     0.000000e+00     0.000000e+00     0.000000e+00     1.309830e+03
0.251189     0.000000e+00     0.000000e+00     0.000000e+00     1.252110e+03
0.257040     0.000000e+00     0.000000e+00     0.000000e+00     1.191078e+03
0.263027     0.000000e+00     0.000000e+00     0.000000e+00     1.130439e+03
0.269153     0.000000e+00     0.000000e+00     0.000000e+00     1.074076e+03
0.275423     0.000000e+00     0.000000e+00     0.000000e+00     1.024474e+03
0.281838     0.000000e+00     0.000000e+00     0.000000e+00     9.818256e+02
0.288403     0.000000e+00     0.000000e+00     0.000000e+00     9.441272e+02
0.295121     0.000000e+00     0.000000e+00     0.000000e+00     9.082219e+02
0.301995     0.000000e+00     0.000000e+00     0.000000e+00     8.713292e+02
0.309030     0.000000e+00     0.000000e+00     0.000000e+00     8.323389e+02
0.316228     0.000000e+00     0.000000e+00     0.000000e+00     7.921870e+02
0.323594     0.000000e+00     0.000000e+00     0.000000e+00     7.530925e+02
0.331131     0.000000e+00     0.000000e+00     0.000000e+00     7.171456e+02
0.338844     0.000000e+00     0.000000e+00     0.000000e+00     6.851082e+02
0.346737     0.000000e+00     0.000000e+00     0.000000e+00     6.561215e+02
0.354813     0.000000e+00     0.000000e+00     0.000000e+00     6.284269e+02
0.363078     0.000000e+00     0.000000e+00     0.000000e+00     6.005849e+02
0.371535     0.000000e+00     0.000000e+00     0.000000e+00     5.723613e+02
0.380189     0.000000e+00     0.000000e+00     0.000000e+00     5.446649e+02
0.389045     0.000000e+00     0.000000e+00     0.000000e+00     5.186663e+02
0.398107     0.000000e+00     0.000000e+00     0.000000e+00     4.948423e+02
0.407380     0.000000e+00     0.000000e+00     0.000000e+00     4.727024e+02
0.416869     0.000000e+00     0.000000e+00     0.000000e+00     4.513363e+02
0.426580     0.000000e+00     0.000000e+00     0.000000e+00     4.302236e+02
0.436516     0.000000e+00     0.000000e+00     0.000000e+00     4.095754e+02
0.446684     0.000000e+00     0.000000e+00     0.000000e+00     3.899530e+02
0.457088     0.000000e+00     0.000000e+00     0.000000e+00     3.716314e+02
0.467735     0.000000e+00     0.000000e+00     0.000000e+00     3.543649e+02
0.478630     0.000000e+00     0.000000e+00     0.000000e+00     3.377236e+02
0.489779     0.000000e+00     0.000000e+00     0.000000e+00     3.215525e+02
0.501187     0.000000e+00     0.000000e+00     0.000000e+00     3.060352e+02
0.512861     0.000000e+00     0.000000e+00     0.000000e+00     2.913679e+02
0.524807     0.000000e+00     0.000000e+00     0.000000e+00     2.774942e+02
0.537032     0.000000e+00     0.000000e+00     0.000000e+00     2.642082e+02
0.549541     0.000000e+00     0.000000e+00     0.000000e+00     2.514176e+02
0.562341     0.000000e+00     0.000000e+00     0.000000e+00     2.391962e+02
0.575440     0.000000e+00     0.000000e+00     0.000000e+00     2.276043e+02
0.588844     0.000000e+00     0.000000e+00     0.000000e+00     2.165763e+02
0.602560     0.000000e+00     0.000000e+00     0.000000e+00     2.060178e+02
0.616595     0.000000e+00     0.000000e+00     0.000000e+00     1.959196e+02
0.630957     0.000000e+00     0.000000e+00     0.000000e+00     1.863138e+02
0.645654     0.000000e+00     0.000000e+00     0.000000e+00     1.771774e+02
0.660693     0.000000e+00     0.000000e+00     0.000000e+00     1.684532e+02
0.676083     0.000000e+00     0.000000e+00     0.000000e+00     1.601238e+02
0.691831     0.000000e+00     0.000000e+00     0.000000e+00     1.521988e+02
0.707946     0.000000e+00     0.000000e+00     0.000000e+00     1.446564e+02
0.724436     0.000000e+00     0.000000e+00     0.000000e+00     1.374606e+02
0.741310     0.000000e+00     0.000000e+00     0.000000e+00     1.306037e+02
0.758578     0.000000e+00     0.000000e+00     0.000000e+00     1.240828e+02
0.776247     0.000000e+00     0.000000e+00     0.000000e+00     1.178717e+02
0.794328     0.000000e+00     0.000000e+00     0.000000e+00     1.119523e+02
0.812831     0.000000e+00     0.000000e+00     0.000000e+00     1.063226e+02
0.831764     0.000000e+00     0.000000e+00     0.000000e+00     1.009655e+02
0.851138     0.000000e+00     0.000000e+00     0.000000e+00     9.586234e+01
0.870964     0.000000e+00     0.000000e+00     0.000000e+00     9.100988e+01
0.891251     0.000000e+00     0.000000e+00     0.000000e+00     8.639424e+01
0.912011     0.000000e+00     0.000000e+00     0.000000e+00     8.200000e+01
0.933254     0.000000e+00     0.000000e+00     0.000000e+00     7.782351e+01
0.954993     0.000000e+00     0.000000e+00     0.000000e+00     7.385097e+01
0.977237     0.000000e+00     0.000000e+00     0.000000e+00     7.007203e+01
1.000000     0.000000e+00     0.000000e+00     0.000000e+00     6.648158e+01
1.023293     0.000000e+00     0.000000e+00     0.000000e+00     6.306638e+01
1.047129     0.000000e+00     0.000000e+00     0.000000e+00     5.982110e+01
1.071519     0.000000e+00     0.000000e+00     0.000000e+00     5.673705e+01
1.096478     0.000000e+00     0.000000e+00     0.000000e+00     5.380534e+01
1.122018     0.000000e+00     0.000000e+00     0.000000e+00     5.102112e+01
1.148154     0.000000e+00     0.000000e+00     0.000000e+00     4.837467e+01
1.174898     0.000000e+00     0.000000e+00     0.000000e+00     4.586192e+01
1.202264     0.000000e+00     0.000000e+00     0.000000e+00     4.347437e+01
1.230269     0.000000e+00     0.000000e+00     0.000000e+00     4.120768e+01
1.258925     0.000000e+00     0.000000e+00     0.000000e+00     3.905469e+01
1.288250     0.000000e+00     0.000000e+00     0.000000e+00     3.701101e+01
1.318257     0.000000e+00     0.000000e+00     0.000000e+00     3.507038e+01
1.348963     0.000000e+00     0.000000e+00     0.000000e+00     3.322869e+01
1.380384     0.000000e+00     0.000000e+00     0.000000e+00     3.148023e+01
1.412538     0.000000e+00     0.000000e+00     0.000000e+00     2.982136e+01
1.445440     0.000000e+00     0.000000e+00     0.000000e+00     2.824681e+01
1.479108     0.000000e+00     0.000000e+00     0.000000e+00     2.675317e+01
1.513561     0.000000e+00     0.000000e+00     0.000000e+00     2.533598e+01
1.548817     0.000000e+00     0.000000e+00     0.000000e+00     2.399164e+01
1.584893     0.000000e+00     0.000000e+00     0.000000e+00     2.271665e+01
1.621810     0.000000e+00     0.000000e+00     0.000000e+00     2.150730e+01
1.659587     0.000000e+00     0.000000e+00     0.000000e+00     2.036060e+01
1.698244     0.000000e+00     0.000000e+00     0.000000e+00     1.927330e+01
1.737801     0.000000e+00     0.000000e+00     0.000000e+00     1.824235e+01
1.778279     0.000000e+00     0.000000e+00     0.000000e+00     1.726509e+01
1.819701     0.000000e+00     0.000000e+00     0.000000e+00     1.633877e+01
1.862087     0.000000e+00     0.000000e+00     0.000000e+00     1.546074e+01
1.905461     0.000000e+00     0.000000e+00     0.000000e+00     1.462864e+01
1.949845     0.000000e+00     0.000000e+00     0.000000e+00     1.384019e+01
1.995262     0.000000e+00     0.000000e+00     0.000000e+00     1.309310e+01
2.041738     0.000000e+00     0.000000e+00     0.000000e+00     1.238528e+01
2.089296     0.000000e+00     0.000000e+00     0.000000e+00     1.171474e+01
2.137962     0.000000e+00     0.000000e+00     0.000000e+00     1.107960e+01
2.187762     0.000000e+00     0.000000e+00     0.000000e+00     1.047804e+01
2.238721     0.000000e+00     0.000000e+00     0.000000e+00     9.908339e+00
2.290868     0.000000e+00     0.000000e+00     0.000000e+00     9.368850e+00
2.344229     0.000000e+00     0.000000e+00     0.000000e+00     8.858025e+00
2.398833     0.000000e+00     0.000000e+00     0.000000e+00     8.374385e+00
2.454709     0.000000e+00     0.000000e+00     0.000000e+00     7.916522e+00
2.511886     0.000000e+00     0.000000e+00     0.000000e+00     7.483112e+00
2.570396     0.000000e+00     0.000000e+00     0.000000e+00     7.072881e+00
2.630268     0.000000e+00     0.000000e+00     0.000000e+00     6.684625e+00
2.691535     0.000000e+00     0.000000e+00     0.000000e+00     6.317203e+00
2.754229     0.000000e+00     0.000000e+00     0.000000e+00     5.969523e+00
2.818383     0.000000e+00     0.000000e+00     0.000000e+00     5.640555e+00
2.884032     0.000000e+00     0.000000e+00     0.000000e+00     5.329319e+00
2.951209     0.000000e+00     0.000000e+00     0.000000e+00     5.034885e+00
3.019952     0.000000e+00     0.000000e+00     0.000000e+00     4.756372e+00
3.090295     0.000000e+00     0.000000e+00     0.000000e+00     4.492943e+00
3.162278     0.000000e+00     0.000000e+00     0.000000e+00     4.243797e+00
3.235937     0.000000e+00     0.000000e+00     0.000000e+00     4.008179e+00
3.311311     0.000000e+00     0.000000e+00     0.000000e+00     3.785374e+00
3.388442     0.000000e+00     0.000000e+00     0.000000e+00     3.574709e+00
3.467369     0.000000e+00     0.000000e+00     0.000000e+00     3.375529e+00
3.548134     0.000000e+00     0.000000e+00     0.000000e+00     3.187228e+00
3.630781     0.000000e+00     0.000000e+00     0.000000e+00     3.009227e+00
3.715352     0.000000e+00     0.000000e+00     0.000000e+00     2.840973e+00
3.801894     0.000000e+00     0.000000e+00     0.000000e+00     2.681949e+00
3.890451     0.000000e+00     0.000000e+00     0.000000e+00     2.531657e+00
3.981072     0.000000e+00     0.000000e+00     0.000000e+00     2.389629e+00
4.073803     0.000000e+00     0.000000e+00     0.000000e+00     2.255421e+00
4.168694     0.000000e+00     0.000000e+00     0.000000e+00     2.128612e+00
4.265795     0.000000e+00     0.000000e+00     0.000000e+00     2.008805e+00
4.365158     0.000000e+00     0.000000e+00     0.000000e+00     1.895619e+00
4.466836     0.000000e+00     0.000000e+00     0.000000e+00     1.788697e+00
4.570882     0.000000e+00     0.000000e+00     0.000000e+00     1.687701e+00
4.677351     0.000000e+00     0.000000e+00     0.000000e+00     1.592309e+00
4.786301     0.000000e+00     0.000000e+00     0.000000e+00     1.502215e+00
4.897788     0.000000e+00     0.000000e+00     0.000000e+00     1.417133e+00
5.011872     0.000000e+00     0.000000e+00     0.000000e+00     1.336787e+00
5.128614     0.000000e+00     0.000000e+00     0.000000e+00     1.260922e+00
5.248075     0.000000e+00     0.000000e+00     0.000000e+00     1.189291e+00
5.370318     0.000000e+00     0.000000e+00     0.000000e+00     1.121663e+00
5.495409     0.000000e+00     0.000000e+00     0.000000e+00     1.057819e+00
5.623413     0.000000e+00     0.000000e+00     0.000000e+00     9.975509e-01
5.754399     0.000000e+00     0.000000e+00     0.000000e+00     9.406623e-01
5.888437     0.000000e+00     0.000000e+00     0.000000e+00     8.869675e-01
6.025596     0.000000e+00     0.000000e+00     0.000000e+00     8.362903e-01
6.165950     0.000000e+00     0.000000e+00     0.000000e+00     7.884644e-01
6.309573     0.000000e+00     0.000000e+00     0.000000e+00     7.433321e-01
6.456542     0.000000e+00     0.000000e+00     0.000000e+00     7.007442e-01
6.606934     0.000000e+00     0.000000e+00     0.000000e+00     6.605606e-01
6.760830     0.000000e+00     0.000000e+00     0.000000e+00     6.226477e-01
6.918310     0.000000e+00     0.000000e+00     0.000000e+00     5.868788e-01
7.079458     0.000000e+00     0.000000e+00     0.000000e+00     5.531357e-01
7.244360     0.000000e+00     0.000000e+00     0.000000e+00     5.213045e-01
7.413102     0.000000e+00     0.000000e+00     0.000000e+00     4.912798e-01
7.585776     0.000000e+00     0.000000e+00     0.000000e+00     4.629603e-01
7.762471     0.000000e+00     0.000000e+00     0.000000e+00     4.362506e-01
7.943282     0.000000e+00     0.000000e+00     0.000000e+00     4.110609e-01
8.128305     0.000000e+00     0.000000e+00     0.000000e+00     3.873061e-01
8.317638     0.000000e+00     0.000000e+00     0.000000e+00     3.649058e-01
8.511380     0.000000e+00     0.000000e+00     0.000000e+00     3.437839e-01
8.709636     0.000000e+00     0.000000e+00     0.000000e+00     3.238686e-01
8.912509     0.000000e+00     0.000000e+00     0.000000e+00     3.050919e-01
9.120108     0.000000e+00     0.000000e+00     0.000000e+00     2.873901e-01
9.332543     0.000000e+00     0.000000e+00     0.000000e+00     2.707022e-01
9.549926     0.000000e+00     0.000000e+00     0.000000e+00     2.549712e-01
9.772372     0.000000e+00     0.000000e+00     0.000000e+00     2.401429e-01
10.000000     0.000000e+00     0.000000e+00     0.000000e+00     2.261664e-01
10.232930     0.000000e+00     0.000000e+00     0.000000e+00     2.129934e-01
10.471285     0.000000e+00     0.000000e+00     0.000000e+00     2.005785e-01
10.715193     0.000000e+00     0.000000e+00     0.000000e+00     1.888785e-01
10.964782     0.000000e+00     0.000000e+00     0.000000e+00     1.778529e-01
11.220185     0.000000e+00     0.000000e+00     0.000000e+00     1.674633e-01
11.481536     0.000000e+00     0.000000e+00     0.000000e+00     1.576737e-01
11.748976     0.000000e+00     0.000000e+00     0.000000e+00     1.484498e-01
12.022644     0.000000e+00     0.000000e+00     0.000000e+00     1.397593e-01
12.302688     0.000000e+00     0.000000e+00     0.000000e+00     1.315718e-01
12.589254     0.000000e+00     0.000000e+00     0.000000e+00     1.238587e-01
12.882496     0.000000e+00     0.000000e+00     0.000000e+00     1.165927e-01
13.182567     0.000000e+00     0.000000e+00     0.000000e+00     1.097483e-01
13.489629     0.000000e+00     0.000000e+00     0.000000e+00     1.033014e-01
13.803843     0.000000e+00     0.000000e+00     0.000000e+00     9.722908e-02
14.125375     0.000000e+00     0.000000e+00     0.000000e+00     9.150984e-02
14.454398     0.000000e+00     0.000000e+00     0.000000e+00     8.612360e-02
14.791084     0.000000e+00     0.000000e+00     0.000000e+00     8.105103e-02
15.135612     0.000000e+00     0.000000e+00     0.000000e+00     7.627417e-02
15.488166     0.000000e+00     0.000000e+00     0.000000e+00     7.177596e-02
15.848932     0.000000e+00     0.000000e+00     0.000000e+00     6.754032e-02
16.218101     0.000000e+00     0.000000e+00     0.000000e+00     6.355211e-02
16.595869     0.000000e+00     0.000000e+00     0.000000e+00     5.979709e-02
16.982437     0.000000e+00     0.000000e+00     0.000000e+00     5.626172e-02
17.378008     0.000000e+00     0.000000e+00     0.000000e+00     5.293335e-02
17.782794     0.000000e+00     0.000000e+00     0.000000e+00     4.979997e-02
18.197009     0.000000e+00     0.000000e+00     0.000000e+00     4.685030e-02
18.620871     0.000000e+00     0.000000e+00     0.000000e+00     4.407369e-02
19.054607     0.000000e+00     0.000000e+00     0.000000e+00     4.146007e-02
19.498446     0.000000e+00     0.000000e+00     0.000000e+00     3.900001e-02
19.952623     0.000000e+00     0.000000e+00     0.000000e+00     3.668458e-02
20.417379     0.000000e+00     0.000000e+00     0.000000e+00     3.450534e-02
20.892961     0.000000e+00     0.000000e+00     0.000000e+00     3.245438e-02
21.379621     0.000000e+00     0.000000e+00     0.000000e+00     3.052425e-02
21.877616     0.000000e+00     0.000000e+00     0.000000e+00     2.870787e-02
22.387211     0.000000e+00     0.000000e+00     0.000000e+00     2.699865e-02
22.908677     0.000000e+00     0.000000e+00     0.000000e+00     2.539028e-02
23.442288     0.000000e+00     0.000000e+00     0.000000e+00     2.387690e-02
23.988329     0.000000e+00     0.000000e+00     0.000000e+00     2.245296e-02
24.547089     0.000000e+00     0.000000e+00     0.000000e+00     2.111320e-02
25.118864     0.000000e+00     0.000000e+00     0.000000e+00     1.985272e-02
25.703958     0.000000e+00     0.000000e+00     0.000000e+00     1.866686e-02
26.302680     0.000000e+00     0.000000e+00     0.000000e+00     1.755124e-02
26.915348     0.000000e+00     0.000000e+00     0.000000e+00     1.650175e-02
27.542287     0.000000e+00     0.000000e+00     0.000000e+00     1.551451e-02
28.183829     0.000000e+00     0.000000e+00     0.000000e+00     1.458585e-02
28.840315     0.000000e+00     0.000000e+00     0.000000e+00     1.371234e-02
29.512092     0.000000e+00     0.000000e+00     0.000000e+00     1.289073e-02
30.199517     0.000000e+00     0.000000e+00     0.000000e+00     1.211795e-02
30.902954     0.000000e+00     0.000000e+00     0.000000e+00     1.139114e-02
31.622777     0.000000e+00     0.000000e+00     0.000000e+00     1.070759e-02
32.359366     0.000000e+00     0.000000e+00     0.000000e+00     1.006474e-02
33.113112     0.000000e+00     0.000000e+00     0.000000e+00     9.460189e-03
33.884416     0.000000e+00     0.000000e+00     0.000000e+00     8.891681e-03
34.673685     0.000000e+00     0.000000e+00     0.000000e+00     8.357082e-03
35.481339     0.000000e+00     0.000000e+00     0.000000e+00     7.854386e-03
36.307805     0.000000e+00     0.000000e+00     0.000000e+00     7.381704e-03
37.153523     0.000000e+00     0.000000e+00     0.000000e+00     6.937267e-03
38.018940     0.000000e+00     0.000000e+00     0.000000e+00     6.519390e-03
38.904514     0.000000e+00     0.000000e+00     0.000000e+00     6.126505e-03
39.810717     0.000000e+00     0.000000e+00     0.000000e+00     5.757130e-03
40.738028     0.000000e+00     0.000000e+00     0.000000e+00     5.409868e-03
41.686938     0.000000e+00     0.000000e+00     0.000000e+00     5.083407e-03
42.657952     0.000000e+00     0.000000e+00     0.000000e+00     4.776506e-03
43.651583     0.000000e+00     0.000000e+00     0.000000e+00     4.488010e-03
44.668359     0.000000e+00     0.000000e+00     0.000000e+00     4.216818e-03
45.708819     0.000000e+00     0.000000e+00     0.000000e+00     3.961905e-03
46.773514     0.000000e+00     0.000000e+00     0.000000e+00     3.722297e-03
47.863009     0.000000e+00     0.000000e+00     0.000000e+00     3.497084e-03
48.977882     0.000000e+00     0.000000e+00     0.000000e+00     3.285406e-03
50.118723     0.000000e+00     0.000000e+00     0.000000e+00     3.086457e-03
51.286138     0.000000e+00     0.000000e+00     0.000000e+00     2.899479e-03
52.480746     0.000000e+00     0.000000e+00     0.000000e+00     2.723755e-03
53.703180     0.000000e+00     0.000000e+00     0.000000e+00     2.558611e-03
54.954087     0.000000e+00     0.000000e+00     0.000000e+00     2.403418e-03
56.234133     0.000000e+00     0.000000e+00     0.000000e+00     2.257579e-03
57.543994     0.000000e+00     0.000000e+00     0.000000e+00     2.120533e-03
58.884366     0.000000e+00     0.000000e+00     0.000000e+00     1.991755e-03
60.255959     0.000000e+00     0.000000e+00     0.000000e+00     1.870751e-03
61.659500     0.000000e+00     0.000000e+00     0.000000e+00     1.757052e-03
63.095734     0.000000e+00     0.000000e+00     0.000000e+00     1.650222e-03
64.565423     0.000000e+00     0.000000e+00     0.000000e+00     1.549848e-03
66.069345     0.000000e+00     0.000000e+00     0.000000e+00     1.455544e-03
67.608298     0.000000e+00     0.000000e+00     0.000000e+00     1.366944e-03
69.183097     0.000000e+00     0.000000e+00     0.000000e+00     1.283704e-03
70.794578     0.000000e+00     0.000000e+00     0.000000e+00     1.205505e-03
72.443596     0.000000e+00     0.000000e+00     0.000000e+00     1.132042e-03
74.131024     0.000000e+00     0.000000e+00     0.000000e+00     1.063029e-03
75.857758     0.000000e+00     0.000000e+00     0.000000e+00     9.982004e-04
77.624712     0.000000e+00     0.000000e+00     0.000000e+00     9.373026e-04
79.432823     0.000000e+00     0.000000e+00     0.000000e+00     8.801000e-04
81.283052     0.000000e+00     0.000000e+00     0.000000e+00     8.263680e-04
83.176377     0.000000e+00     0.000000e+00     0.000000e+00     7.758987e-04
85.113804     0.000000e+00     0.000000e+00     0.000000e+00     7.284946e-04
87.096359     0.000000e+00     0.000000e+00     0.000000e+00     6.839717e-04
89.125094     0.000000e+00     0.000000e+00     0.000000e+00     6.421545e-04
91.201084     0.000000e+00     0.000000e+00     0.000000e+00     6.028806e-04
93.325430     0.000000e+00     0.000000e+00     0.000000e+00     5.659957e-04
95.499259     0.000000e+00     0.000000e+00     0.000000e+00     5.313555e-04
97.723722     0.000000e+00     0.000000e+00     0.000000e+00     4.988245e-04
100.000000     0.000000e+00     0.000000e+00     0.000000e+00     4.682747e-04
102.329299     0.000000e+00     0.000000e+00     0.000000e+00     4.395860e-04
104.712855     0.000000e+00     0.000000e+00     0.000000e+00     4.126460e-04
107.151931     0.000000e+00     0.000000e+00     0.000000e+00     3.873487e-04
109.647820     0.000000e+00     0.000000e+00     0.000000e+00     3.635946e-04
112.201845     0.000000e+00     0.000000e+00     0.000000e+00     3.412896e-04
114.815362     0.000000e+00     0.000000e+00     0.000000e+00     3.203461e-04
117.489755     0.000000e+00     0.000000e+00     0.000000e+00     3.006816e-04
120.226443     0.000000e+00     0.000000e+00     0.000000e+00     2.822183e-04
123.026877     0.000000e+00     0.000000e+00     0.000000e+00     2.648831e-04
125.892541     0.000000e+00     0.000000e+00     0.000000e+00     2.486076e-04
128.824955     0.000000e+00     0.000000e+00     0.000000e+00     2.333274e-04
131.825674     0.000000e+00     0.000000e+00     0.000000e+00     2.189817e-04
134.896288     0.000000e+00     0.000000e+00     0.000000e+00     2.055140e-04
138.038426     0.000000e+00     0.000000e+00     0.000000e+00     1.928705e-04
141.253754     0.000000e+00     0.000000e+00     0.000000e+00     1.810014e-04
144.543977     0.000000e+00     0.000000e+00     0.000000e+00     1.698593e-04
147.910839     0.000000e+00     0.000000e+00     0.000000e+00     1.593999e-04
151.356125     0.000000e+00     0.000000e+00     0.000000e+00     1.495816e-04
154.881662     0.000000e+00     0.000000e+00     0.000000e+00     1.403652e-04
158.489319     0.000000e+00     0.000000e+00     0.000000e+00     1.317142e-04
162.181010     0.000000e+00     0.000000e+00     0.000000e+00     1.235940e-04
165.958691     0.000000e+00     0.000000e+00     0.000000e+00     1.159722e-04
169.824365     0.000000e+00     0.000000e+00     0.000000e+00     1.088183e-04
173.780083     0.000000e+00     0.000000e+00     0.000000e+00     1.021038e-04
177.827941     0.000000e+00     0.000000e+00     0.000000e+00     9.580167e-05
181.970086     0.000000e+00     0.000000e+00     0.000000e+00     8.988695e-05
186.208714     0.000000e+00     0.000000e+00     0.000000e+00     8.433579e-05
190.546072     0.000000e+00     0.000000e+00     0.000000e+00     7.912604e-05
194.984460     0.000000e+00     0.000000e+00     0.000000e+00     7.423668e-05
199.526231     0.000000e+00     0.000000e+00     0.000000e+00     6.964820e-05
204.173794     0.000000e+00     0.000000e+00     0.000000e+00     6.534214e-05
208.929613     0.000000e+00     0.000000e+00     0.000000e+00     6.130117e-05
213.796209     0.000000e+00     0.000000e+00     0.000000e+00     5.750911e-05
218.776162     0.000000e+00     0.000000e+00     0.000000e+00     5.395062e-05
223.872114     0.000000e+00     0.000000e+00     0.000000e+00     5.061146e-05
229.086765     0.000000e+00     0.000000e+00     0.000000e+00     4.747811e-05
234.422882     0.000000e+00     0.000000e+00     0.000000e+00     4.453796e-05
239.883292     0.000000e+00     0.000000e+00     0.000000e+00     4.177916e-05
245.470892     0.000000e+00     0.000000e+00     0.000000e+00     3.919056e-05
251.188643     0.000000e+00     0.000000e+00     0.000000e+00     3.676170e-05
257.039578     0.000000e+00     0.000000e+00     0.000000e+00     3.448279e-05
263.026799     0.000000e+00     0.000000e+00     0.000000e+00     3.234463e-05
269.153480     0.000000e+00     0.000000e+00     0.000000e+00     3.033849e-05
275.422870     0.000000e+00     0.000000e+00     0.000000e+00     2.845632e-05
281.838293     0.000000e+00     0.000000e+00     0.000000e+00     2.669047e-05
288.403150     0.000000e+00     0.000000e+00     0.000000e+00     2.503378e-05
295.120923     0.000000e+00     0.000000e+00     0.000000e+00     2.347952e-05
301.995172     0.000000e+00     0.000000e+00     0.000000e+00     2.202141e-05
309.029543     0.000000e+00     0.000000e+00     0.000000e+00     2.065351e-05
316.227766     0.000000e+00     0.000000e+00     0.000000e+00     1.911524e-05
323.593657     0.000000e+00     0.000000e+00     0.000000e+00     1.792381e-05
331.131121     0.000000e+00     0.000000e+00     0.000000e+00     1.680638e-05
338.844156     0.000000e+00     0.000000e+00     0.000000e+00     1.575838e-05
346.736850     0.000000e+00     0.000000e+00     0.000000e+00     1.477551e-05
354.813389     0.000000e+00     0.000000e+00     0.000000e+00     1.385374e-05
363.078055     0.000000e+00     0.000000e+00     0.000000e+00     1.298928e-05
371.535229     0.000000e+00     0.000000e+00     0.000000e+00     1.217859e-05
380.189396     0.000000e+00     0.000000e+00     0.000000e+00     1.141833e-05
389.045145     0.000000e+00     0.000000e+00     0.000000e+00     1.070537e-05
398.107171     0.000000e+00     0.000000e+00     0.000000e+00     1.003679e-05
407.380278     0.000000e+00     0.000000e+00     0.000000e+00     9.409823e-06
416.869383     0.000000e+00     0.000000e+00     0.000000e+00     8.821898e-06
426.579519     0.000000e+00     0.000000e+00     0.000000e+00     8.270589e-06
436.515832     0.000000e+00     0.000000e+00     0.000000e+00     7.753624e-06
446.683592     0.000000e+00     0.000000e+00     0.000000e+00     7.268871e-06
457.088190     0.000000e+00     0.000000e+00     0.000000e+00     6.814329e-06
467.735141     0.000000e+00     0.000000e+00     0.000000e+00     6.388122e-06
478.630092     0.000000e+00     0.000000e+00     0.000000e+00     5.988491e-06
489.778819     0.000000e+00     0.000000e+00     0.000000e+00     5.613782e-06
501.187234     0.000000e+00     0.000000e+00     0.000000e+00     5.262448e-06
512.861384     0.000000e+00     0.000000e+00     0.000000e+00     4.933035e-06
524.807460     0.000000e+00     0.000000e+00     0.000000e+00     4.624179e-06
537.031796     0.000000e+00     0.000000e+00     0.000000e+00     4.334603e-06
549.540874     0.000000e+00     0.000000e+00     0.000000e+00     4.063106e-06
562.341325     0.000000e+00     0.000000e+00     0.000000e+00     3.808564e-06
575.439937     0.000000e+00     0.000000e+00     0.000000e+00     3.569921e-06
588.843655     0.000000e+00     0.000000e+00     0.000000e+00     3.346187e-06
602.559586     0.000000e+00     0.000000e+00     0.000000e+00     3.136433e-06
616.595002     0.000000e+00     0.000000e+00     0.000000e+00     2.939790e-06
630.957344     0.000000e+00     0.000000e+00     0.000000e+00     2.755440e-06
645.654229     0.000000e+00     0.000000e+00     0.000000e+00     2.582617e-06
660.693448     0.000000e+00     0.000000e+00     0.000000e+00     2.420602e-06
676.082975     0.000000e+00     0.000000e+00     0.000000e+00     2.268722e-06
691.830971     0.000000e+00     0.000000e+00     0.000000e+00     2.126345e-06
707.945784     0.000000e+00     0.000000e+00     0.000000e+00     1.992877e-06
724.435960     0.000000e+00     0.000000e+00     0.000000e+00     1.867764e-06
741.310241     0.000000e+00     0.000000e+00     0.000000e+00     1.750483e-06
758.577575     0.000000e+00     0.000000e+00     0.000000e+00     1.640547e-06
776.247117     0.000000e+00     0.000000e+00     0.000000e+00     1.537495e-06
794.328235     0.000000e+00     0.000000e+00     0.000000e+00     1.440899e-06
812.830516     0.000000e+00     0.000000e+00     0.000000e+00     1.350356e-06
831.763771     0.000000e+00     0.000000e+00     0.000000e+00     1.265486e-06
851.138038     0.000000e+00     0.000000e+00     0.000000e+00     1.185936e-06
870.963590     0.000000e+00     0.000000e+00     0.000000e+00     1.111373e-06
891.250938     0.000000e+00     0.000000e+00     0.000000e+00     1.041486e-06
912.010839     0.000000e+00     0.000000e+00     0.000000e+00     9.759817e-07
933.254301     0.000000e+00     0.000000e+00     0.000000e+00     9.145864e-07
954.992586     0.000000e+00     0.000000e+00     0.000000e+00     8.570431e-07
977.237221     0.000000e+00     0.000000e+00     0.000000e+00     8.031108e-07
1000.000000     0.000000e+00     0.000000e+00     0.000000e+00     7.525636e-07
